2019/05/03-14:26:30 PIA.exe 系統啟動.
2019/05/03-14:26:33 PIA.exe 系統結束.
2019/05/03-14:26:59 Pia.exe 系統啟動.
2019/05/03-14:27:46 Pia.exe 使用者登入, 資料年度:107, 統一編號:24709969, 營利事業單位名稱:交大天使投資顧問股份有限公司
2019/05/03-14:27:46 Pia.exe 執行版次:  - 第  
2019/05/03-14:31:45 Pia.exe 執行作業:第1頁損益表/第2頁基本稅額申報表 [OtherBase]
2019/05/03-14:34:13 Pia.exe 執行作業:第1頁損益表/第2頁基本稅額申報表 [OtherBase]
2019/05/03-14:34:21 Pia.exe 執行作業:第1頁損益表/第2頁基本稅額申報表 [OtherBase]
2019/05/03-14:41:07 Pia.exe 執行作業:第1頁損益表/第2頁基本稅額申報表 [OtherBase]
2019/05/03-14:41:16 Pia.exe 執行作業:第1頁損益表/第2頁基本稅額申報表 [OtherBase]
2019/05/03-14:41:20 Pia.exe 執行作業:第3頁資產負債表 [SingleBase]
2019/05/03-14:45:13 Pia.exe 執行作業:第4頁營業成本明細表 [SingleBase]
2019/05/03-14:45:56 Pia.exe 執行作業:第5頁其他費用明細表 [MultiBase]
2019/05/03-14:46:51 Pia.exe 執行作業:第6/7頁列支限額之項目標準計算表 [SingleBase]
2019/05/03-14:48:56 Pia.exe 執行作業:第8頁各類給付扣繳稅款與申報金額調節表/第8頁各類收益扣繳稅款與申報金額調節表 [OtherBase]
2019/05/03-14:53:55 Pia.exe 執行作業:第9頁投資人明細及分配盈餘表 [OtherBase]
2019/05/03-14:54:27 Pia.exe 執行作業:第10頁盈餘分配表或盈虧撥補表 [SingleBase]
2019/05/03-14:59:10 Pia.exe 執行作業:第11頁未分配盈餘申報書 [SingleBase]
2019/05/03-15:01:19 Pia.exe 執行作業:第13頁直接劃撥退稅同意書 [SingleBase]
2019/05/03-15:02:20 Pia.exe 執行作業:第C5頁各年度未分配盈餘加徵10%營利事業所得稅之餘額計算明細表 [SingleBase]
2019/05/03-15:05:10 Pia.exe 執行作業:第8頁各類給付扣繳稅款與申報金額調節表/第8頁各類收益扣繳稅款與申報金額調節表 [OtherBase]
2019/05/03-15:08:08 Pia.exe 執行作業:第1頁損益表/第2頁基本稅額申報表 [OtherBase]
2019/05/03-15:25:30 Pia.exe 執行作業:第3頁資產負債表 [SingleBase]
2019/05/03-15:31:58 Pia.exe 使用者登入, 資料年度:107, 統一編號:54294333, 營利事業單位名稱:星達管理顧問股份有限公司
2019/05/03-15:31:58 Pia.exe 執行版次:  - 第  
2019/05/03-15:39:41 Pia.exe 執行作業:第1頁損益表/第2頁基本稅額申報表 [OtherBase]
2019/05/03-15:45:10 Pia.exe 執行作業:第1頁損益表/第2頁基本稅額申報表 [OtherBase]
2019/05/03-15:45:20 Pia.exe 執行作業:第3頁資產負債表 [SingleBase]
2019/05/03-15:49:24 Pia.exe 執行作業:第4頁營業成本明細表 [SingleBase]
2019/05/03-15:49:30 Pia.exe 執行作業:第5頁其他費用明細表 [MultiBase]
2019/05/03-15:50:45 Pia.exe 執行作業:第6/7頁列支限額之項目標準計算表 [SingleBase]
2019/05/03-15:53:58 Pia.exe 執行作業:第8頁各類給付扣繳稅款與申報金額調節表/第8頁各類收益扣繳稅款與申報金額調節表 [OtherBase]
2019/05/03-15:56:25 Pia.exe 執行作業:第9頁投資人明細及分配盈餘表 [OtherBase]
2019/05/03-16:03:25 Pia.exe 系統錯誤:No mapping for the Unicode character exists in the target multi-byte code page
2019/05/03-16:07:46 Pia.exe 執行作業:第10頁盈餘分配表或盈虧撥補表 [SingleBase]
2019/05/03-16:15:51 Pia.exe 執行作業:第10頁盈餘分配表或盈虧撥補表 [SingleBase]
2019/05/03-16:16:11 Pia.exe 執行作業:第10頁盈餘分配表或盈虧撥補表 [SingleBase]
2019/05/03-16:17:39 Pia.exe 執行作業:第11頁未分配盈餘申報書 [SingleBase]
2019/05/03-16:18:57 Pia.exe 執行作業:第10頁盈餘分配表或盈虧撥補表 [SingleBase]
2019/05/03-16:19:05 Pia.exe 執行作業:第11頁未分配盈餘申報書 [SingleBase]
2019/05/03-16:20:56 Pia.exe 執行作業:第1頁損益表/第2頁基本稅額申報表 [OtherBase]
2019/05/03-16:21:31 Pia.exe 執行作業:第9頁投資人明細及分配盈餘表 [OtherBase]
2019/05/03-16:22:36 Pia.exe 執行作業:第11頁未分配盈餘申報書 [SingleBase]
2019/05/03-16:22:38 Pia.exe 執行作業:第4頁營業成本明細表 [SingleBase]
2019/05/03-16:24:38 Pia.exe 系統結束.
2019/05/03-16:27:38 PIA.exe 系統啟動.
2019/05/03-16:27:41 PIA.exe 系統結束.
2019/05/03-16:27:46 Pia.exe 系統啟動.
2019/05/03-16:28:54 Pia.exe 使用者登入, 資料年度:107, 統一編號:42735258, 營利事業單位名稱:星達壹投資股份有限公司
2019/05/03-16:28:54 Pia.exe 執行版次:  - 第  
2019/05/03-16:33:20 Pia.exe 執行作業:第1頁損益表/第2頁基本稅額申報表 [OtherBase]
2019/05/03-16:34:51 Pia.exe 執行作業:第1頁損益表/第2頁基本稅額申報表 [OtherBase]
2019/05/03-16:35:05 Pia.exe 執行作業:第3頁資產負債表 [SingleBase]
2019/05/03-16:37:51 Pia.exe 執行作業:第4頁營業成本明細表 [SingleBase]
2019/05/03-16:37:56 Pia.exe 執行作業:第5頁其他費用明細表 [MultiBase]
2019/05/03-16:38:40 Pia.exe 執行作業:第5頁製造費用明細表 [SingleBase]
2019/05/03-16:38:46 Pia.exe 執行作業:第5頁研究發展費 [SingleBase]
2019/05/03-16:38:51 Pia.exe 執行作業:第6/7頁列支限額之項目標準計算表 [SingleBase]
2019/05/03-16:38:59 Pia.exe 執行作業:第8頁各類給付扣繳稅款與申報金額調節表/第8頁各類收益扣繳稅款與申報金額調節表 [OtherBase]
2019/05/03-16:40:08 Pia.exe 執行作業:第9頁投資人明細及分配盈餘表 [OtherBase]
2019/05/03-16:48:18 Pia.exe 執行作業:第10頁盈餘分配表或盈虧撥補表 [SingleBase]
2019/05/03-16:48:35 Pia.exe 執行作業:第11頁未分配盈餘申報書 [SingleBase]
2019/05/03-16:50:42 Pia.exe 執行作業:第8頁各類給付扣繳稅款與申報金額調節表/第8頁各類收益扣繳稅款與申報金額調節表 [OtherBase]
2019/05/03-16:51:22 Pia.exe 執行作業:第10頁盈餘分配表或盈虧撥補表 [SingleBase]
2019/05/03-16:51:36 Pia.exe 執行作業:第9頁投資人明細及分配盈餘表 [OtherBase]
2019/05/03-16:52:55 Pia.exe 執行作業:第11頁未分配盈餘申報書 [SingleBase]
2019/05/03-16:53:01 Pia.exe 執行作業:第10頁盈餘分配表或盈虧撥補表 [SingleBase]
2019/05/03-16:58:29 Pia.exe 使用者登入, 資料年度:107, 統一編號:50969546, 營利事業單位名稱:星達貳投資股份有限公司
2019/05/03-17:02:42 Pia.exe 執行作業:第1頁損益表/第2頁基本稅額申報表 [OtherBase]
2019/05/03-17:04:06 Pia.exe 執行作業:第1頁損益表/第2頁基本稅額申報表 [OtherBase]
2019/05/03-17:04:24 Pia.exe 執行作業:第3頁資產負債表 [SingleBase]
2019/05/03-17:07:06 Pia.exe 執行作業:第4頁營業成本明細表 [SingleBase]
2019/05/03-17:07:18 Pia.exe 執行作業:第5頁其他費用明細表 [MultiBase]
2019/05/03-17:07:47 Pia.exe 執行作業:第5頁製造費用明細表 [SingleBase]
2019/05/03-17:07:51 Pia.exe 執行作業:第5頁研究發展費 [SingleBase]
2019/05/03-17:07:56 Pia.exe 執行作業:第6/7頁列支限額之項目標準計算表 [SingleBase]
2019/05/03-17:08:05 Pia.exe 執行作業:第8頁各類給付扣繳稅款與申報金額調節表/第8頁各類收益扣繳稅款與申報金額調節表 [OtherBase]
2019/05/03-17:09:05 Pia.exe 執行作業:第9頁投資人明細及分配盈餘表 [OtherBase]
2019/05/03-17:12:17 Pia.exe 系統結束.
2020/05/04-13:24:41 PIA.exe 系統啟動.
2020/05/04-13:24:41 PIA.exe Got Version info :109.01,0630 
2020/05/04-13:24:44 PIA.exe 系統結束.
2020/05/04-13:24:58 Pia.exe 系統啟動.
2020/05/04-13:24:58 Pia.exe Got Version info :109.01,0630 
2020/05/04-13:25:23 Pia.exe 使用者登入, 資料年度:108, 統一編號:24709969, 營利事業單位名稱:交大天使投資顧問股份有限公司
2020/05/04-13:50:52 Pia.exe 執行作業:第1頁損益表/第2頁基本稅額申報表 [OtherBase]
2020/05/04-13:58:56 Pia.exe 執行作業:第1頁損益表/第2頁基本稅額申報表 [OtherBase]
2020/05/04-13:59:00 Pia.exe 執行作業:第3頁資產負債表 [SingleBase]
2020/05/04-14:02:37 Pia.exe 執行作業:第4頁營業成本明細表 [SingleBase]
2020/05/04-14:02:45 Pia.exe 執行作業:第5頁其他費用明細表 [MultiBase]
2020/05/04-14:03:04 Pia.exe 執行作業:第5頁製造費用明細表 [SingleBase]
2020/05/04-14:03:10 Pia.exe 執行作業:第5頁其他費用明細表 [MultiBase]
2020/05/04-14:03:14 Pia.exe 執行作業:第4頁營業成本明細表 [SingleBase]
2020/05/04-14:03:20 Pia.exe 執行作業:第5頁研究發展費 [SingleBase]
2020/05/04-14:03:27 Pia.exe 執行作業:第6/7頁列支限額之項目標準計算表 [SingleBase]
2020/05/04-14:05:14 Pia.exe 執行作業:第8頁各類給付扣繳稅款與申報金額調節表/第8頁各類收益扣繳稅款與申報金額調節表 [OtherBase]
2020/05/04-14:08:25 Pia.exe 執行作業:第1頁損益表/第2頁基本稅額申報表 [OtherBase]
2020/05/04-14:08:53 Pia.exe 執行作業:第8頁各類給付扣繳稅款與申報金額調節表/第8頁各類收益扣繳稅款與申報金額調節表 [OtherBase]
2020/05/04-14:14:22 Pia.exe 執行作業:第9頁投資人明細及分配盈餘表 [OtherBase]
2020/05/04-14:15:06 Pia.exe 執行作業:第10頁盈餘分配表或盈虧撥補表 [SingleBase]
2020/05/04-14:16:42 Pia.exe 執行作業:第10頁盈餘分配表或盈虧撥補表 [SingleBase]
2020/05/04-14:19:06 Pia.exe 執行作業:第11頁未分配盈餘申報書 [SingleBase]
2020/05/04-14:19:58 Pia.exe 執行作業:第13頁直接劃撥退稅同意書 [SingleBase]
2020/05/04-14:22:37 Pia.exe 執行作業:第1頁損益表/第2頁基本稅額申報表 [OtherBase]
2020/05/04-14:24:24 Pia.exe 執行作業:第1頁損益表/第2頁基本稅額申報表 [OtherBase]
2020/05/04-14:25:03 Pia.exe 執行作業:第9頁投資人明細及分配盈餘表 [OtherBase]
2020/05/04-14:25:49 Pia.exe 執行作業:第9頁投資人明細及分配盈餘表 [OtherBase]
2020/05/04-14:39:09 Pia.exe 系統結束.
2020/05/04-14:39:32 PIA.exe 系統啟動.
2020/05/04-14:39:33 PIA.exe Got Version info :109.01,0630 
2020/05/04-14:39:36 PIA.exe 系統結束.
2020/05/04-14:39:44 Pia.exe 系統啟動.
2020/05/04-14:39:44 Pia.exe Got Version info :109.01,0630 
2020/05/04-14:40:02 Pia.exe 使用者登入, 資料年度:108, 統一編號:54294333, 營利事業單位名稱:星達管理顧問股份有限公司
2020/05/04-14:45:56 Pia.exe 執行作業:第1頁損益表/第2頁基本稅額申報表 [OtherBase]
2020/05/04-14:53:10 Pia.exe 執行作業:第1頁損益表/第2頁基本稅額申報表 [OtherBase]
2020/05/04-14:53:14 Pia.exe 執行作業:第3頁資產負債表 [SingleBase]
2020/05/04-14:55:34 Pia.exe 執行作業:第5頁其他費用明細表 [MultiBase]
2020/05/04-14:56:42 Pia.exe 執行作業:第6/7頁列支限額之項目標準計算表 [SingleBase]
2020/05/04-14:58:49 Pia.exe 執行作業:第1頁損益表/第2頁基本稅額申報表 [OtherBase]
2020/05/04-14:59:33 Pia.exe 執行作業:第8頁各類給付扣繳稅款與申報金額調節表/第8頁各類收益扣繳稅款與申報金額調節表 [OtherBase]
2020/05/04-15:05:22 Pia.exe 執行作業:第9頁投資人明細及分配盈餘表 [OtherBase]
2020/05/04-15:05:28 Pia.exe 執行作業:第10頁盈餘分配表或盈虧撥補表 [SingleBase]
2020/05/04-15:06:41 Pia.exe 執行作業:第11頁未分配盈餘申報書 [SingleBase]
2020/05/04-15:08:37 Pia.exe 執行作業:第4頁營業成本明細表 [SingleBase]
2020/05/04-15:18:14 Pia.exe 使用者登入, 資料年度:108, 統一編號:50969546, 營利事業單位名稱:星達貳投資股份有限公司
2020/05/04-15:19:25 Pia.exe 執行作業:第1頁損益表/第2頁基本稅額申報表 [OtherBase]
2020/05/04-15:20:49 Pia.exe 執行作業:第1頁損益表/第2頁基本稅額申報表 [OtherBase]
2020/05/04-15:20:53 Pia.exe 執行作業:第3頁資產負債表 [SingleBase]
2020/05/04-15:23:50 Pia.exe 執行作業:第4頁營業成本明細表 [SingleBase]
2020/05/04-15:23:54 Pia.exe 執行作業:第5頁其他費用明細表 [MultiBase]
2020/05/04-15:24:32 Pia.exe 執行作業:第5頁製造費用明細表 [SingleBase]
2020/05/04-15:24:40 Pia.exe 執行作業:第6/7頁列支限額之項目標準計算表 [SingleBase]
2020/05/04-15:25:23 Pia.exe 執行作業:第8頁各類給付扣繳稅款與申報金額調節表/第8頁各類收益扣繳稅款與申報金額調節表 [OtherBase]
2020/05/04-15:31:46 Pia.exe 執行作業:第9頁投資人明細及分配盈餘表 [OtherBase]
2020/05/04-15:41:38 Pia.exe 執行作業:第9頁投資人明細及分配盈餘表 [OtherBase]
2020/05/04-15:42:42 Pia.exe 執行作業:第C4頁股東股份股票轉讓通報表 [OtherBase]
2020/05/04-15:43:14 Pia.exe 執行作業:第C4頁股東股份股票轉讓通報表 [OtherBase]
2020/05/04-15:48:38 Pia.exe 執行作業:第9頁投資人明細及分配盈餘表 [OtherBase]
2020/05/04-15:51:44 Pia.exe 執行作業:第C4頁股東股份股票轉讓通報表 [OtherBase]
2020/05/04-15:53:04 Pia.exe 執行作業:第C4頁股東股份股票轉讓通報表 [OtherBase]
2020/05/04-15:55:14 Pia.exe 執行作業:第10頁盈餘分配表或盈虧撥補表 [SingleBase]
2020/05/04-15:56:19 Pia.exe 執行作業:第11頁未分配盈餘申報書 [SingleBase]
2020/05/04-16:04:28 Pia.exe 使用者登入, 資料年度:108, 統一編號:42735258, 營利事業單位名稱:星達壹投資股份有限公司
2020/05/04-16:08:24 Pia.exe 執行作業:第1頁損益表/第2頁基本稅額申報表 [OtherBase]
2020/05/04-16:13:44 Pia.exe 執行作業:第1頁損益表/第2頁基本稅額申報表 [OtherBase]
2020/05/04-16:43:19 Pia.exe 執行作業:第3頁資產負債表 [SingleBase]
2020/05/04-16:45:50 Pia.exe 執行作業:第4頁營業成本明細表 [SingleBase]
2020/05/04-16:45:55 Pia.exe 執行作業:第5頁其他費用明細表 [MultiBase]
2020/05/04-16:46:24 Pia.exe 執行作業:第6/7頁列支限額之項目標準計算表 [SingleBase]
2020/05/04-16:47:12 Pia.exe 執行作業:第8頁各類給付扣繳稅款與申報金額調節表/第8頁各類收益扣繳稅款與申報金額調節表 [OtherBase]
2020/05/04-16:49:05 Pia.exe 執行作業:第9頁投資人明細及分配盈餘表 [OtherBase]
2020/05/04-16:56:27 Pia.exe 執行作業:第C4頁股東股份股票轉讓通報表 [OtherBase]
2020/05/04-17:01:19 Pia.exe 執行作業:第10頁盈餘分配表或盈虧撥補表 [SingleBase]
2020/05/04-17:02:55 Pia.exe 執行作業:第11頁未分配盈餘申報書 [SingleBase]
2020/05/04-17:05:01 Pia.exe 執行作業:第3頁資產負債表 [SingleBase]
2020/05/04-17:06:07 Pia.exe 執行作業:第11頁未分配盈餘申報書 [SingleBase]
2020/05/04-17:06:14 Pia.exe 執行作業:第10頁盈餘分配表或盈虧撥補表 [SingleBase]
2020/05/04-17:12:32 Pia.exe 使用者登入, 資料年度:108, 統一編號:24709969, 營利事業單位名稱:交大天使投資顧問股份有限公司
2020/05/04-17:12:41 Pia.exe 執行作業:第8頁各類給付扣繳稅款與申報金額調節表/第8頁各類收益扣繳稅款與申報金額調節表 [OtherBase]
2020/05/04-17:33:55 Pia.exe 系統結束.
2021/04/22-13:42:48 PIA.exe 系統啟動.
2021/04/22-13:42:51 PIA.exe Got Version info :110.01,0531 
2021/04/22-13:42:51 PIA.exe 系統結束.
2021/04/22-13:43:01 Pia.exe 系統啟動.
2021/04/22-13:43:01 Pia.exe Got Version info :110.01,0531 
2021/04/22-13:43:34 Pia.exe 系統結束.
2021/05/04-12:10:19 PIA.exe 系統啟動.
2021/05/04-12:10:21 PIA.exe Got Version info :110.02,0531 
2021/05/04-12:10:21 PIA.exe 系統結束.
2021/05/04-12:10:26 Pia.exe 系統啟動.
2021/05/04-12:10:27 Pia.exe Got Version info :110.02,0531 
2021/05/04-12:10:45 Pia.exe 使用者登入, 資料年度:109, 統一編號:54294333, 營利事業單位名稱:星達管理顧問股份有限公司
2021/05/04-12:12:29 Pia.exe 系統結束.
2021/05/04-14:44:22 PIA.exe 系統啟動.
2021/05/04-14:44:23 PIA.exe Got Version info :110.02,0531 
2021/05/04-14:44:25 PIA.exe 系統結束.
2021/05/04-14:45:04 Pia.exe 系統啟動.
2021/05/04-14:45:05 Pia.exe Got Version info :110.02,0531 
2021/05/04-14:45:35 PIA.exe 系統啟動.
2021/05/04-14:45:38 PIA.exe 系統結束.
2021/05/04-14:45:46 Pia.exe 使用者登入, 資料年度:109, 統一編號:54294333, 營利事業單位名稱:星達管理顧問股份有限公司
2021/05/04-14:49:48 Pia.exe 執行作業:第1頁損益表/第2頁基本稅額申報表 [OtherBase]
2021/05/04-14:50:47 Pia.exe 執行作業:第1頁損益表/第2頁基本稅額申報表 [OtherBase]
2021/05/04-14:51:00 Pia.exe 執行作業:第1頁損益表/第2頁基本稅額申報表 [OtherBase]
2021/05/04-14:53:03 Pia.exe 執行作業:第5頁其他費用明細表 [MultiBase]
2021/05/04-15:02:34 Pia.exe 執行作業:第1頁損益表/第2頁基本稅額申報表 [OtherBase]
2021/05/04-15:02:37 Pia.exe 執行作業:第3頁資產負債表 [SingleBase]
2021/05/04-15:05:26 Pia.exe 執行作業:第5頁其他費用明細表 [MultiBase]
2021/05/04-15:05:34 Pia.exe 執行作業:第6/7頁列支限額之項目標準計算表 [SingleBase]
2021/05/04-15:08:35 Pia.exe 執行作業:第1頁損益表/第2頁基本稅額申報表 [OtherBase]
2021/05/04-15:09:08 Pia.exe 執行作業:第8頁各類給付扣繳稅款與申報金額調節表/第8頁各類收益扣繳稅款與申報金額調節表 [OtherBase]
2021/05/04-15:09:12 Pia.exe 執行作業:第6/7頁列支限額之項目標準計算表 [SingleBase]
2021/05/04-15:09:18 Pia.exe 執行作業:第8頁各類給付扣繳稅款與申報金額調節表/第8頁各類收益扣繳稅款與申報金額調節表 [OtherBase]
2021/05/04-15:14:36 Pia.exe 執行作業:第9頁投資人明細及分配盈餘表 [OtherBase]
2021/05/04-15:15:52 Pia.exe 執行作業:第10頁盈餘分配表或盈虧撥補表 [SingleBase]
2021/05/04-15:20:29 Pia.exe 執行作業:第11頁未分配盈餘申報書 [SingleBase]
2021/05/04-15:21:16 Pia.exe 執行作業:第10頁盈餘分配表或盈虧撥補表 [SingleBase]
2021/05/04-15:21:23 Pia.exe 執行作業:第11頁未分配盈餘申報書 [SingleBase]
2021/05/04-15:22:37 Pia.exe 執行作業:第13頁直接劃撥退稅同意書 [SingleBase]
2021/05/04-15:23:04 Pia.exe 執行作業:第C1頁房屋、土地及股權之收入、成本、費用、損失明細表 [OtherBase]
2021/05/04-15:23:13 Pia.exe 執行作業:第C3頁財產目錄 [MultiBase]
2021/05/04-15:25:31 Pia.exe 執行作業:第4頁營業成本明細表 [SingleBase]
2021/05/04-15:25:45 Pia.exe 執行作業:第3頁資產負債表 [SingleBase]
2021/05/04-16:33:26 PIA.exe 系統啟動.
2021/05/04-16:33:28 PIA.exe 系統結束.
2021/05/04-16:35:48 Pia.exe 使用者登入, 資料年度:109, 統一編號:83166060, 營利事業單位名稱:銘璽股份有限公司
2021/05/04-16:40:42 Pia.exe 執行作業:第1頁損益表/第2頁基本稅額申報表 [OtherBase]
2021/05/04-16:41:33 Pia.exe 系統結束.
2021/05/04-16:42:09 PIA.exe 系統啟動.
2021/05/04-16:42:10 PIA.exe Got Version info :110.02,0531 
2021/05/04-16:42:12 PIA.exe 系統結束.
2021/05/04-16:42:19 Pia.exe 系統啟動.
2021/05/04-16:42:19 Pia.exe Got Version info :110.02,0531 
2021/05/04-16:42:35 Pia.exe 使用者登入, 資料年度:109, 統一編號:24709969, 營利事業單位名稱:交大天使投資顧問股份有限公司
2021/05/04-16:45:43 Pia.exe 執行作業:第1頁損益表/第2頁基本稅額申報表 [OtherBase]
2021/05/04-16:51:18 Pia.exe 執行作業:第3頁資產負債表 [SingleBase]
2021/05/04-16:56:32 Pia.exe 執行作業:第1頁損益表/第2頁基本稅額申報表 [OtherBase]
2021/05/04-16:59:11 Pia.exe 執行作業:第4頁營業成本明細表 [SingleBase]
2021/05/04-16:59:18 Pia.exe 執行作業:第5頁其他費用明細表 [MultiBase]
2021/05/04-16:59:40 Pia.exe 執行作業:第5頁製造費用明細表 [SingleBase]
2021/05/04-16:59:44 Pia.exe 執行作業:第6/7頁列支限額之項目標準計算表 [SingleBase]
2021/05/04-17:00:42 Pia.exe 執行作業:第8頁各類給付扣繳稅款與申報金額調節表/第8頁各類收益扣繳稅款與申報金額調節表 [OtherBase]
2021/05/04-17:05:46 Pia.exe 執行作業:第9頁投資人明細及分配盈餘表 [OtherBase]
2021/05/04-17:06:05 Pia.exe 執行作業:第10頁盈餘分配表或盈虧撥補表 [SingleBase]
2021/05/04-17:09:10 Pia.exe 執行作業:第11頁未分配盈餘申報書 [SingleBase]
2021/05/04-17:19:12 Pia.exe 系統結束.
2021/05/06-13:36:47 PIA.exe 系統啟動.
2021/05/06-13:36:47 PIA.exe Got Version info :110.02,0531 
2021/05/06-13:36:48 PIA.exe 系統結束.
2021/05/06-13:36:53 Pia.exe 系統啟動.
2021/05/06-13:36:54 Pia.exe Got Version info :110.02,0531 
2021/05/06-13:37:08 Pia.exe 使用者登入, 資料年度:109, 統一編號:83166060, 營利事業單位名稱:銘璽股份有限公司
2021/05/06-13:38:40 Pia.exe 執行作業:第1頁損益表/第2頁基本稅額申報表 [OtherBase]
2021/05/06-13:39:38 Pia.exe 執行作業:第1頁損益表/第2頁基本稅額申報表 [OtherBase]
2021/05/06-13:40:51 Pia.exe 執行作業:第5頁其他費用明細表 [MultiBase]
2021/05/06-13:41:42 Pia.exe 執行作業:第5頁其他費用明細表 [MultiBase]
2021/05/06-13:42:45 Pia.exe 執行作業:第1頁損益表/第2頁基本稅額申報表 [OtherBase]
2021/05/06-13:42:54 Pia.exe 執行作業:第3頁資產負債表 [SingleBase]
2021/05/06-13:44:50 Pia.exe 執行作業:第4頁營業成本明細表 [SingleBase]
2021/05/06-13:44:55 Pia.exe 執行作業:第5頁其他費用明細表 [MultiBase]
2021/05/06-13:45:02 Pia.exe 執行作業:第6/7頁列支限額之項目標準計算表 [SingleBase]
2021/05/06-13:46:33 Pia.exe 執行作業:第1頁損益表/第2頁基本稅額申報表 [OtherBase]
2021/05/06-13:46:57 Pia.exe 執行作業:第8頁各類給付扣繳稅款與申報金額調節表/第8頁各類收益扣繳稅款與申報金額調節表 [OtherBase]
2021/05/06-13:49:06 Pia.exe 執行作業:第9頁投資人明細及分配盈餘表 [OtherBase]
2021/05/06-13:56:45 Pia.exe 執行作業:第10頁盈餘分配表或盈虧撥補表 [SingleBase]
2021/05/06-13:56:53 Pia.exe 執行作業:第11頁未分配盈餘申報書 [SingleBase]
2021/05/06-13:58:57 Pia.exe 執行作業:第10頁盈餘分配表或盈虧撥補表 [SingleBase]
2021/05/06-14:12:13 Pia.exe 系統結束.
2021/05/06-14:42:35 PIA.exe 系統啟動.
2021/05/06-14:42:35 PIA.exe Got Version info :110.02,0531 
2021/05/06-14:42:36 PIA.exe 系統結束.
2021/05/06-14:42:40 Pia.exe 系統啟動.
2021/05/06-14:42:40 Pia.exe Got Version info :110.02,0531 
2021/05/06-14:43:03 Pia.exe 使用者登入, 資料年度:109, 統一編號:42735258, 營利事業單位名稱:星達壹投資股份有限公司
2021/05/06-14:45:34 Pia.exe 執行作業:第1頁損益表/第2頁基本稅額申報表 [OtherBase]
2021/05/06-14:46:23 Pia.exe 執行作業:第5頁其他費用明細表 [MultiBase]
2021/05/06-14:48:24 Pia.exe 執行作業:第1頁損益表/第2頁基本稅額申報表 [OtherBase]
2021/05/06-14:48:29 Pia.exe 執行作業:第3頁資產負債表 [SingleBase]
2021/05/06-14:50:26 Pia.exe 執行作業:第4頁營業成本明細表 [SingleBase]
2021/05/06-14:50:30 Pia.exe 執行作業:第5頁其他費用明細表 [MultiBase]
2021/05/06-14:50:37 Pia.exe 執行作業:第6/7頁列支限額之項目標準計算表 [SingleBase]
2021/05/06-14:51:09 Pia.exe 執行作業:第6/7頁列支限額之項目標準計算表 [SingleBase]
2021/05/06-14:51:14 Pia.exe 執行作業:第8頁各類給付扣繳稅款與申報金額調節表/第8頁各類收益扣繳稅款與申報金額調節表 [OtherBase]
2021/05/06-14:54:21 Pia.exe 執行作業:第9頁投資人明細及分配盈餘表 [OtherBase]
2021/05/06-15:02:56 Pia.exe 執行作業:第10頁盈餘分配表或盈虧撥補表 [SingleBase]
2021/05/06-15:07:55 Pia.exe 執行作業:第3頁資產負債表 [SingleBase]
2021/05/06-15:09:57 Pia.exe 執行作業:第11頁未分配盈餘申報書 [SingleBase]
2021/05/06-15:15:53 Pia.exe 執行作業:第11頁未分配盈餘申報書 [SingleBase]
2021/05/06-15:17:56 Pia.exe 執行作業:第3頁資產負債表 [SingleBase]
2021/05/06-15:18:19 Pia.exe 執行作業:第9頁投資人明細及分配盈餘表 [OtherBase]
2021/05/06-15:20:23 Pia.exe 系統錯誤:Access violation at address 008EF06F in module 'Pia.exe'. Read of address 00000040
2021/05/06-15:23:21 Pia.exe 執行作業:第C4頁股東股份股票轉讓通報表 [OtherBase]
2021/05/06-15:27:05 Pia.exe 系統結束.
2021/05/06-15:31:32 PIA.exe 系統啟動.
2021/05/06-15:31:33 PIA.exe Got Version info :110.02,0531 
2021/05/06-15:31:35 PIA.exe 系統結束.
2021/05/06-15:31:58 Pia.exe 系統啟動.
2021/05/06-15:31:58 Pia.exe Got Version info :110.02,0531 
2021/05/06-15:32:09 Pia.exe 使用者登入, 資料年度:109, 統一編號:50969546, 營利事業單位名稱:星達貳投資股份有限公司
2021/05/06-15:35:12 Pia.exe 執行作業:第1頁損益表/第2頁基本稅額申報表 [OtherBase]
2021/05/06-15:35:40 Pia.exe 執行作業:第5頁其他費用明細表 [MultiBase]
2021/05/06-15:40:40 Pia.exe 執行作業:第3頁資產負債表 [SingleBase]
2021/05/06-15:43:51 Pia.exe 執行作業:第4頁營業成本明細表 [SingleBase]
2021/05/06-15:44:01 Pia.exe 執行作業:第5頁製造費用明細表 [SingleBase]
2021/05/06-15:44:08 Pia.exe 執行作業:第6/7頁列支限額之項目標準計算表 [SingleBase]
2021/05/06-15:45:52 Pia.exe 執行作業:第8頁各類給付扣繳稅款與申報金額調節表/第8頁各類收益扣繳稅款與申報金額調節表 [OtherBase]
2021/05/06-15:48:10 Pia.exe 執行作業:第9頁投資人明細及分配盈餘表 [OtherBase]
2021/05/06-15:56:22 Pia.exe 執行作業:第C4頁股東股份股票轉讓通報表 [OtherBase]
2021/05/06-15:56:50 Pia.exe 執行作業:第10頁盈餘分配表或盈虧撥補表 [SingleBase]
2021/05/06-15:59:28 Pia.exe 執行作業:第11頁未分配盈餘申報書 [SingleBase]
2021/05/06-15:59:40 Pia.exe 執行作業:第10頁盈餘分配表或盈虧撥補表 [SingleBase]
2021/05/06-15:59:45 Pia.exe 執行作業:第11頁未分配盈餘申報書 [SingleBase]
2021/05/06-16:01:23 Pia.exe 執行作業:第3頁資產負債表 [SingleBase]
2021/05/06-16:10:07 Pia.exe 系統結束.
2021/05/06-16:54:27 PIA.exe 系統啟動.
2021/05/06-16:54:27 PIA.exe Got Version info :110.03,0531 
2021/05/06-16:54:28 PIA.exe 系統結束.
2021/05/06-16:54:40 Pia.exe 系統啟動.
2021/05/06-16:54:41 Pia.exe Got Version info :110.03,0531 
2021/05/06-16:54:54 Pia.exe 使用者登入, 資料年度:109, 統一編號:50969546, 營利事業單位名稱:星達貳投資股份有限公司
2021/05/06-16:55:03 Pia.exe 執行作業:第1頁損益表/第2頁基本稅額申報表 [OtherBase]
2021/05/06-16:55:30 Pia.exe 執行作業:第8頁各類給付扣繳稅款與申報金額調節表/第8頁各類收益扣繳稅款與申報金額調節表 [OtherBase]
2021/05/06-16:56:22 Pia.exe 執行作業:第1頁損益表/第2頁基本稅額申報表 [OtherBase]
2021/05/06-17:07:49 Pia.exe 系統結束.
2021/05/06-17:42:58 PIA.exe 系統啟動.
2021/05/06-17:42:58 PIA.exe Got Version info :110.03,0531 
2021/05/06-17:42:59 PIA.exe 系統結束.
2021/05/06-17:43:02 Pia.exe 系統啟動.
2021/05/06-17:43:03 Pia.exe Got Version info :110.03,0531 
2021/05/06-17:43:09 Pia.exe 使用者登入, 資料年度:109, 統一編號:50969546, 營利事業單位名稱:星達貳投資股份有限公司
2021/05/06-17:43:13 Pia.exe 執行作業:第1頁損益表/第2頁基本稅額申報表 [OtherBase]
2021/05/06-17:50:07 Pia.exe 系統結束.
2022/05/09-11:15:55 PIA.exe 系統啟動.
2022/05/09-11:15:55 PIA.exe Got Version info :111.02,0630 
2022/05/09-11:15:56 PIA.exe 系統結束.
2022/05/09-11:17:08 Pia.exe 系統啟動.
2022/05/09-11:17:09 Pia.exe Got Version info :111.02,0630 
2022/05/09-11:17:35 Pia.exe 使用者登入, 資料年度:110, 統一編號:24709969, 營利事業單位名稱:交大天使投資顧問股份有限公司
2022/05/09-11:32:21 Pia.exe 執行作業:第1頁損益表/第2頁基本稅額申報表 [OtherBase]
2022/05/09-11:33:23 Pia.exe 執行作業:第1頁損益表/第2頁基本稅額申報表 [OtherBase]
2022/05/09-11:34:48 Pia.exe 執行作業:第5頁其他費用明細表 [MultiBase]
2022/05/09-11:46:09 Pia.exe 執行作業:第1頁損益表/第2頁基本稅額申報表 [OtherBase]
2022/05/09-11:46:17 Pia.exe 執行作業:第3頁資產負債表 [SingleBase]
2022/05/09-11:50:09 Pia.exe 執行作業:第4頁營業成本明細表 [SingleBase]
2022/05/09-11:50:18 Pia.exe 執行作業:第5頁其他費用明細表 [MultiBase]
2022/05/09-11:50:24 Pia.exe 執行作業:第6/7頁列支限額之項目標準計算表 [SingleBase]
2022/05/09-11:52:27 Pia.exe 執行作業:第8頁各類給付扣繳稅款與申報金額調節表/第8頁各類收益扣繳稅款與申報金額調節表 [OtherBase]
2022/05/09-12:03:33 Pia.exe 執行作業:第9頁投資人明細及分配盈餘表 [OtherBase]
2022/05/09-12:03:59 Pia.exe 執行作業:第10頁盈餘分配表或盈虧撥補表 [SingleBase]
2022/05/09-12:08:04 Pia.exe 執行作業:第11頁未分配盈餘申報書 [SingleBase]
2022/05/09-12:10:45 Pia.exe 執行作業:第13頁直接劃撥退稅同意書 [SingleBase]
2022/05/09-12:14:54 Pia.exe 執行作業:第4頁營業成本明細表 [SingleBase]
2022/05/09-12:15:08 Pia.exe 執行作業:第8頁各類給付扣繳稅款與申報金額調節表/第8頁各類收益扣繳稅款與申報金額調節表 [OtherBase]
2022/05/09-12:17:06 Pia.exe 執行作業:第1頁損益表/第2頁基本稅額申報表 [OtherBase]
2022/05/09-12:19:25 Pia.exe 執行作業:第1頁損益表/第2頁基本稅額申報表 [OtherBase]
2022/05/09-12:26:46 Pia.exe 系統結束.
2022/05/09-12:29:04 PIA.exe 系統啟動.
2022/05/09-12:29:04 PIA.exe Got Version info :111.02,0630 
2022/05/09-12:29:05 PIA.exe 系統結束.
2022/05/09-12:29:09 Pia.exe 系統啟動.
2022/05/09-12:29:09 Pia.exe Got Version info :111.02,0630 
2022/05/09-12:30:30 Pia.exe 系統結束.
2022/05/09-13:26:27 PIA.exe 系統啟動.
2022/05/09-13:26:27 PIA.exe Got Version info :111.02,0630 
2022/05/09-13:26:28 PIA.exe 系統結束.
2022/05/09-13:26:33 Pia.exe 系統啟動.
2022/05/09-13:26:33 Pia.exe Got Version info :111.02,0630 
2022/05/09-13:26:59 Pia.exe 使用者登入, 資料年度:110, 統一編號:54294333, 營利事業單位名稱:星達管理顧問股份有限公司
2022/05/09-13:29:39 Pia.exe 執行作業:第1頁損益表/第2頁基本稅額申報表 [OtherBase]
2022/05/09-13:30:26 Pia.exe 執行作業:第1頁損益表/第2頁基本稅額申報表 [OtherBase]
2022/05/09-13:31:43 Pia.exe 執行作業:第5頁其他費用明細表 [MultiBase]
2022/05/09-13:40:53 Pia.exe 執行作業:第1頁損益表/第2頁基本稅額申報表 [OtherBase]
2022/05/09-13:41:08 Pia.exe 執行作業:第3頁資產負債表 [SingleBase]
2022/05/09-13:41:25 Pia.exe 執行作業:第3頁資產負債表 [SingleBase]
2022/05/09-13:43:50 Pia.exe 執行作業:第6/7頁列支限額之項目標準計算表 [SingleBase]
2022/05/09-13:45:28 Pia.exe 執行作業:第1頁損益表/第2頁基本稅額申報表 [OtherBase]
2022/05/09-13:47:03 Pia.exe 執行作業:第6/7頁列支限額之項目標準計算表 [SingleBase]
2022/05/09-13:47:08 Pia.exe 執行作業:第8頁各類給付扣繳稅款與申報金額調節表/第8頁各類收益扣繳稅款與申報金額調節表 [OtherBase]
2022/05/09-13:54:43 Pia.exe 執行作業:第9頁投資人明細及分配盈餘表 [OtherBase]
2022/05/09-13:54:50 Pia.exe 執行作業:第10頁盈餘分配表或盈虧撥補表 [SingleBase]
2022/05/09-13:59:41 Pia.exe 執行作業:第11頁未分配盈餘申報書 [SingleBase]
2022/05/09-14:01:17 Pia.exe 執行作業:第1頁損益表/第2頁基本稅額申報表 [OtherBase]
2022/05/09-14:01:52 Pia.exe 執行作業:第1頁損益表/第2頁基本稅額申報表 [OtherBase]
2022/05/09-14:03:05 Pia.exe 執行作業:第4頁營業成本明細表 [SingleBase]
2022/05/09-14:06:12 Pia.exe 系統結束.
2022/05/09-14:09:22 PIA.exe 系統啟動.
2022/05/09-14:09:23 PIA.exe Got Version info :111.02,0630 
2022/05/09-14:09:24 PIA.exe 系統結束.
2022/05/09-14:09:28 Pia.exe 系統啟動.
2022/05/09-14:09:28 Pia.exe Got Version info :111.02,0630 
2022/05/09-14:09:49 Pia.exe 使用者登入, 資料年度:110, 統一編號:42735258, 營利事業單位名稱:星達壹投資股份有限公司
2022/05/09-14:13:07 Pia.exe 執行作業:第1頁損益表/第2頁基本稅額申報表 [OtherBase]
2022/05/09-14:13:30 Pia.exe 執行作業:第4頁營業成本明細表 [SingleBase]
2022/05/09-14:13:48 Pia.exe 執行作業:第5頁其他費用明細表 [MultiBase]
2022/05/09-14:16:15 Pia.exe 執行作業:第1頁損益表/第2頁基本稅額申報表 [OtherBase]
2022/05/09-14:16:34 Pia.exe 執行作業:第6/7頁列支限額之項目標準計算表 [SingleBase]
2022/05/09-14:17:01 Pia.exe 執行作業:第8頁各類給付扣繳稅款與申報金額調節表/第8頁各類收益扣繳稅款與申報金額調節表 [OtherBase]
2022/05/09-14:18:34 Pia.exe 執行作業:第9頁投資人明細及分配盈餘表 [OtherBase]
2022/05/09-14:27:46 Pia.exe 執行作業:第C4頁股東股份股票轉讓通報表 [OtherBase]
2022/05/09-14:32:13 Pia.exe 執行作業:第10頁盈餘分配表或盈虧撥補表 [SingleBase]
2022/05/09-14:36:00 Pia.exe 執行作業:第11頁未分配盈餘申報書 [SingleBase]
2022/05/09-14:46:53 Pia.exe 執行作業:第3頁資產負債表 [SingleBase]
2022/05/09-14:48:07 Pia.exe 執行作業:第3頁資產負債表 [SingleBase]
2022/05/09-14:49:41 Pia.exe 執行作業:第9頁投資人明細及分配盈餘表 [OtherBase]
2022/05/09-14:50:12 Pia.exe 執行作業:第C4頁股東股份股票轉讓通報表 [OtherBase]
2022/05/09-14:50:55 Pia.exe 執行作業:第9頁投資人明細及分配盈餘表 [OtherBase]
2022/05/09-14:57:09 Pia.exe 系統結束.
2022/05/09-14:58:04 PIA.exe 系統啟動.
2022/05/09-14:58:04 PIA.exe Got Version info :111.02,0630 
2022/05/09-14:58:05 PIA.exe 系統結束.
2022/05/09-14:58:10 Pia.exe 系統啟動.
2022/05/09-14:58:10 Pia.exe Got Version info :111.02,0630 
2022/05/09-14:58:19 Pia.exe 使用者登入, 資料年度:110, 統一編號:50969546, 營利事業單位名稱:星達貳投資股份有限公司
2022/05/09-15:00:18 Pia.exe 執行作業:第1頁損益表/第2頁基本稅額申報表 [OtherBase]
2022/05/09-15:01:25 Pia.exe 執行作業:第1頁損益表/第2頁基本稅額申報表 [OtherBase]
2022/05/09-15:08:47 Pia.exe 執行作業:第1頁損益表/第2頁基本稅額申報表 [OtherBase]
2022/05/09-15:09:34 Pia.exe 執行作業:第1頁損益表/第2頁基本稅額申報表 [OtherBase]
2022/05/09-15:09:41 Pia.exe 執行作業:第3頁資產負債表 [SingleBase]
2022/05/09-15:14:30 Pia.exe 執行作業:第4頁營業成本明細表 [SingleBase]
2022/05/09-15:14:38 Pia.exe 執行作業:第5頁其他費用明細表 [MultiBase]
2022/05/09-15:14:58 Pia.exe 執行作業:第6/7頁列支限額之項目標準計算表 [SingleBase]
2022/05/09-15:16:04 Pia.exe 執行作業:第1頁損益表/第2頁基本稅額申報表 [OtherBase]
2022/05/09-15:16:13 Pia.exe 執行作業:第8頁各類給付扣繳稅款與申報金額調節表/第8頁各類收益扣繳稅款與申報金額調節表 [OtherBase]
2022/05/09-15:21:49 Pia.exe 執行作業:第9頁投資人明細及分配盈餘表 [OtherBase]
2022/05/09-15:29:53 Pia.exe 執行作業:第9頁投資人明細及分配盈餘表 [OtherBase]
2022/05/09-15:29:55 Pia.exe 執行作業:第C4頁股東股份股票轉讓通報表 [OtherBase]
2022/05/09-15:30:21 Pia.exe 執行作業:第10頁盈餘分配表或盈虧撥補表 [SingleBase]
2022/05/09-15:33:46 Pia.exe 執行作業:第9頁投資人明細及分配盈餘表 [OtherBase]
2022/05/09-15:33:59 Pia.exe 執行作業:第11頁未分配盈餘申報書 [SingleBase]
2022/05/09-15:37:30 Pia.exe 執行作業:第13頁直接劃撥退稅同意書 [SingleBase]
2022/05/09-15:38:56 Pia.exe 執行作業:第9頁投資人明細及分配盈餘表 [OtherBase]
2022/05/09-15:43:14 Pia.exe 使用者登入, 資料年度:110, 統一編號:50969546, 營利事業單位名稱:星達貳投資股份有限公司
2022/05/09-15:43:40 Pia.exe 執行作業:第1頁損益表/第2頁基本稅額申報表 [OtherBase]
2022/05/09-15:45:49 Pia.exe 系統結束.
2022/09/27-17:17:45 PIA.exe 系統啟動.
2022/09/27-17:17:46 PIA.exe Got Version info :111.06,0630 
2022/09/27-17:17:46 PIA.exe 系統結束.
2022/09/27-17:17:49 Pia.exe 系統啟動.
2022/09/27-17:17:50 Pia.exe Got Version info :111.06,0630 
2022/09/27-17:18:15 Pia.exe 使用者登入, 資料年度:110, 統一編號:24709969, 營利事業單位名稱:交大天使投資顧問股份有限公司
2022/09/27-17:18:23 Pia.exe 執行作業:第1頁損益表/第2頁基本稅額申報表 [OtherBase]
2022/09/27-17:19:44 Pia.exe 執行作業:第5頁其他費用明細表 [MultiBase]
2022/09/27-17:36:36 Pia.exe 執行作業:第6/7頁列支限額之項目標準計算表 [SingleBase]
2022/09/27-17:41:44 Pia.exe 執行作業:第1頁損益表/第2頁基本稅額申報表 [OtherBase]
2022/09/27-17:44:15 Pia.exe 系統結束.
2023/05/02-10:50:40 PIA.exe 系統啟動.
2023/05/02-10:50:41 PIA.exe Got Version info :112.01,0531,0603 
2023/05/02-10:50:41 PIA.exe 系統結束.
2023/05/02-10:50:45 Pia.exe 系統啟動.
2023/05/02-10:50:45 Pia.exe Got Version info :112.01,0531,0603 
2023/05/02-10:52:11 Pia.exe 使用者登入, 資料年度:111, 統一編號:24709969, 營利事業單位名稱:交大天使投資顧問股份有限公司
2023/05/02-10:54:46 Pia.exe 執行作業:第1頁損益表/第2頁基本稅額申報表 [OtherBase]
2023/05/02-10:56:03 Pia.exe 執行作業:第1頁損益表/第2頁基本稅額申報表 [OtherBase]
2023/05/02-10:58:30 Pia.exe 執行作業:第5頁其他費用明細表 [MultiBase]
2023/05/02-11:13:04 Pia.exe 執行作業:第3頁資產負債表 [SingleBase]
2023/05/02-11:17:38 Pia.exe 執行作業:第5頁其他費用明細表 [MultiBase]
2023/05/02-11:17:46 Pia.exe 執行作業:第5頁製造費用明細表 [SingleBase]
2023/05/02-11:17:53 Pia.exe 執行作業:第4頁營業成本明細表 [SingleBase]
2023/05/02-11:17:59 Pia.exe 執行作業:第5頁研究發展費 [SingleBase]
2023/05/02-11:18:06 Pia.exe 執行作業:第6/7頁列支限額之項目標準計算表 [SingleBase]
2023/05/02-11:20:40 Pia.exe 執行作業:第1頁損益表/第2頁基本稅額申報表 [OtherBase]
2023/05/02-11:27:59 Pia.exe 執行作業:第6/7頁列支限額之項目標準計算表 [SingleBase]
2023/05/02-11:45:19 Pia.exe 執行作業:第1頁損益表/第2頁基本稅額申報表 [OtherBase]
2023/05/02-11:50:57 Pia.exe 執行作業:第6/7頁列支限額之項目標準計算表 [SingleBase]
2023/05/02-11:52:04 Pia.exe 執行作業:第1頁損益表/第2頁基本稅額申報表 [OtherBase]
2023/05/02-11:53:08 Pia.exe 執行作業:第6/7頁列支限額之項目標準計算表 [SingleBase]
2023/05/02-11:55:51 Pia.exe 執行作業:第5頁其他費用明細表 [MultiBase]
2023/05/02-11:56:16 Pia.exe 執行作業:第1頁損益表/第2頁基本稅額申報表 [OtherBase]
2023/05/02-11:56:56 Pia.exe 執行作業:第6/7頁列支限額之項目標準計算表 [SingleBase]
2023/05/02-11:58:04 Pia.exe 執行作業:第8頁各類給付扣繳稅款與申報金額調節表/第8頁各類收益扣繳稅款與申報金額調節表 [OtherBase]
2023/05/02-12:03:52 Pia.exe 執行作業:第9頁投資人明細及分配盈餘表 [OtherBase]
2023/05/02-12:05:40 Pia.exe 執行作業:第9頁投資人明細及分配盈餘表 [OtherBase]
2023/05/02-12:06:10 Pia.exe 執行作業:第10頁盈餘分配表或盈虧撥補表 [SingleBase]
2023/05/02-12:09:11 Pia.exe 執行作業:第11頁未分配盈餘申報書 [SingleBase]
2023/05/02-12:11:16 Pia.exe 執行作業:第10頁盈餘分配表或盈虧撥補表 [SingleBase]
2023/05/02-12:13:08 Pia.exe 執行作業:第13頁直接劃撥退稅同意書 [SingleBase]
2023/05/02-12:13:28 Pia.exe 執行作業:第C1-1頁交易符合所得稅法第4條之4規定房屋、土地、房屋使用權、預售屋及其坐落基地暨股份或出資額之收入、成本、費用、損失明細表 [OtherBase]
2023/05/02-12:13:31 Pia.exe 執行作業:第C3頁財產目錄 [MultiBase]
2023/05/02-12:13:39 Pia.exe 執行作業:第C4頁股東股份股票轉讓通報表 [OtherBase]
2023/05/02-12:16:34 Pia.exe 執行作業:第9頁投資人明細及分配盈餘表 [OtherBase]
2023/05/02-12:17:59 Pia.exe 執行作業:第1頁損益表/第2頁基本稅額申報表 [OtherBase]
2023/05/02-12:19:21 Pia.exe 執行作業:第9頁投資人明細及分配盈餘表 [OtherBase]
2023/05/02-12:19:36 Pia.exe 執行作業:第C4頁股東股份股票轉讓通報表 [OtherBase]
2023/05/02-12:27:45 Pia.exe 系統結束.
2023/05/02-13:37:59 PIA.exe 系統啟動.
2023/05/02-13:37:59 PIA.exe Got Version info :112.01,0531,0603 
2023/05/02-13:37:59 PIA.exe 系統結束.
2023/05/02-13:38:04 Pia.exe 系統啟動.
2023/05/02-13:38:05 Pia.exe Got Version info :112.01,0531,0603 
2023/05/02-13:38:26 Pia.exe 使用者登入, 資料年度:111, 統一編號:54294333, 營利事業單位名稱:星達管理顧問股份有限公司
2023/05/02-13:41:11 Pia.exe 執行作業:第1頁損益表/第2頁基本稅額申報表 [OtherBase]
2023/05/02-13:41:18 Pia.exe 執行作業:第1頁損益表/第2頁基本稅額申報表 [OtherBase]
2023/05/02-13:42:35 Pia.exe 執行作業:第5頁其他費用明細表 [MultiBase]
2023/05/02-13:49:01 Pia.exe 執行作業:第3頁資產負債表 [SingleBase]
2023/05/02-13:50:30 Pia.exe 執行作業:第4頁營業成本明細表 [SingleBase]
2023/05/02-13:50:34 Pia.exe 執行作業:第4頁營業成本明細表 [SingleBase]
2023/05/02-13:50:39 Pia.exe 執行作業:第5頁製造費用明細表 [SingleBase]
2023/05/02-13:50:44 Pia.exe 執行作業:第5頁研究發展費 [SingleBase]
2023/05/02-13:50:49 Pia.exe 執行作業:第6/7頁列支限額之項目標準計算表 [SingleBase]
2023/05/02-14:44:14 Pia.exe 執行作業:第6/7頁列支限額之項目標準計算表 [SingleBase]
2023/05/02-14:44:21 Pia.exe 執行作業:第8頁各類給付扣繳稅款與申報金額調節表/第8頁各類收益扣繳稅款與申報金額調節表 [OtherBase]
2023/05/02-14:48:25 Pia.exe 執行作業:第9頁投資人明細及分配盈餘表 [OtherBase]
2023/05/02-14:48:33 Pia.exe 執行作業:第10頁盈餘分配表或盈虧撥補表 [SingleBase]
2023/05/02-14:56:31 Pia.exe 執行作業:第3頁資產負債表 [SingleBase]
2023/05/02-14:56:56 Pia.exe 執行作業:第11頁未分配盈餘申報書 [SingleBase]
2023/05/02-15:00:17 Pia.exe 執行作業:第1頁損益表/第2頁基本稅額申報表 [OtherBase]
2023/05/02-15:01:08 Pia.exe 執行作業:第8頁各類給付扣繳稅款與申報金額調節表/第8頁各類收益扣繳稅款與申報金額調節表 [OtherBase]
2023/05/02-15:02:33 Pia.exe 執行作業:第13頁直接劃撥退稅同意書 [SingleBase]
2023/05/02-15:07:15 Pia.exe 系統結束.
2023/05/02-15:08:22 PIA.exe 系統啟動.
2023/05/02-15:08:22 PIA.exe Got Version info :112.01,0531,0603 
2023/05/02-15:08:23 PIA.exe 系統結束.
2023/05/02-15:08:27 Pia.exe 系統啟動.
2023/05/02-15:08:28 Pia.exe Got Version info :112.01,0531,0603 
2023/05/02-15:08:54 Pia.exe 使用者登入, 資料年度:111, 統一編號:42735258, 營利事業單位名稱:星達壹投資股份有限公司
2023/05/02-15:13:39 Pia.exe 執行作業:第1頁損益表/第2頁基本稅額申報表 [OtherBase]
2023/05/02-15:14:18 Pia.exe 執行作業:第5頁其他費用明細表 [MultiBase]
2023/05/02-15:19:25 Pia.exe 執行作業:第3頁資產負債表 [SingleBase]
2023/05/02-15:21:49 Pia.exe 執行作業:第4頁營業成本明細表 [SingleBase]
2023/05/02-15:21:56 Pia.exe 執行作業:第5頁製造費用明細表 [SingleBase]
2023/05/02-15:22:01 Pia.exe 執行作業:第5頁研究發展費 [SingleBase]
2023/05/02-15:22:06 Pia.exe 執行作業:第6/7頁列支限額之項目標準計算表 [SingleBase]
2023/05/02-15:23:40 Pia.exe 執行作業:第8頁各類給付扣繳稅款與申報金額調節表/第8頁各類收益扣繳稅款與申報金額調節表 [OtherBase]
2023/05/02-15:25:22 Pia.exe 執行作業:第9頁投資人明細及分配盈餘表 [OtherBase]
2023/05/02-15:26:40 Pia.exe 執行作業:第9頁投資人明細及分配盈餘表 [OtherBase]
2023/05/02-15:27:57 Pia.exe 執行作業:第10頁盈餘分配表或盈虧撥補表 [SingleBase]
2023/05/02-15:29:26 Pia.exe 執行作業:第11頁未分配盈餘申報書 [SingleBase]
2023/05/02-15:31:03 Pia.exe 執行作業:第9頁投資人明細及分配盈餘表 [OtherBase]
2023/05/02-15:31:13 Pia.exe 執行作業:第C4頁股東股份股票轉讓通報表 [OtherBase]
2023/05/02-15:31:26 Pia.exe 執行作業:第C4頁股東股份股票轉讓通報表 [OtherBase]
2023/05/02-16:09:46 Pia.exe 使用者登入, 資料年度:111, 統一編號:50969546, 營利事業單位名稱:星達貳投資股份有限公司
2023/05/02-16:12:15 Pia.exe 執行作業:第1頁損益表/第2頁基本稅額申報表 [OtherBase]
2023/05/02-16:18:07 Pia.exe 執行作業:第4頁營業成本明細表 [SingleBase]
2023/05/02-16:18:12 Pia.exe 執行作業:第5頁其他費用明細表 [MultiBase]
2023/05/02-16:18:18 Pia.exe 執行作業:第5頁製造費用明細表 [SingleBase]
2023/05/02-16:18:25 Pia.exe 執行作業:第5頁研究發展費 [SingleBase]
2023/05/02-16:18:32 Pia.exe 執行作業:第6/7頁列支限額之項目標準計算表 [SingleBase]
2023/05/02-16:19:59 Pia.exe 執行作業:第8頁各類給付扣繳稅款與申報金額調節表/第8頁各類收益扣繳稅款與申報金額調節表 [OtherBase]
2023/05/02-16:25:47 Pia.exe 執行作業:第9頁投資人明細及分配盈餘表 [OtherBase]
2023/05/02-16:28:12 Pia.exe 執行作業:第C4頁股東股份股票轉讓通報表 [OtherBase]
2023/05/02-16:32:32 Pia.exe 執行作業:第9頁投資人明細及分配盈餘表 [OtherBase]
2023/05/02-16:33:30 Pia.exe 執行作業:第10頁盈餘分配表或盈虧撥補表 [SingleBase]
2023/05/02-16:36:08 Pia.exe 執行作業:第3頁資產負債表 [SingleBase]
2023/05/02-16:38:08 Pia.exe 執行作業:第5頁其他費用明細表 [MultiBase]
2023/05/02-16:38:15 Pia.exe 執行作業:第10頁盈餘分配表或盈虧撥補表 [SingleBase]
2023/05/02-16:38:25 Pia.exe 執行作業:第11頁未分配盈餘申報書 [SingleBase]
2023/05/02-16:41:44 Pia.exe 執行作業:第1頁損益表/第2頁基本稅額申報表 [OtherBase]
2023/05/02-16:42:54 Pia.exe 執行作業:第1頁損益表/第2頁基本稅額申報表 [OtherBase]
2023/05/02-16:42:58 Pia.exe 執行作業:第1頁損益表/第2頁基本稅額申報表 [OtherBase]
2023/05/02-16:43:47 Pia.exe 執行作業:第1頁損益表/第2頁基本稅額申報表 [OtherBase]
2023/05/02-17:11:27 Pia.exe 系統結束.
2023/05/05-10:20:47 PIA.exe 系統啟動.
2023/05/05-10:20:48 PIA.exe Got Version info :112.01,0531,0603 
2023/05/05-10:20:48 PIA.exe 系統結束.
2023/05/05-10:20:52 Pia.exe 系統啟動.
2023/05/05-10:20:52 Pia.exe Got Version info :112.01,0531,0603 
2023/05/05-10:25:34 Pia.exe 系統結束.
2023/10/11-14:36:28 PIA.exe 系統啟動.
2023/10/11-14:36:28 PIA.exe Got Version info :112.10,0531,0603 
2023/10/11-14:36:29 PIA.exe 系統結束.
2023/10/11-14:36:43 Pia.exe 系統啟動.
2023/10/11-14:36:43 Pia.exe Got Version info :112.10,0531,0603 
2023/10/11-14:36:47 Pia.exe 系統結束.
2024/05/02-10:51:08 PIA.exe 系統啟動.
2024/05/02-10:51:09 PIA.exe Got Version info :113.01,0531,0603,https://www.fia.gov.tw/singlehtml/18?cntId=379e0e843acf4be5b11be32777cb624c,,, 
2024/05/02-10:51:09 PIA.exe 系統結束.
2024/05/02-10:51:26 Pia.exe 系統啟動.
2024/05/02-10:51:26 Pia.exe Got Version info :113.01,0531,0603,https://www.fia.gov.tw/singlehtml/18?cntId=379e0e843acf4be5b11be32777cb624c,,, 
2024/05/02-10:51:38 Pia.exe 系統結束.
2024/05/02-10:53:22 PIA.exe 系統啟動.
2024/05/02-10:53:23 PIA.exe Got Version info :113.01,0531,0603,https://www.fia.gov.tw/singlehtml/18?cntId=379e0e843acf4be5b11be32777cb624c,,, 
2024/05/02-10:53:24 PIA.exe 系統結束.
2024/05/02-10:53:35 Pia.exe 系統啟動.
2024/05/02-10:53:35 Pia.exe Got Version info :113.01,0531,0603,https://www.fia.gov.tw/singlehtml/18?cntId=379e0e843acf4be5b11be32777cb624c,,, 
2024/05/02-11:07:50 Pia.exe 執行作業:第1頁損益表/第2頁基本稅額申報表 [OtherBase]
2024/05/02-11:09:11 Pia.exe 執行作業:第1頁損益表/第2頁基本稅額申報表 [OtherBase]
2024/05/02-11:12:01 Pia.exe 執行作業:第13頁直接劃撥退稅同意書 [SingleBase]
2024/05/02-11:16:37 Pia.exe 執行作業:第3頁資產負債表 [SingleBase]
2024/05/02-11:20:57 Pia.exe 執行作業:第4頁營業成本明細表 [SingleBase]
2024/05/02-11:21:06 Pia.exe 執行作業:第5頁其他費用明細表 [MultiBase]
2024/05/02-11:21:41 Pia.exe 執行作業:第6/7頁列支限額之項目標準計算表 [SingleBase]
2024/05/02-11:23:26 Pia.exe 執行作業:第8頁各類給付扣繳稅款與申報金額調節表/第8頁各類收益扣繳稅款與申報金額調節表 [OtherBase]
2024/05/02-11:28:02 Pia.exe 執行作業:第9頁投資人明細及分配盈餘表 [OtherBase]
2024/05/02-11:50:18 Pia.exe 執行作業:第9頁投資人明細及分配盈餘表 [OtherBase]
2024/05/02-11:51:59 Pia.exe 執行作業:第B3頁關係人明細表 [MultiBase]
2024/05/02-11:54:56 Pia.exe 執行作業:第4頁營業成本明細表 [SingleBase]
2024/05/02-11:55:05 Pia.exe 執行作業:第9頁投資人明細及分配盈餘表 [OtherBase]
2024/05/02-11:59:06 Pia.exe 系統結束.
2024/05/02-14:43:55 PIA.exe 系統啟動.
2024/05/02-14:43:56 PIA.exe Got Version info :113.01,0531,0603,https://www.fia.gov.tw/singlehtml/18?cntId=379e0e843acf4be5b11be32777cb624c,,, 
2024/05/02-14:43:56 PIA.exe 系統結束.
2024/05/02-14:44:01 Pia.exe 系統啟動.
2024/05/02-14:44:02 Pia.exe Got Version info :113.01,0531,0603,https://www.fia.gov.tw/singlehtml/18?cntId=379e0e843acf4be5b11be32777cb624c,,, 
2024/05/02-14:46:07 PIA.exe 系統啟動.
2024/05/02-14:46:09 PIA.exe 系統結束.
2024/05/02-14:58:57 Pia.exe 執行作業:第1頁損益表/第2頁基本稅額申報表 [OtherBase]
2024/05/02-15:15:41 Pia.exe 執行作業:第13頁直接劃撥退稅同意書 [SingleBase]
2024/05/02-15:21:06 Pia.exe 執行作業:第4頁營業成本明細表 [SingleBase]
2024/05/02-15:21:35 Pia.exe 執行作業:第5頁製造費用明細表 [SingleBase]
2024/05/02-15:21:41 Pia.exe 執行作業:第5頁研究發展費 [SingleBase]
2024/05/02-15:21:47 Pia.exe 執行作業:第6/7頁列支限額之項目標準計算表 [SingleBase]
2024/05/02-15:24:04 Pia.exe 執行作業:第1頁損益表/第2頁基本稅額申報表 [OtherBase]
2024/05/02-15:24:27 Pia.exe 執行作業:第5頁其他費用明細表 [MultiBase]
2024/05/02-15:25:43 Pia.exe 執行作業:第5頁其他費用明細表 [MultiBase]
2024/05/02-15:25:56 Pia.exe 執行作業:第4頁營業成本明細表 [SingleBase]
2024/05/02-15:26:54 Pia.exe 執行作業:第6/7頁列支限額之項目標準計算表 [SingleBase]
2024/05/02-15:27:40 Pia.exe 執行作業:第1頁損益表/第2頁基本稅額申報表 [OtherBase]
2024/05/02-15:29:51 Pia.exe 執行作業:第8頁各類給付扣繳稅款與申報金額調節表/第8頁各類收益扣繳稅款與申報金額調節表 [OtherBase]
2024/05/02-15:34:42 Pia.exe 執行作業:第9頁投資人明細及分配盈餘表 [OtherBase]
2024/05/02-15:34:55 Pia.exe 執行作業:第10頁盈餘分配表或盈虧撥補表 [SingleBase]
2024/05/02-15:34:59 Pia.exe 執行作業:第3頁資產負債表 [SingleBase]
2024/05/02-15:38:32 Pia.exe 執行作業:第10頁盈餘分配表或盈虧撥補表 [SingleBase]
2024/05/02-15:41:03 Pia.exe 執行作業:第11頁未分配盈餘申報書 [SingleBase]
2024/05/02-15:42:07 Pia.exe 執行作業:第13頁直接劃撥退稅同意書 [SingleBase]
2024/05/02-15:45:08 Pia.exe 執行作業:第8頁各類給付扣繳稅款與申報金額調節表/第8頁各類收益扣繳稅款與申報金額調節表 [OtherBase]
2024/05/02-16:00:13 Pia.exe 系統結束.
2024/05/02-16:01:01 PIA.exe 系統啟動.
2024/05/02-16:01:02 PIA.exe Got Version info :113.01,0531,0603,https://www.fia.gov.tw/singlehtml/18?cntId=379e0e843acf4be5b11be32777cb624c,,, 
2024/05/02-16:01:02 PIA.exe 系統結束.
2024/05/02-16:01:06 Pia.exe 系統啟動.
2024/05/02-16:01:07 Pia.exe Got Version info :113.01,0531,0603,https://www.fia.gov.tw/singlehtml/18?cntId=379e0e843acf4be5b11be32777cb624c,,, 
2024/05/02-16:06:13 Pia.exe 執行作業:第1頁損益表/第2頁基本稅額申報表 [OtherBase]
2024/05/02-16:06:52 Pia.exe 執行作業:第5頁其他費用明細表 [MultiBase]
2024/05/02-16:09:00 Pia.exe 執行作業:第4頁營業成本明細表 [SingleBase]
2024/05/02-16:09:05 Pia.exe 執行作業:第5頁製造費用明細表 [SingleBase]
2024/05/02-16:09:10 Pia.exe 執行作業:第5頁研究發展費 [SingleBase]
2024/05/02-16:09:15 Pia.exe 執行作業:第6/7頁列支限額之項目標準計算表 [SingleBase]
2024/05/02-16:09:39 Pia.exe 執行作業:第8頁各類給付扣繳稅款與申報金額調節表/第8頁各類收益扣繳稅款與申報金額調節表 [OtherBase]
2024/05/02-16:11:51 Pia.exe 執行作業:第9頁投資人明細及分配盈餘表 [OtherBase]
2024/05/02-16:11:57 Pia.exe 執行作業:第10頁盈餘分配表或盈虧撥補表 [SingleBase]
2024/05/02-16:13:47 Pia.exe 執行作業:第11頁未分配盈餘申報書 [SingleBase]
2024/05/02-16:14:54 Pia.exe 執行作業:第13頁直接劃撥退稅同意書 [SingleBase]
2024/05/02-16:15:05 Pia.exe 執行作業:第3頁資產負債表 [SingleBase]
2024/05/02-16:16:48 Pia.exe 執行作業:第4頁營業成本明細表 [SingleBase]
2024/05/02-16:16:55 Pia.exe 執行作業:第5頁其他費用明細表 [MultiBase]
2024/05/02-16:17:00 Pia.exe 執行作業:第5頁製造費用明細表 [SingleBase]
2024/05/02-16:18:14 Pia.exe 執行作業:第1頁損益表/第2頁基本稅額申報表 [OtherBase]
2024/05/02-16:22:16 Pia.exe 系統結束.
2024/05/07-11:03:17 PIA.exe 系統啟動.
2024/05/07-11:03:18 PIA.exe Got Version info :113.02,0531,0603,https://www.fia.gov.tw/singlehtml/18?cntId=379e0e843acf4be5b11be32777cb624c,,, 
2024/05/07-11:03:19 PIA.exe 系統結束.
2024/05/07-11:03:38 Pia.exe 系統啟動.
2024/05/07-11:03:39 Pia.exe Got Version info :113.02,0531,0603,https://www.fia.gov.tw/singlehtml/18?cntId=379e0e843acf4be5b11be32777cb624c,,, 
2024/05/07-11:07:30 Pia.exe 執行作業:第3頁資產負債表 [SingleBase]
2024/05/07-11:10:27 Pia.exe 執行作業:第1頁損益表/第2頁基本稅額申報表 [OtherBase]
2024/05/07-11:15:17 Pia.exe 執行作業:第4頁營業成本明細表 [SingleBase]
2024/05/07-11:15:21 Pia.exe 執行作業:第5頁其他費用明細表 [MultiBase]
2024/05/07-11:15:33 Pia.exe 執行作業:第5頁製造費用明細表 [SingleBase]
2024/05/07-11:15:41 Pia.exe 執行作業:第1頁損益表/第2頁基本稅額申報表 [OtherBase]
2024/05/07-11:15:45 Pia.exe 執行作業:第1頁損益表/第2頁基本稅額申報表 [OtherBase]
2024/05/07-11:16:02 Pia.exe 執行作業:第5頁研究發展費 [SingleBase]
2024/05/07-11:16:08 Pia.exe 執行作業:第6/7頁列支限額之項目標準計算表 [SingleBase]
2024/05/07-11:17:21 Pia.exe 執行作業:第8頁各類給付扣繳稅款與申報金額調節表/第8頁各類收益扣繳稅款與申報金額調節表 [OtherBase]
2024/05/07-11:20:03 Pia.exe 執行作業:第9頁投資人明細及分配盈餘表 [OtherBase]
2024/05/07-11:20:12 Pia.exe 執行作業:第10頁盈餘分配表或盈虧撥補表 [SingleBase]
2024/05/07-11:23:52 Pia.exe 執行作業:第11頁未分配盈餘申報書 [SingleBase]
2024/05/07-11:27:57 Pia.exe 執行作業:第9頁投資人明細及分配盈餘表 [OtherBase]
2024/05/07-11:47:02 Pia.exe 系統結束.
2024/05/07-12:26:56 PIA.exe 系統啟動.
2024/05/07-12:26:58 PIA.exe Got Version info :113.02,0531,0603,https://www.fia.gov.tw/singlehtml/18?cntId=379e0e843acf4be5b11be32777cb624c,,, 
2024/05/07-12:26:58 PIA.exe 系統結束.
2024/05/07-12:27:02 Pia.exe 系統啟動.
2024/05/07-12:27:03 Pia.exe Got Version info :113.02,0531,0603,https://www.fia.gov.tw/singlehtml/18?cntId=379e0e843acf4be5b11be32777cb624c,,, 
2024/05/07-12:27:10 Pia.exe 系統結束.
2024/05/07-13:34:31 PIA.exe 系統啟動.
2024/05/07-13:34:32 PIA.exe Got Version info :113.02,0531,0603,https://www.fia.gov.tw/singlehtml/18?cntId=379e0e843acf4be5b11be32777cb624c,,, 
2024/05/07-13:34:33 PIA.exe 系統結束.
2024/05/07-13:34:36 Pia.exe 系統啟動.
2024/05/07-13:34:37 Pia.exe Got Version info :113.02,0531,0603,https://www.fia.gov.tw/singlehtml/18?cntId=379e0e843acf4be5b11be32777cb624c,,, 
2024/05/07-13:37:20 Pia.exe 執行作業:第3頁資產負債表 [SingleBase]
2024/05/07-13:40:40 Pia.exe 執行作業:第1頁損益表/第2頁基本稅額申報表 [OtherBase]
2024/05/07-13:41:16 Pia.exe 執行作業:第5頁其他費用明細表 [MultiBase]
2024/05/07-13:41:41 Pia.exe 執行作業:第5頁其他費用明細表 [MultiBase]
2024/05/07-13:45:30 Pia.exe 執行作業:第4頁營業成本明細表 [SingleBase]
2024/05/07-13:45:35 Pia.exe 執行作業:第5頁製造費用明細表 [SingleBase]
2024/05/07-13:45:39 Pia.exe 執行作業:第5頁研究發展費 [SingleBase]
2024/05/07-13:45:44 Pia.exe 執行作業:第6/7頁列支限額之項目標準計算表 [SingleBase]
2024/05/07-13:46:09 Pia.exe 執行作業:第8頁各類給付扣繳稅款與申報金額調節表/第8頁各類收益扣繳稅款與申報金額調節表 [OtherBase]
2024/05/07-13:49:43 Pia.exe 執行作業:第10頁盈餘分配表或盈虧撥補表 [SingleBase]
2024/05/07-13:54:11 Pia.exe 執行作業:第11頁未分配盈餘申報書 [SingleBase]
2024/05/07-13:56:15 Pia.exe 執行作業:第9頁投資人明細及分配盈餘表 [OtherBase]
2024/05/07-13:57:29 Pia.exe 執行作業:第9頁投資人明細及分配盈餘表 [OtherBase]
2024/05/07-14:17:11 Pia.exe 執行作業:第9頁投資人明細及分配盈餘表 [OtherBase]
2024/05/07-14:22:29 Pia.exe 執行作業:第9頁投資人明細及分配盈餘表 [OtherBase]
2024/05/07-14:24:24 Pia.exe 系統錯誤:Access violation at address 008F75FF in module 'Pia.exe'. Read of address 00000040
2024/05/07-14:26:31 Pia.exe 執行作業:第1頁損益表/第2頁基本稅額申報表 [OtherBase]
2024/05/07-14:28:16 Pia.exe 執行作業:第1頁損益表/第2頁基本稅額申報表 [OtherBase]
2024/05/07-14:47:00 PIA.exe 系統啟動.
2024/05/07-14:47:02 PIA.exe 系統結束.
2024/05/07-14:50:35 Pia.exe 系統結束.
2024/05/09-11:50:52 PIA.exe 系統啟動.
2024/05/09-11:50:53 PIA.exe Got Version info :113.02,0531,0603,https://www.fia.gov.tw/singlehtml/18?cntId=379e0e843acf4be5b11be32777cb624c,,, 
2024/05/09-11:50:53 PIA.exe 系統結束.
2024/05/09-11:50:57 Pia.exe 系統啟動.
2024/05/09-11:50:58 Pia.exe Got Version info :113.02,0531,0603,https://www.fia.gov.tw/singlehtml/18?cntId=379e0e843acf4be5b11be32777cb624c,,, 
2024/05/09-12:22:11 Pia.exe 系統結束.
2025/05/06-10:54:13 PIA.exe 系統啟動.
2025/05/06-10:54:14 PIA.exe Got Version info :114.01,0630,0703,https://www.fia.gov.tw/WEB/fia/pia/113/1140411-%E9%9B%BB%E5%AD%90%E7%94%B3%E5%A0%B1%E4%BD%9C%E6%A5%AD%E8%A6%81%E9%BB%9E.pdf,5L6d6LKh5pS/6YOoMTE05bm0NOaciDE35pel5Y+w6LKh56iF5a2X56ysMTE0MDQ1NTU2NjDomZ/lhazlkYrvvIwxMTPlubTluqbnh5/liKnkuovmpa3miYDlvpfnqIXntZDnrpfnlLPloLHlj4rnubPntI3mnJ/plpPljp/ngroxMTTlubQ15pyIMeaXpeiHszXmnIgzMeaXpSjpgYflgYfml6XpoIblu7boh7M25pyIMuaXpSnvvIzlsZXlu7blvozmnJ/plpPngro15pyIMeaXpeiHszbmnIgzMOaXpeOAgg==,5L6d6LKh5pS/6YOoMTE05bm0NOaciDE35pel5Y+w6LKh56iF5a2X56ysMTE0MDQ1NTU2NjDomZ/lhazlkYrvvIwxMTTlubTluqbnh5/liKnkuovmpa3miYDlvpfnqIXmsbrnrpfnlLPloLHnubPntI3mnJ/plpPmiKrmraLml6XlnKgxMTTlubQ15pyIMeaXpeiHszXmnIgzMeaXpeacn+mWk++8jOWFtueUs+WgseWPiue5s+e0jeacn+mZkOWxleW7tjMw5pel6ICF77yM6KuL5L2/55So5aqS6auU5oiW5Lq65bel55Sz5aCx77yM6YCg5oiQ5LiN5L6/77yM5pWs6KuL6KaL6KuS77yB,5L6d6LKh5pS/6YOoMTE05bm0NOaciDE35pel5Y+w6LKh56iF5a2X56ysMTE0MDQ1NTU2NjDomZ/lhazlkYrvvIzmjqHnibnmrormnIPoqIjlubTluqbvvIjpgLHntZDliLbvvInntZDnrpfnlLPloLHnubPntI3mnJ/plpPmiKrmraLml6XlnKgxMTTlubQ15pyIMeaXpeiHszXmnIgzMeaXpeacn+mWk++8jOWFtueUs+WgseWPiue5s+e0jeacn+mZkOWxleW7tjMw5pel6ICF77yM6KuL5L2/55So5aqS6auU5oiW5Lq65bel55Sz5aCx77yM6YCg5oiQ5LiN5L6/77yM5pWs6KuL6KaL6KuS77yB 
2025/05/06-10:54:15 PIA.exe 系統結束.
2025/05/06-10:54:23 Pia.exe 系統啟動.
2025/05/06-10:54:24 Pia.exe Got Version info :114.01,0630,0703,https://www.fia.gov.tw/WEB/fia/pia/113/1140411-%E9%9B%BB%E5%AD%90%E7%94%B3%E5%A0%B1%E4%BD%9C%E6%A5%AD%E8%A6%81%E9%BB%9E.pdf,5L6d6LKh5pS/6YOoMTE05bm0NOaciDE35pel5Y+w6LKh56iF5a2X56ysMTE0MDQ1NTU2NjDomZ/lhazlkYrvvIwxMTPlubTluqbnh5/liKnkuovmpa3miYDlvpfnqIXntZDnrpfnlLPloLHlj4rnubPntI3mnJ/plpPljp/ngroxMTTlubQ15pyIMeaXpeiHszXmnIgzMeaXpSjpgYflgYfml6XpoIblu7boh7M25pyIMuaXpSnvvIzlsZXlu7blvozmnJ/plpPngro15pyIMeaXpeiHszbmnIgzMOaXpeOAgg==,5L6d6LKh5pS/6YOoMTE05bm0NOaciDE35pel5Y+w6LKh56iF5a2X56ysMTE0MDQ1NTU2NjDomZ/lhazlkYrvvIwxMTTlubTluqbnh5/liKnkuovmpa3miYDlvpfnqIXmsbrnrpfnlLPloLHnubPntI3mnJ/plpPmiKrmraLml6XlnKgxMTTlubQ15pyIMeaXpeiHszXmnIgzMeaXpeacn+mWk++8jOWFtueUs+WgseWPiue5s+e0jeacn+mZkOWxleW7tjMw5pel6ICF77yM6KuL5L2/55So5aqS6auU5oiW5Lq65bel55Sz5aCx77yM6YCg5oiQ5LiN5L6/77yM5pWs6KuL6KaL6KuS77yB,5L6d6LKh5pS/6YOoMTE05bm0NOaciDE35pel5Y+w6LKh56iF5a2X56ysMTE0MDQ1NTU2NjDomZ/lhazlkYrvvIzmjqHnibnmrormnIPoqIjlubTluqbvvIjpgLHntZDliLbvvInntZDnrpfnlLPloLHnubPntI3mnJ/plpPmiKrmraLml6XlnKgxMTTlubQ15pyIMeaXpeiHszXmnIgzMeaXpeacn+mWk++8jOWFtueUs+WgseWPiue5s+e0jeacn+mZkOWxleW7tjMw5pel6ICF77yM6KuL5L2/55So5aqS6auU5oiW5Lq65bel55Sz5aCx77yM6YCg5oiQ5LiN5L6/77yM5pWs6KuL6KaL6KuS77yB 
2025/05/06-10:54:30 Pia.exe 系統結束.
2025/05/06-11:00:46 PIA.exe 系統啟動.
2025/05/06-11:00:46 PIA.exe Got Version info :114.01,0630,0703,https://www.fia.gov.tw/WEB/fia/pia/113/1140411-%E9%9B%BB%E5%AD%90%E7%94%B3%E5%A0%B1%E4%BD%9C%E6%A5%AD%E8%A6%81%E9%BB%9E.pdf,5L6d6LKh5pS/6YOoMTE05bm0NOaciDE35pel5Y+w6LKh56iF5a2X56ysMTE0MDQ1NTU2NjDomZ/lhazlkYrvvIwxMTPlubTluqbnh5/liKnkuovmpa3miYDlvpfnqIXntZDnrpfnlLPloLHlj4rnubPntI3mnJ/plpPljp/ngroxMTTlubQ15pyIMeaXpeiHszXmnIgzMeaXpSjpgYflgYfml6XpoIblu7boh7M25pyIMuaXpSnvvIzlsZXlu7blvozmnJ/plpPngro15pyIMeaXpeiHszbmnIgzMOaXpeOAgg==,5L6d6LKh5pS/6YOoMTE05bm0NOaciDE35pel5Y+w6LKh56iF5a2X56ysMTE0MDQ1NTU2NjDomZ/lhazlkYrvvIwxMTTlubTluqbnh5/liKnkuovmpa3miYDlvpfnqIXmsbrnrpfnlLPloLHnubPntI3mnJ/plpPmiKrmraLml6XlnKgxMTTlubQ15pyIMeaXpeiHszXmnIgzMeaXpeacn+mWk++8jOWFtueUs+WgseWPiue5s+e0jeacn+mZkOWxleW7tjMw5pel6ICF77yM6KuL5L2/55So5aqS6auU5oiW5Lq65bel55Sz5aCx77yM6YCg5oiQ5LiN5L6/77yM5pWs6KuL6KaL6KuS77yB,5L6d6LKh5pS/6YOoMTE05bm0NOaciDE35pel5Y+w6LKh56iF5a2X56ysMTE0MDQ1NTU2NjDomZ/lhazlkYrvvIzmjqHnibnmrormnIPoqIjlubTluqbvvIjpgLHntZDliLbvvInntZDnrpfnlLPloLHnubPntI3mnJ/plpPmiKrmraLml6XlnKgxMTTlubQ15pyIMeaXpeiHszXmnIgzMeaXpeacn+mWk++8jOWFtueUs+WgseWPiue5s+e0jeacn+mZkOWxleW7tjMw5pel6ICF77yM6KuL5L2/55So5aqS6auU5oiW5Lq65bel55Sz5aCx77yM6YCg5oiQ5LiN5L6/77yM5pWs6KuL6KaL6KuS77yB 
2025/05/06-11:00:47 PIA.exe 系統結束.
2025/05/06-11:00:52 Pia.exe 系統啟動.
2025/05/06-11:00:52 Pia.exe Got Version info :114.01,0630,0703,https://www.fia.gov.tw/WEB/fia/pia/113/1140411-%E9%9B%BB%E5%AD%90%E7%94%B3%E5%A0%B1%E4%BD%9C%E6%A5%AD%E8%A6%81%E9%BB%9E.pdf,5L6d6LKh5pS/6YOoMTE05bm0NOaciDE35pel5Y+w6LKh56iF5a2X56ysMTE0MDQ1NTU2NjDomZ/lhazlkYrvvIwxMTPlubTluqbnh5/liKnkuovmpa3miYDlvpfnqIXntZDnrpfnlLPloLHlj4rnubPntI3mnJ/plpPljp/ngroxMTTlubQ15pyIMeaXpeiHszXmnIgzMeaXpSjpgYflgYfml6XpoIblu7boh7M25pyIMuaXpSnvvIzlsZXlu7blvozmnJ/plpPngro15pyIMeaXpeiHszbmnIgzMOaXpeOAgg==,5L6d6LKh5pS/6YOoMTE05bm0NOaciDE35pel5Y+w6LKh56iF5a2X56ysMTE0MDQ1NTU2NjDomZ/lhazlkYrvvIwxMTTlubTluqbnh5/liKnkuovmpa3miYDlvpfnqIXmsbrnrpfnlLPloLHnubPntI3mnJ/plpPmiKrmraLml6XlnKgxMTTlubQ15pyIMeaXpeiHszXmnIgzMeaXpeacn+mWk++8jOWFtueUs+WgseWPiue5s+e0jeacn+mZkOWxleW7tjMw5pel6ICF77yM6KuL5L2/55So5aqS6auU5oiW5Lq65bel55Sz5aCx77yM6YCg5oiQ5LiN5L6/77yM5pWs6KuL6KaL6KuS77yB,5L6d6LKh5pS/6YOoMTE05bm0NOaciDE35pel5Y+w6LKh56iF5a2X56ysMTE0MDQ1NTU2NjDomZ/lhazlkYrvvIzmjqHnibnmrormnIPoqIjlubTluqbvvIjpgLHntZDliLbvvInntZDnrpfnlLPloLHnubPntI3mnJ/plpPmiKrmraLml6XlnKgxMTTlubQ15pyIMeaXpeiHszXmnIgzMeaXpeacn+mWk++8jOWFtueUs+WgseWPiue5s+e0jeacn+mZkOWxleW7tjMw5pel6ICF77yM6KuL5L2/55So5aqS6auU5oiW5Lq65bel55Sz5aCx77yM6YCg5oiQ5LiN5L6/77yM5pWs6KuL6KaL6KuS77yB 
2025/05/06-11:01:05 Pia.exe 系統結束.
2025/05/06-11:01:35 PIA.exe 系統啟動.
2025/05/06-11:01:36 PIA.exe Got Version info :114.01,0630,0703,https://www.fia.gov.tw/WEB/fia/pia/113/1140411-%E9%9B%BB%E5%AD%90%E7%94%B3%E5%A0%B1%E4%BD%9C%E6%A5%AD%E8%A6%81%E9%BB%9E.pdf,5L6d6LKh5pS/6YOoMTE05bm0NOaciDE35pel5Y+w6LKh56iF5a2X56ysMTE0MDQ1NTU2NjDomZ/lhazlkYrvvIwxMTPlubTluqbnh5/liKnkuovmpa3miYDlvpfnqIXntZDnrpfnlLPloLHlj4rnubPntI3mnJ/plpPljp/ngroxMTTlubQ15pyIMeaXpeiHszXmnIgzMeaXpSjpgYflgYfml6XpoIblu7boh7M25pyIMuaXpSnvvIzlsZXlu7blvozmnJ/plpPngro15pyIMeaXpeiHszbmnIgzMOaXpeOAgg==,5L6d6LKh5pS/6YOoMTE05bm0NOaciDE35pel5Y+w6LKh56iF5a2X56ysMTE0MDQ1NTU2NjDomZ/lhazlkYrvvIwxMTTlubTluqbnh5/liKnkuovmpa3miYDlvpfnqIXmsbrnrpfnlLPloLHnubPntI3mnJ/plpPmiKrmraLml6XlnKgxMTTlubQ15pyIMeaXpeiHszXmnIgzMeaXpeacn+mWk++8jOWFtueUs+WgseWPiue5s+e0jeacn+mZkOWxleW7tjMw5pel6ICF77yM6KuL5L2/55So5aqS6auU5oiW5Lq65bel55Sz5aCx77yM6YCg5oiQ5LiN5L6/77yM5pWs6KuL6KaL6KuS77yB,5L6d6LKh5pS/6YOoMTE05bm0NOaciDE35pel5Y+w6LKh56iF5a2X56ysMTE0MDQ1NTU2NjDomZ/lhazlkYrvvIzmjqHnibnmrormnIPoqIjlubTluqbvvIjpgLHntZDliLbvvInntZDnrpfnlLPloLHnubPntI3mnJ/plpPmiKrmraLml6XlnKgxMTTlubQ15pyIMeaXpeiHszXmnIgzMeaXpeacn+mWk++8jOWFtueUs+WgseWPiue5s+e0jeacn+mZkOWxleW7tjMw5pel6ICF77yM6KuL5L2/55So5aqS6auU5oiW5Lq65bel55Sz5aCx77yM6YCg5oiQ5LiN5L6/77yM5pWs6KuL6KaL6KuS77yB 
2025/05/06-11:01:36 PIA.exe 系統結束.
2025/05/06-11:01:42 Pia.exe 系統啟動.
2025/05/06-11:01:42 Pia.exe Got Version info :114.01,0630,0703,https://www.fia.gov.tw/WEB/fia/pia/113/1140411-%E9%9B%BB%E5%AD%90%E7%94%B3%E5%A0%B1%E4%BD%9C%E6%A5%AD%E8%A6%81%E9%BB%9E.pdf,5L6d6LKh5pS/6YOoMTE05bm0NOaciDE35pel5Y+w6LKh56iF5a2X56ysMTE0MDQ1NTU2NjDomZ/lhazlkYrvvIwxMTPlubTluqbnh5/liKnkuovmpa3miYDlvpfnqIXntZDnrpfnlLPloLHlj4rnubPntI3mnJ/plpPljp/ngroxMTTlubQ15pyIMeaXpeiHszXmnIgzMeaXpSjpgYflgYfml6XpoIblu7boh7M25pyIMuaXpSnvvIzlsZXlu7blvozmnJ/plpPngro15pyIMeaXpeiHszbmnIgzMOaXpeOAgg==,5L6d6LKh5pS/6YOoMTE05bm0NOaciDE35pel5Y+w6LKh56iF5a2X56ysMTE0MDQ1NTU2NjDomZ/lhazlkYrvvIwxMTTlubTluqbnh5/liKnkuovmpa3miYDlvpfnqIXmsbrnrpfnlLPloLHnubPntI3mnJ/plpPmiKrmraLml6XlnKgxMTTlubQ15pyIMeaXpeiHszXmnIgzMeaXpeacn+mWk++8jOWFtueUs+WgseWPiue5s+e0jeacn+mZkOWxleW7tjMw5pel6ICF77yM6KuL5L2/55So5aqS6auU5oiW5Lq65bel55Sz5aCx77yM6YCg5oiQ5LiN5L6/77yM5pWs6KuL6KaL6KuS77yB,5L6d6LKh5pS/6YOoMTE05bm0NOaciDE35pel5Y+w6LKh56iF5a2X56ysMTE0MDQ1NTU2NjDomZ/lhazlkYrvvIzmjqHnibnmrormnIPoqIjlubTluqbvvIjpgLHntZDliLbvvInntZDnrpfnlLPloLHnubPntI3mnJ/plpPmiKrmraLml6XlnKgxMTTlubQ15pyIMeaXpeiHszXmnIgzMeaXpeacn+mWk++8jOWFtueUs+WgseWPiue5s+e0jeacn+mZkOWxleW7tjMw5pel6ICF77yM6KuL5L2/55So5aqS6auU5oiW5Lq65bel55Sz5aCx77yM6YCg5oiQ5LiN5L6/77yM5pWs6KuL6KaL6KuS77yB 
2025/05/06-11:05:47 Pia.exe 執行作業:第1頁損益表/第2頁基本稅額申報表 [OtherBase]
2025/05/06-11:06:08 Pia.exe 執行作業:第1頁損益表/第2頁基本稅額申報表 [OtherBase]
2025/05/06-11:06:19 Pia.exe 執行作業:第1頁損益表/第2頁基本稅額申報表 [OtherBase]
2025/05/06-11:08:57 Pia.exe 執行作業:第5頁其他費用明細表 [MultiBase]
2025/05/06-11:13:19 Pia.exe 執行作業:第1頁損益表/第2頁基本稅額申報表 [OtherBase]
2025/05/06-11:17:05 Pia.exe 執行作業:第3頁資產負債表 [SingleBase]
2025/05/06-11:20:14 Pia.exe 執行作業:第4頁營業成本明細表 [SingleBase]
2025/05/06-11:20:39 Pia.exe 執行作業:第5頁製造費用明細表 [SingleBase]
2025/05/06-11:20:44 Pia.exe 執行作業:第5頁研究發展費 [SingleBase]
2025/05/06-11:20:49 Pia.exe 執行作業:第6/7頁列支限額之項目標準計算表 [SingleBase]
2025/05/06-11:24:45 Pia.exe 執行作業:第8頁各類給付扣繳稅款與申報金額調節表/第8頁各類收益扣繳稅款與申報金額調節表 [OtherBase]
2025/05/06-11:27:30 Pia.exe 執行作業:第9頁投資人明細及分配盈餘表 [OtherBase]
2025/05/06-11:28:09 Pia.exe 執行作業:第10頁盈餘分配表或盈虧撥補表 [SingleBase]
2025/05/06-11:30:45 Pia.exe 執行作業:第11頁未分配盈餘申報書 [SingleBase]
2025/05/06-11:31:05 Pia.exe 執行作業:第10頁盈餘分配表或盈虧撥補表 [SingleBase]
2025/05/06-11:31:09 Pia.exe 執行作業:第11頁未分配盈餘申報書 [SingleBase]
2025/05/06-11:31:43 Pia.exe 執行作業:第11頁未分配盈餘申報書 [SingleBase]
2025/05/06-11:31:51 Pia.exe 執行作業:第13頁直接劃撥退稅同意書 [SingleBase]
2025/05/06-11:34:09 Pia.exe 執行作業:第1頁損益表/第2頁基本稅額申報表 [OtherBase]
2025/05/06-11:42:07 Pia.exe 系統結束.
2025/05/06-11:55:22 PIA.exe 系統啟動.
2025/05/06-11:55:22 PIA.exe Got Version info :114.01,0630,0703,https://www.fia.gov.tw/WEB/fia/pia/113/1140411-%E9%9B%BB%E5%AD%90%E7%94%B3%E5%A0%B1%E4%BD%9C%E6%A5%AD%E8%A6%81%E9%BB%9E.pdf,5L6d6LKh5pS/6YOoMTE05bm0NOaciDE35pel5Y+w6LKh56iF5a2X56ysMTE0MDQ1NTU2NjDomZ/lhazlkYrvvIwxMTPlubTluqbnh5/liKnkuovmpa3miYDlvpfnqIXntZDnrpfnlLPloLHlj4rnubPntI3mnJ/plpPljp/ngroxMTTlubQ15pyIMeaXpeiHszXmnIgzMeaXpSjpgYflgYfml6XpoIblu7boh7M25pyIMuaXpSnvvIzlsZXlu7blvozmnJ/plpPngro15pyIMeaXpeiHszbmnIgzMOaXpeOAgg==,5L6d6LKh5pS/6YOoMTE05bm0NOaciDE35pel5Y+w6LKh56iF5a2X56ysMTE0MDQ1NTU2NjDomZ/lhazlkYrvvIwxMTTlubTluqbnh5/liKnkuovmpa3miYDlvpfnqIXmsbrnrpfnlLPloLHnubPntI3mnJ/plpPmiKrmraLml6XlnKgxMTTlubQ15pyIMeaXpeiHszXmnIgzMeaXpeacn+mWk++8jOWFtueUs+WgseWPiue5s+e0jeacn+mZkOWxleW7tjMw5pel6ICF77yM6KuL5L2/55So5aqS6auU5oiW5Lq65bel55Sz5aCx77yM6YCg5oiQ5LiN5L6/77yM5pWs6KuL6KaL6KuS77yB,5L6d6LKh5pS/6YOoMTE05bm0NOaciDE35pel5Y+w6LKh56iF5a2X56ysMTE0MDQ1NTU2NjDomZ/lhazlkYrvvIzmjqHnibnmrormnIPoqIjlubTluqbvvIjpgLHntZDliLbvvInntZDnrpfnlLPloLHnubPntI3mnJ/plpPmiKrmraLml6XlnKgxMTTlubQ15pyIMeaXpeiHszXmnIgzMeaXpeacn+mWk++8jOWFtueUs+WgseWPiue5s+e0jeacn+mZkOWxleW7tjMw5pel6ICF77yM6KuL5L2/55So5aqS6auU5oiW5Lq65bel55Sz5aCx77yM6YCg5oiQ5LiN5L6/77yM5pWs6KuL6KaL6KuS77yB 
2025/05/06-11:55:23 PIA.exe 系統結束.
2025/05/06-11:55:36 Pia.exe 系統啟動.
2025/05/06-11:55:37 Pia.exe Got Version info :114.01,0630,0703,https://www.fia.gov.tw/WEB/fia/pia/113/1140411-%E9%9B%BB%E5%AD%90%E7%94%B3%E5%A0%B1%E4%BD%9C%E6%A5%AD%E8%A6%81%E9%BB%9E.pdf,5L6d6LKh5pS/6YOoMTE05bm0NOaciDE35pel5Y+w6LKh56iF5a2X56ysMTE0MDQ1NTU2NjDomZ/lhazlkYrvvIwxMTPlubTluqbnh5/liKnkuovmpa3miYDlvpfnqIXntZDnrpfnlLPloLHlj4rnubPntI3mnJ/plpPljp/ngroxMTTlubQ15pyIMeaXpeiHszXmnIgzMeaXpSjpgYflgYfml6XpoIblu7boh7M25pyIMuaXpSnvvIzlsZXlu7blvozmnJ/plpPngro15pyIMeaXpeiHszbmnIgzMOaXpeOAgg==,5L6d6LKh5pS/6YOoMTE05bm0NOaciDE35pel5Y+w6LKh56iF5a2X56ysMTE0MDQ1NTU2NjDomZ/lhazlkYrvvIwxMTTlubTluqbnh5/liKnkuovmpa3miYDlvpfnqIXmsbrnrpfnlLPloLHnubPntI3mnJ/plpPmiKrmraLml6XlnKgxMTTlubQ15pyIMeaXpeiHszXmnIgzMeaXpeacn+mWk++8jOWFtueUs+WgseWPiue5s+e0jeacn+mZkOWxleW7tjMw5pel6ICF77yM6KuL5L2/55So5aqS6auU5oiW5Lq65bel55Sz5aCx77yM6YCg5oiQ5LiN5L6/77yM5pWs6KuL6KaL6KuS77yB,5L6d6LKh5pS/6YOoMTE05bm0NOaciDE35pel5Y+w6LKh56iF5a2X56ysMTE0MDQ1NTU2NjDomZ/lhazlkYrvvIzmjqHnibnmrormnIPoqIjlubTluqbvvIjpgLHntZDliLbvvInntZDnrpfnlLPloLHnubPntI3mnJ/plpPmiKrmraLml6XlnKgxMTTlubQ15pyIMeaXpeiHszXmnIgzMeaXpeacn+mWk++8jOWFtueUs+WgseWPiue5s+e0jeacn+mZkOWxleW7tjMw5pel6ICF77yM6KuL5L2/55So5aqS6auU5oiW5Lq65bel55Sz5aCx77yM6YCg5oiQ5LiN5L6/77yM5pWs6KuL6KaL6KuS77yB 
2025/05/06-11:59:52 Pia.exe 執行作業:第1頁損益表/第2頁基本稅額申報表 [OtherBase]
2025/05/06-12:10:13 Pia.exe 執行作業:第4頁營業成本明細表 [SingleBase]
2025/05/06-12:11:20 Pia.exe 執行作業:第5頁其他費用明細表 [MultiBase]
2025/05/06-12:11:39 Pia.exe 執行作業:第5頁製造費用明細表 [SingleBase]
2025/05/06-12:12:03 Pia.exe 執行作業:第5頁其他費用明細表 [MultiBase]
2025/05/06-12:12:29 Pia.exe 執行作業:第1頁損益表/第2頁基本稅額申報表 [OtherBase]
2025/05/06-12:12:38 Pia.exe 執行作業:第4頁營業成本明細表 [SingleBase]
2025/05/06-12:13:04 Pia.exe 執行作業:第5頁其他費用明細表 [MultiBase]
2025/05/06-12:13:31 Pia.exe 執行作業:第3頁資產負債表 [SingleBase]
2025/05/06-12:17:58 Pia.exe 執行作業:第5頁研究發展費 [SingleBase]
2025/05/06-12:18:03 Pia.exe 執行作業:第6/7頁列支限額之項目標準計算表 [SingleBase]
2025/05/06-12:19:02 Pia.exe 執行作業:第8頁各類給付扣繳稅款與申報金額調節表/第8頁各類收益扣繳稅款與申報金額調節表 [OtherBase]
2025/05/06-12:24:16 Pia.exe 執行作業:第9頁投資人明細及分配盈餘表 [OtherBase]
2025/05/06-12:24:28 Pia.exe 執行作業:第10頁盈餘分配表或盈虧撥補表 [SingleBase]
2025/05/06-12:27:05 Pia.exe 執行作業:第11頁未分配盈餘申報書 [SingleBase]
2025/05/06-12:27:28 Pia.exe 執行作業:第10頁盈餘分配表或盈虧撥補表 [SingleBase]
2025/05/06-12:27:33 Pia.exe 執行作業:第11頁未分配盈餘申報書 [SingleBase]
2025/05/06-12:28:12 Pia.exe 執行作業:第13頁直接劃撥退稅同意書 [SingleBase]
2025/05/06-12:33:18 Pia.exe 系統結束.
2025/05/06-12:33:31 PIA.exe 系統啟動.
2025/05/06-12:33:31 PIA.exe Got Version info :114.01,0630,0703,https://www.fia.gov.tw/WEB/fia/pia/113/1140411-%E9%9B%BB%E5%AD%90%E7%94%B3%E5%A0%B1%E4%BD%9C%E6%A5%AD%E8%A6%81%E9%BB%9E.pdf,5L6d6LKh5pS/6YOoMTE05bm0NOaciDE35pel5Y+w6LKh56iF5a2X56ysMTE0MDQ1NTU2NjDomZ/lhazlkYrvvIwxMTPlubTluqbnh5/liKnkuovmpa3miYDlvpfnqIXntZDnrpfnlLPloLHlj4rnubPntI3mnJ/plpPljp/ngroxMTTlubQ15pyIMeaXpeiHszXmnIgzMeaXpSjpgYflgYfml6XpoIblu7boh7M25pyIMuaXpSnvvIzlsZXlu7blvozmnJ/plpPngro15pyIMeaXpeiHszbmnIgzMOaXpeOAgg==,5L6d6LKh5pS/6YOoMTE05bm0NOaciDE35pel5Y+w6LKh56iF5a2X56ysMTE0MDQ1NTU2NjDomZ/lhazlkYrvvIwxMTTlubTluqbnh5/liKnkuovmpa3miYDlvpfnqIXmsbrnrpfnlLPloLHnubPntI3mnJ/plpPmiKrmraLml6XlnKgxMTTlubQ15pyIMeaXpeiHszXmnIgzMeaXpeacn+mWk++8jOWFtueUs+WgseWPiue5s+e0jeacn+mZkOWxleW7tjMw5pel6ICF77yM6KuL5L2/55So5aqS6auU5oiW5Lq65bel55Sz5aCx77yM6YCg5oiQ5LiN5L6/77yM5pWs6KuL6KaL6KuS77yB,5L6d6LKh5pS/6YOoMTE05bm0NOaciDE35pel5Y+w6LKh56iF5a2X56ysMTE0MDQ1NTU2NjDomZ/lhazlkYrvvIzmjqHnibnmrormnIPoqIjlubTluqbvvIjpgLHntZDliLbvvInntZDnrpfnlLPloLHnubPntI3mnJ/plpPmiKrmraLml6XlnKgxMTTlubQ15pyIMeaXpeiHszXmnIgzMeaXpeacn+mWk++8jOWFtueUs+WgseWPiue5s+e0jeacn+mZkOWxleW7tjMw5pel6ICF77yM6KuL5L2/55So5aqS6auU5oiW5Lq65bel55Sz5aCx77yM6YCg5oiQ5LiN5L6/77yM5pWs6KuL6KaL6KuS77yB 
2025/05/06-12:33:31 PIA.exe 系統結束.
2025/05/06-12:33:36 Pia.exe 系統啟動.
2025/05/06-12:33:36 Pia.exe Got Version info :114.01,0630,0703,https://www.fia.gov.tw/WEB/fia/pia/113/1140411-%E9%9B%BB%E5%AD%90%E7%94%B3%E5%A0%B1%E4%BD%9C%E6%A5%AD%E8%A6%81%E9%BB%9E.pdf,5L6d6LKh5pS/6YOoMTE05bm0NOaciDE35pel5Y+w6LKh56iF5a2X56ysMTE0MDQ1NTU2NjDomZ/lhazlkYrvvIwxMTPlubTluqbnh5/liKnkuovmpa3miYDlvpfnqIXntZDnrpfnlLPloLHlj4rnubPntI3mnJ/plpPljp/ngroxMTTlubQ15pyIMeaXpeiHszXmnIgzMeaXpSjpgYflgYfml6XpoIblu7boh7M25pyIMuaXpSnvvIzlsZXlu7blvozmnJ/plpPngro15pyIMeaXpeiHszbmnIgzMOaXpeOAgg==,5L6d6LKh5pS/6YOoMTE05bm0NOaciDE35pel5Y+w6LKh56iF5a2X56ysMTE0MDQ1NTU2NjDomZ/lhazlkYrvvIwxMTTlubTluqbnh5/liKnkuovmpa3miYDlvpfnqIXmsbrnrpfnlLPloLHnubPntI3mnJ/plpPmiKrmraLml6XlnKgxMTTlubQ15pyIMeaXpeiHszXmnIgzMeaXpeacn+mWk++8jOWFtueUs+WgseWPiue5s+e0jeacn+mZkOWxleW7tjMw5pel6ICF77yM6KuL5L2/55So5aqS6auU5oiW5Lq65bel55Sz5aCx77yM6YCg5oiQ5LiN5L6/77yM5pWs6KuL6KaL6KuS77yB,5L6d6LKh5pS/6YOoMTE05bm0NOaciDE35pel5Y+w6LKh56iF5a2X56ysMTE0MDQ1NTU2NjDomZ/lhazlkYrvvIzmjqHnibnmrormnIPoqIjlubTluqbvvIjpgLHntZDliLbvvInntZDnrpfnlLPloLHnubPntI3mnJ/plpPmiKrmraLml6XlnKgxMTTlubQ15pyIMeaXpeiHszXmnIgzMeaXpeacn+mWk++8jOWFtueUs+WgseWPiue5s+e0jeacn+mZkOWxleW7tjMw5pel6ICF77yM6KuL5L2/55So5aqS6auU5oiW5Lq65bel55Sz5aCx77yM6YCg5oiQ5LiN5L6/77yM5pWs6KuL6KaL6KuS77yB 
2025/05/06-12:36:16 Pia.exe 系統結束.
2025/05/06-12:43:49 PIA.exe 系統啟動.
2025/05/06-12:43:49 PIA.exe Got Version info :114.01,0630,0703,https://www.fia.gov.tw/WEB/fia/pia/113/1140411-%E9%9B%BB%E5%AD%90%E7%94%B3%E5%A0%B1%E4%BD%9C%E6%A5%AD%E8%A6%81%E9%BB%9E.pdf,5L6d6LKh5pS/6YOoMTE05bm0NOaciDE35pel5Y+w6LKh56iF5a2X56ysMTE0MDQ1NTU2NjDomZ/lhazlkYrvvIwxMTPlubTluqbnh5/liKnkuovmpa3miYDlvpfnqIXntZDnrpfnlLPloLHlj4rnubPntI3mnJ/plpPljp/ngroxMTTlubQ15pyIMeaXpeiHszXmnIgzMeaXpSjpgYflgYfml6XpoIblu7boh7M25pyIMuaXpSnvvIzlsZXlu7blvozmnJ/plpPngro15pyIMeaXpeiHszbmnIgzMOaXpeOAgg==,5L6d6LKh5pS/6YOoMTE05bm0NOaciDE35pel5Y+w6LKh56iF5a2X56ysMTE0MDQ1NTU2NjDomZ/lhazlkYrvvIwxMTTlubTluqbnh5/liKnkuovmpa3miYDlvpfnqIXmsbrnrpfnlLPloLHnubPntI3mnJ/plpPmiKrmraLml6XlnKgxMTTlubQ15pyIMeaXpeiHszXmnIgzMeaXpeacn+mWk++8jOWFtueUs+WgseWPiue5s+e0jeacn+mZkOWxleW7tjMw5pel6ICF77yM6KuL5L2/55So5aqS6auU5oiW5Lq65bel55Sz5aCx77yM6YCg5oiQ5LiN5L6/77yM5pWs6KuL6KaL6KuS77yB,5L6d6LKh5pS/6YOoMTE05bm0NOaciDE35pel5Y+w6LKh56iF5a2X56ysMTE0MDQ1NTU2NjDomZ/lhazlkYrvvIzmjqHnibnmrormnIPoqIjlubTluqbvvIjpgLHntZDliLbvvInntZDnrpfnlLPloLHnubPntI3mnJ/plpPmiKrmraLml6XlnKgxMTTlubQ15pyIMeaXpeiHszXmnIgzMeaXpeacn+mWk++8jOWFtueUs+WgseWPiue5s+e0jeacn+mZkOWxleW7tjMw5pel6ICF77yM6KuL5L2/55So5aqS6auU5oiW5Lq65bel55Sz5aCx77yM6YCg5oiQ5LiN5L6/77yM5pWs6KuL6KaL6KuS77yB 
2025/05/06-12:43:50 PIA.exe 系統結束.
2025/05/06-12:43:53 Pia.exe 系統啟動.
2025/05/06-12:43:53 Pia.exe Got Version info :114.01,0630,0703,https://www.fia.gov.tw/WEB/fia/pia/113/1140411-%E9%9B%BB%E5%AD%90%E7%94%B3%E5%A0%B1%E4%BD%9C%E6%A5%AD%E8%A6%81%E9%BB%9E.pdf,5L6d6LKh5pS/6YOoMTE05bm0NOaciDE35pel5Y+w6LKh56iF5a2X56ysMTE0MDQ1NTU2NjDomZ/lhazlkYrvvIwxMTPlubTluqbnh5/liKnkuovmpa3miYDlvpfnqIXntZDnrpfnlLPloLHlj4rnubPntI3mnJ/plpPljp/ngroxMTTlubQ15pyIMeaXpeiHszXmnIgzMeaXpSjpgYflgYfml6XpoIblu7boh7M25pyIMuaXpSnvvIzlsZXlu7blvozmnJ/plpPngro15pyIMeaXpeiHszbmnIgzMOaXpeOAgg==,5L6d6LKh5pS/6YOoMTE05bm0NOaciDE35pel5Y+w6LKh56iF5a2X56ysMTE0MDQ1NTU2NjDomZ/lhazlkYrvvIwxMTTlubTluqbnh5/liKnkuovmpa3miYDlvpfnqIXmsbrnrpfnlLPloLHnubPntI3mnJ/plpPmiKrmraLml6XlnKgxMTTlubQ15pyIMeaXpeiHszXmnIgzMeaXpeacn+mWk++8jOWFtueUs+WgseWPiue5s+e0jeacn+mZkOWxleW7tjMw5pel6ICF77yM6KuL5L2/55So5aqS6auU5oiW5Lq65bel55Sz5aCx77yM6YCg5oiQ5LiN5L6/77yM5pWs6KuL6KaL6KuS77yB,5L6d6LKh5pS/6YOoMTE05bm0NOaciDE35pel5Y+w6LKh56iF5a2X56ysMTE0MDQ1NTU2NjDomZ/lhazlkYrvvIzmjqHnibnmrormnIPoqIjlubTluqbvvIjpgLHntZDliLbvvInntZDnrpfnlLPloLHnubPntI3mnJ/plpPmiKrmraLml6XlnKgxMTTlubQ15pyIMeaXpeiHszXmnIgzMeaXpeacn+mWk++8jOWFtueUs+WgseWPiue5s+e0jeacn+mZkOWxleW7tjMw5pel6ICF77yM6KuL5L2/55So5aqS6auU5oiW5Lq65bel55Sz5aCx77yM6YCg5oiQ5LiN5L6/77yM5pWs6KuL6KaL6KuS77yB 
2025/05/06-13:29:20 Pia.exe 系統結束.
2025/05/06-13:53:40 PIA.exe 系統啟動.
2025/05/06-13:53:41 PIA.exe Got Version info :114.01,0630,0703,https://www.fia.gov.tw/WEB/fia/pia/113/1140411-%E9%9B%BB%E5%AD%90%E7%94%B3%E5%A0%B1%E4%BD%9C%E6%A5%AD%E8%A6%81%E9%BB%9E.pdf,5L6d6LKh5pS/6YOoMTE05bm0NOaciDE35pel5Y+w6LKh56iF5a2X56ysMTE0MDQ1NTU2NjDomZ/lhazlkYrvvIwxMTPlubTluqbnh5/liKnkuovmpa3miYDlvpfnqIXntZDnrpfnlLPloLHlj4rnubPntI3mnJ/plpPljp/ngroxMTTlubQ15pyIMeaXpeiHszXmnIgzMeaXpSjpgYflgYfml6XpoIblu7boh7M25pyIMuaXpSnvvIzlsZXlu7blvozmnJ/plpPngro15pyIMeaXpeiHszbmnIgzMOaXpeOAgg==,5L6d6LKh5pS/6YOoMTE05bm0NOaciDE35pel5Y+w6LKh56iF5a2X56ysMTE0MDQ1NTU2NjDomZ/lhazlkYrvvIwxMTTlubTluqbnh5/liKnkuovmpa3miYDlvpfnqIXmsbrnrpfnlLPloLHnubPntI3mnJ/plpPmiKrmraLml6XlnKgxMTTlubQ15pyIMeaXpeiHszXmnIgzMeaXpeacn+mWk++8jOWFtueUs+WgseWPiue5s+e0jeacn+mZkOWxleW7tjMw5pel6ICF77yM6KuL5L2/55So5aqS6auU5oiW5Lq65bel55Sz5aCx77yM6YCg5oiQ5LiN5L6/77yM5pWs6KuL6KaL6KuS77yB,5L6d6LKh5pS/6YOoMTE05bm0NOaciDE35pel5Y+w6LKh56iF5a2X56ysMTE0MDQ1NTU2NjDomZ/lhazlkYrvvIzmjqHnibnmrormnIPoqIjlubTluqbvvIjpgLHntZDliLbvvInntZDnrpfnlLPloLHnubPntI3mnJ/plpPmiKrmraLml6XlnKgxMTTlubQ15pyIMeaXpeiHszXmnIgzMeaXpeacn+mWk++8jOWFtueUs+WgseWPiue5s+e0jeacn+mZkOWxleW7tjMw5pel6ICF77yM6KuL5L2/55So5aqS6auU5oiW5Lq65bel55Sz5aCx77yM6YCg5oiQ5LiN5L6/77yM5pWs6KuL6KaL6KuS77yB 
2025/05/06-13:53:41 PIA.exe 系統結束.
2025/05/06-13:53:47 Pia.exe 系統啟動.
2025/05/06-13:53:47 Pia.exe Got Version info :114.01,0630,0703,https://www.fia.gov.tw/WEB/fia/pia/113/1140411-%E9%9B%BB%E5%AD%90%E7%94%B3%E5%A0%B1%E4%BD%9C%E6%A5%AD%E8%A6%81%E9%BB%9E.pdf,5L6d6LKh5pS/6YOoMTE05bm0NOaciDE35pel5Y+w6LKh56iF5a2X56ysMTE0MDQ1NTU2NjDomZ/lhazlkYrvvIwxMTPlubTluqbnh5/liKnkuovmpa3miYDlvpfnqIXntZDnrpfnlLPloLHlj4rnubPntI3mnJ/plpPljp/ngroxMTTlubQ15pyIMeaXpeiHszXmnIgzMeaXpSjpgYflgYfml6XpoIblu7boh7M25pyIMuaXpSnvvIzlsZXlu7blvozmnJ/plpPngro15pyIMeaXpeiHszbmnIgzMOaXpeOAgg==,5L6d6LKh5pS/6YOoMTE05bm0NOaciDE35pel5Y+w6LKh56iF5a2X56ysMTE0MDQ1NTU2NjDomZ/lhazlkYrvvIwxMTTlubTluqbnh5/liKnkuovmpa3miYDlvpfnqIXmsbrnrpfnlLPloLHnubPntI3mnJ/plpPmiKrmraLml6XlnKgxMTTlubQ15pyIMeaXpeiHszXmnIgzMeaXpeacn+mWk++8jOWFtueUs+WgseWPiue5s+e0jeacn+mZkOWxleW7tjMw5pel6ICF77yM6KuL5L2/55So5aqS6auU5oiW5Lq65bel55Sz5aCx77yM6YCg5oiQ5LiN5L6/77yM5pWs6KuL6KaL6KuS77yB,5L6d6LKh5pS/6YOoMTE05bm0NOaciDE35pel5Y+w6LKh56iF5a2X56ysMTE0MDQ1NTU2NjDomZ/lhazlkYrvvIzmjqHnibnmrormnIPoqIjlubTluqbvvIjpgLHntZDliLbvvInntZDnrpfnlLPloLHnubPntI3mnJ/plpPmiKrmraLml6XlnKgxMTTlubQ15pyIMeaXpeiHszXmnIgzMeaXpeacn+mWk++8jOWFtueUs+WgseWPiue5s+e0jeacn+mZkOWxleW7tjMw5pel6ICF77yM6KuL5L2/55So5aqS6auU5oiW5Lq65bel55Sz5aCx77yM6YCg5oiQ5LiN5L6/77yM5pWs6KuL6KaL6KuS77yB 
2025/05/06-13:59:54 Pia.exe 執行作業:第1頁損益表/第2頁基本稅額申報表 [OtherBase]
2025/05/06-14:01:28 Pia.exe 執行作業:第5頁製造費用明細表 [SingleBase]
2025/05/06-14:01:31 Pia.exe 執行作業:第1頁損益表/第2頁基本稅額申報表 [OtherBase]
2025/05/06-14:02:04 Pia.exe 執行作業:第5頁其他費用明細表 [MultiBase]
2025/05/06-14:04:09 Pia.exe 執行作業:第3頁資產負債表 [SingleBase]
2025/05/06-14:07:22 Pia.exe 執行作業:第4頁營業成本明細表 [SingleBase]
2025/05/06-14:07:29 Pia.exe 執行作業:第1頁損益表/第2頁基本稅額申報表 [OtherBase]
2025/05/06-14:10:02 Pia.exe 執行作業:第13頁直接劃撥退稅同意書 [SingleBase]
2025/05/06-14:12:29 Pia.exe 執行作業:第5頁製造費用明細表 [SingleBase]
2025/05/06-14:12:33 Pia.exe 執行作業:第5頁研究發展費 [SingleBase]
2025/05/06-14:12:55 Pia.exe 執行作業:第6/7頁列支限額之項目標準計算表 [SingleBase]
2025/05/06-14:13:28 Pia.exe 執行作業:第8頁各類給付扣繳稅款與申報金額調節表/第8頁各類收益扣繳稅款與申報金額調節表 [OtherBase]
2025/05/06-14:16:28 Pia.exe 執行作業:第9頁投資人明細及分配盈餘表 [OtherBase]
2025/05/06-14:41:04 Pia.exe 執行作業:第9頁投資人明細及分配盈餘表 [OtherBase]
2025/05/06-14:43:06 Pia.exe 執行作業:第C4頁股東股份股票轉讓通報表 [OtherBase]
2025/05/06-14:46:20 Pia.exe 執行作業:第C4頁股東股份股票轉讓通報表 [OtherBase]
2025/05/06-14:46:31 Pia.exe 執行作業:第C4頁股東股份股票轉讓通報表 [OtherBase]
2025/05/06-14:52:56 Pia.exe 系統結束.
2025/05/09-10:45:25 PIA.exe 系統啟動.
2025/05/09-10:45:26 PIA.exe Got Version info :114.02,0630,0703,https://www.fia.gov.tw/WEB/fia/pia/113/1140411-%E9%9B%BB%E5%AD%90%E7%94%B3%E5%A0%B1%E4%BD%9C%E6%A5%AD%E8%A6%81%E9%BB%9E.pdf,5L6d6LKh5pS/6YOoMTE05bm0NOaciDE35pel5Y+w6LKh56iF5a2X56ysMTE0MDQ1NTU2NjDomZ/lhazlkYrvvIwxMTPlubTluqbnh5/liKnkuovmpa3miYDlvpfnqIXntZDnrpfnlLPloLHlj4rnubPntI3mnJ/plpPljp/ngroxMTTlubQ15pyIMeaXpeiHszXmnIgzMeaXpSjpgYflgYfml6XpoIblu7boh7M25pyIMuaXpSnvvIzlsZXlu7blvozmnJ/plpPngro15pyIMeaXpeiHszbmnIgzMOaXpeOAgg==,5L6d6LKh5pS/6YOoMTE05bm0NOaciDE35pel5Y+w6LKh56iF5a2X56ysMTE0MDQ1NTU2NjDomZ/lhazlkYrvvIwxMTTlubTluqbnh5/liKnkuovmpa3miYDlvpfnqIXmsbrnrpfnlLPloLHnubPntI3mnJ/plpPmiKrmraLml6XlnKgxMTTlubQ15pyIMeaXpeiHszXmnIgzMeaXpeacn+mWk++8jOWFtueUs+WgseWPiue5s+e0jeacn+mZkOWxleW7tjMw5pel6ICF77yM6KuL5L2/55So5aqS6auU5oiW5Lq65bel55Sz5aCx77yM6YCg5oiQ5LiN5L6/77yM5pWs6KuL6KaL6KuS77yB,5L6d6LKh5pS/6YOoMTE05bm0NOaciDE35pel5Y+w6LKh56iF5a2X56ysMTE0MDQ1NTU2NjDomZ/lhazlkYrvvIzmjqHnibnmrormnIPoqIjlubTluqbvvIjpgLHntZDliLbvvInntZDnrpfnlLPloLHnubPntI3mnJ/plpPmiKrmraLml6XlnKgxMTTlubQ15pyIMeaXpeiHszXmnIgzMeaXpeacn+mWk++8jOWFtueUs+WgseWPiue5s+e0jeacn+mZkOWxleW7tjMw5pel6ICF77yM6KuL5L2/55So5aqS6auU5oiW5Lq65bel55Sz5aCx77yM6YCg5oiQ5LiN5L6/77yM5pWs6KuL6KaL6KuS77yB 
2025/05/09-10:45:26 PIA.exe 系統結束.
2025/05/09-10:45:50 Pia.exe 系統啟動.
2025/05/09-10:45:50 Pia.exe Got Version info :114.02,0630,0703,https://www.fia.gov.tw/WEB/fia/pia/113/1140411-%E9%9B%BB%E5%AD%90%E7%94%B3%E5%A0%B1%E4%BD%9C%E6%A5%AD%E8%A6%81%E9%BB%9E.pdf,5L6d6LKh5pS/6YOoMTE05bm0NOaciDE35pel5Y+w6LKh56iF5a2X56ysMTE0MDQ1NTU2NjDomZ/lhazlkYrvvIwxMTPlubTluqbnh5/liKnkuovmpa3miYDlvpfnqIXntZDnrpfnlLPloLHlj4rnubPntI3mnJ/plpPljp/ngroxMTTlubQ15pyIMeaXpeiHszXmnIgzMeaXpSjpgYflgYfml6XpoIblu7boh7M25pyIMuaXpSnvvIzlsZXlu7blvozmnJ/plpPngro15pyIMeaXpeiHszbmnIgzMOaXpeOAgg==,5L6d6LKh5pS/6YOoMTE05bm0NOaciDE35pel5Y+w6LKh56iF5a2X56ysMTE0MDQ1NTU2NjDomZ/lhazlkYrvvIwxMTTlubTluqbnh5/liKnkuovmpa3miYDlvpfnqIXmsbrnrpfnlLPloLHnubPntI3mnJ/plpPmiKrmraLml6XlnKgxMTTlubQ15pyIMeaXpeiHszXmnIgzMeaXpeacn+mWk++8jOWFtueUs+WgseWPiue5s+e0jeacn+mZkOWxleW7tjMw5pel6ICF77yM6KuL5L2/55So5aqS6auU5oiW5Lq65bel55Sz5aCx77yM6YCg5oiQ5LiN5L6/77yM5pWs6KuL6KaL6KuS77yB,5L6d6LKh5pS/6YOoMTE05bm0NOaciDE35pel5Y+w6LKh56iF5a2X56ysMTE0MDQ1NTU2NjDomZ/lhazlkYrvvIzmjqHnibnmrormnIPoqIjlubTluqbvvIjpgLHntZDliLbvvInntZDnrpfnlLPloLHnubPntI3mnJ/plpPmiKrmraLml6XlnKgxMTTlubQ15pyIMeaXpeiHszXmnIgzMeaXpeacn+mWk++8jOWFtueUs+WgseWPiue5s+e0jeacn+mZkOWxleW7tjMw5pel6ICF77yM6KuL5L2/55So5aqS6auU5oiW5Lq65bel55Sz5aCx77yM6YCg5oiQ5LiN5L6/77yM5pWs6KuL6KaL6KuS77yB 
2025/05/09-10:50:25 Pia.exe 執行作業:第1頁損益表/第2頁基本稅額申報表 [OtherBase]
2025/05/09-10:54:19 Pia.exe 執行作業:第1頁損益表/第2頁基本稅額申報表 [OtherBase]
2025/05/09-10:55:38 Pia.exe 執行作業:第4頁營業成本明細表 [SingleBase]
2025/05/09-10:55:43 Pia.exe 執行作業:第3頁資產負債表 [SingleBase]
2025/05/09-10:58:54 Pia.exe 執行作業:第4頁營業成本明細表 [SingleBase]
2025/05/09-10:58:58 Pia.exe 執行作業:第5頁其他費用明細表 [MultiBase]
2025/05/09-10:59:07 Pia.exe 執行作業:第5頁其他費用明細表 [MultiBase]
2025/05/09-10:59:12 Pia.exe 執行作業:第5頁製造費用明細表 [SingleBase]
2025/05/09-10:59:17 Pia.exe 執行作業:第5頁研究發展費 [SingleBase]
2025/05/09-10:59:22 Pia.exe 執行作業:第6/7頁列支限額之項目標準計算表 [SingleBase]
2025/05/09-11:02:56 Pia.exe 執行作業:第8頁各類給付扣繳稅款與申報金額調節表/第8頁各類收益扣繳稅款與申報金額調節表 [OtherBase]
2025/05/09-11:09:53 Pia.exe 執行作業:第9頁投資人明細及分配盈餘表 [OtherBase]
2025/05/09-11:11:39 Pia.exe 執行作業:第9頁投資人明細及分配盈餘表 [OtherBase]
2025/05/09-11:15:20 Pia.exe 執行作業:第9頁投資人明細及分配盈餘表 [OtherBase]
2025/05/09-11:22:47 Pia.exe 執行作業:第8頁各類給付扣繳稅款與申報金額調節表/第8頁各類收益扣繳稅款與申報金額調節表 [OtherBase]
2025/05/09-11:22:55 Pia.exe 執行作業:第10頁盈餘分配表或盈虧撥補表 [SingleBase]
2025/05/09-11:27:00 Pia.exe 執行作業:第5頁其他費用明細表 [MultiBase]
2025/05/09-11:27:07 Pia.exe 執行作業:第11頁未分配盈餘申報書 [SingleBase]
2025/05/09-11:30:09 Pia.exe 執行作業:第1頁損益表/第2頁基本稅額申報表 [OtherBase]
2025/05/09-11:30:38 Pia.exe 執行作業:第13頁直接劃撥退稅同意書 [SingleBase]
2025/05/09-11:34:01 Pia.exe 執行作業:第3頁資產負債表 [SingleBase]
2025/05/09-11:43:53 Pia.exe 系統結束.
2025/05/09-11:51:53 PIA.exe 系統啟動.
2025/05/09-11:51:53 PIA.exe Got Version info :114.02,0630,0703,https://www.fia.gov.tw/WEB/fia/pia/113/1140411-%E9%9B%BB%E5%AD%90%E7%94%B3%E5%A0%B1%E4%BD%9C%E6%A5%AD%E8%A6%81%E9%BB%9E.pdf,5L6d6LKh5pS/6YOoMTE05bm0NOaciDE35pel5Y+w6LKh56iF5a2X56ysMTE0MDQ1NTU2NjDomZ/lhazlkYrvvIwxMTPlubTluqbnh5/liKnkuovmpa3miYDlvpfnqIXntZDnrpfnlLPloLHlj4rnubPntI3mnJ/plpPljp/ngroxMTTlubQ15pyIMeaXpeiHszXmnIgzMeaXpSjpgYflgYfml6XpoIblu7boh7M25pyIMuaXpSnvvIzlsZXlu7blvozmnJ/plpPngro15pyIMeaXpeiHszbmnIgzMOaXpeOAgg==,5L6d6LKh5pS/6YOoMTE05bm0NOaciDE35pel5Y+w6LKh56iF5a2X56ysMTE0MDQ1NTU2NjDomZ/lhazlkYrvvIwxMTTlubTluqbnh5/liKnkuovmpa3miYDlvpfnqIXmsbrnrpfnlLPloLHnubPntI3mnJ/plpPmiKrmraLml6XlnKgxMTTlubQ15pyIMeaXpeiHszXmnIgzMeaXpeacn+mWk++8jOWFtueUs+WgseWPiue5s+e0jeacn+mZkOWxleW7tjMw5pel6ICF77yM6KuL5L2/55So5aqS6auU5oiW5Lq65bel55Sz5aCx77yM6YCg5oiQ5LiN5L6/77yM5pWs6KuL6KaL6KuS77yB,5L6d6LKh5pS/6YOoMTE05bm0NOaciDE35pel5Y+w6LKh56iF5a2X56ysMTE0MDQ1NTU2NjDomZ/lhazlkYrvvIzmjqHnibnmrormnIPoqIjlubTluqbvvIjpgLHntZDliLbvvInntZDnrpfnlLPloLHnubPntI3mnJ/plpPmiKrmraLml6XlnKgxMTTlubQ15pyIMeaXpeiHszXmnIgzMeaXpeacn+mWk++8jOWFtueUs+WgseWPiue5s+e0jeacn+mZkOWxleW7tjMw5pel6ICF77yM6KuL5L2/55So5aqS6auU5oiW5Lq65bel55Sz5aCx77yM6YCg5oiQ5LiN5L6/77yM5pWs6KuL6KaL6KuS77yB 
2025/05/09-11:51:54 PIA.exe 系統結束.
2025/05/09-11:51:58 Pia.exe 系統啟動.
2025/05/09-11:51:58 Pia.exe Got Version info :114.02,0630,0703,https://www.fia.gov.tw/WEB/fia/pia/113/1140411-%E9%9B%BB%E5%AD%90%E7%94%B3%E5%A0%B1%E4%BD%9C%E6%A5%AD%E8%A6%81%E9%BB%9E.pdf,5L6d6LKh5pS/6YOoMTE05bm0NOaciDE35pel5Y+w6LKh56iF5a2X56ysMTE0MDQ1NTU2NjDomZ/lhazlkYrvvIwxMTPlubTluqbnh5/liKnkuovmpa3miYDlvpfnqIXntZDnrpfnlLPloLHlj4rnubPntI3mnJ/plpPljp/ngroxMTTlubQ15pyIMeaXpeiHszXmnIgzMeaXpSjpgYflgYfml6XpoIblu7boh7M25pyIMuaXpSnvvIzlsZXlu7blvozmnJ/plpPngro15pyIMeaXpeiHszbmnIgzMOaXpeOAgg==,5L6d6LKh5pS/6YOoMTE05bm0NOaciDE35pel5Y+w6LKh56iF5a2X56ysMTE0MDQ1NTU2NjDomZ/lhazlkYrvvIwxMTTlubTluqbnh5/liKnkuovmpa3miYDlvpfnqIXmsbrnrpfnlLPloLHnubPntI3mnJ/plpPmiKrmraLml6XlnKgxMTTlubQ15pyIMeaXpeiHszXmnIgzMeaXpeacn+mWk++8jOWFtueUs+WgseWPiue5s+e0jeacn+mZkOWxleW7tjMw5pel6ICF77yM6KuL5L2/55So5aqS6auU5oiW5Lq65bel55Sz5aCx77yM6YCg5oiQ5LiN5L6/77yM5pWs6KuL6KaL6KuS77yB,5L6d6LKh5pS/6YOoMTE05bm0NOaciDE35pel5Y+w6LKh56iF5a2X56ysMTE0MDQ1NTU2NjDomZ/lhazlkYrvvIzmjqHnibnmrormnIPoqIjlubTluqbvvIjpgLHntZDliLbvvInntZDnrpfnlLPloLHnubPntI3mnJ/plpPmiKrmraLml6XlnKgxMTTlubQ15pyIMeaXpeiHszXmnIgzMeaXpeacn+mWk++8jOWFtueUs+WgseWPiue5s+e0jeacn+mZkOWxleW7tjMw5pel6ICF77yM6KuL5L2/55So5aqS6auU5oiW5Lq65bel55Sz5aCx77yM6YCg5oiQ5LiN5L6/77yM5pWs6KuL6KaL6KuS77yB 
2025/05/09-11:55:22 Pia.exe 執行作業:第1頁損益表/第2頁基本稅額申報表 [OtherBase]
2025/05/09-11:55:36 Pia.exe 執行作業:第4頁營業成本明細表 [SingleBase]
2025/05/09-11:56:14 Pia.exe 執行作業:第5頁其他費用明細表 [MultiBase]
2025/05/09-11:56:48 Pia.exe 執行作業:第5頁其他費用明細表 [MultiBase]
2025/05/09-11:57:26 Pia.exe 執行作業:第5頁其他費用明細表 [MultiBase]
2025/05/09-12:09:56 Pia.exe 執行作業:第1頁損益表/第2頁基本稅額申報表 [OtherBase]
2025/05/09-12:10:01 Pia.exe 執行作業:第3頁資產負債表 [SingleBase]
2025/05/09-12:13:04 Pia.exe 執行作業:第4頁營業成本明細表 [SingleBase]
2025/05/09-12:13:10 Pia.exe 執行作業:第5頁製造費用明細表 [SingleBase]
2025/05/09-12:13:15 Pia.exe 執行作業:第5頁研究發展費 [SingleBase]
2025/05/09-12:13:21 Pia.exe 執行作業:第5頁其他費用明細表 [MultiBase]
2025/05/09-12:13:31 Pia.exe 執行作業:第6/7頁列支限額之項目標準計算表 [SingleBase]
2025/05/09-12:14:14 Pia.exe 執行作業:第8頁各類給付扣繳稅款與申報金額調節表/第8頁各類收益扣繳稅款與申報金額調節表 [OtherBase]
2025/05/09-12:16:44 Pia.exe 執行作業:第9頁投資人明細及分配盈餘表 [OtherBase]
2025/05/09-12:22:44 Pia.exe 執行作業:第10頁盈餘分配表或盈虧撥補表 [SingleBase]
2025/05/09-12:24:52 Pia.exe 執行作業:第11頁未分配盈餘申報書 [SingleBase]
2025/05/09-12:25:19 Pia.exe 執行作業:第10頁盈餘分配表或盈虧撥補表 [SingleBase]
2025/05/09-12:25:26 Pia.exe 執行作業:第11頁未分配盈餘申報書 [SingleBase]
2025/05/09-12:26:14 Pia.exe 執行作業:第1頁損益表/第2頁基本稅額申報表 [OtherBase]
2025/05/09-12:27:42 Pia.exe 執行作業:第8頁各類給付扣繳稅款與申報金額調節表/第8頁各類收益扣繳稅款與申報金額調節表 [OtherBase]
2025/05/09-13:01:03 Pia.exe 系統結束.
2025/05/09-13:34:09 PIA.exe 系統啟動.
2025/05/09-13:34:10 PIA.exe Got Version info :114.02,0630,0703,https://www.fia.gov.tw/WEB/fia/pia/113/1140411-%E9%9B%BB%E5%AD%90%E7%94%B3%E5%A0%B1%E4%BD%9C%E6%A5%AD%E8%A6%81%E9%BB%9E.pdf,5L6d6LKh5pS/6YOoMTE05bm0NOaciDE35pel5Y+w6LKh56iF5a2X56ysMTE0MDQ1NTU2NjDomZ/lhazlkYrvvIwxMTPlubTluqbnh5/liKnkuovmpa3miYDlvpfnqIXntZDnrpfnlLPloLHlj4rnubPntI3mnJ/plpPljp/ngroxMTTlubQ15pyIMeaXpeiHszXmnIgzMeaXpSjpgYflgYfml6XpoIblu7boh7M25pyIMuaXpSnvvIzlsZXlu7blvozmnJ/plpPngro15pyIMeaXpeiHszbmnIgzMOaXpeOAgg==,5L6d6LKh5pS/6YOoMTE05bm0NOaciDE35pel5Y+w6LKh56iF5a2X56ysMTE0MDQ1NTU2NjDomZ/lhazlkYrvvIwxMTTlubTluqbnh5/liKnkuovmpa3miYDlvpfnqIXmsbrnrpfnlLPloLHnubPntI3mnJ/plpPmiKrmraLml6XlnKgxMTTlubQ15pyIMeaXpeiHszXmnIgzMeaXpeacn+mWk++8jOWFtueUs+WgseWPiue5s+e0jeacn+mZkOWxleW7tjMw5pel6ICF77yM6KuL5L2/55So5aqS6auU5oiW5Lq65bel55Sz5aCx77yM6YCg5oiQ5LiN5L6/77yM5pWs6KuL6KaL6KuS77yB,5L6d6LKh5pS/6YOoMTE05bm0NOaciDE35pel5Y+w6LKh56iF5a2X56ysMTE0MDQ1NTU2NjDomZ/lhazlkYrvvIzmjqHnibnmrormnIPoqIjlubTluqbvvIjpgLHntZDliLbvvInntZDnrpfnlLPloLHnubPntI3mnJ/plpPmiKrmraLml6XlnKgxMTTlubQ15pyIMeaXpeiHszXmnIgzMeaXpeacn+mWk++8jOWFtueUs+WgseWPiue5s+e0jeacn+mZkOWxleW7tjMw5pel6ICF77yM6KuL5L2/55So5aqS6auU5oiW5Lq65bel55Sz5aCx77yM6YCg5oiQ5LiN5L6/77yM5pWs6KuL6KaL6KuS77yB 
2025/05/09-13:34:10 PIA.exe 系統結束.
2025/05/09-13:34:14 Pia.exe 系統啟動.
2025/05/09-13:34:14 Pia.exe Got Version info :114.02,0630,0703,https://www.fia.gov.tw/WEB/fia/pia/113/1140411-%E9%9B%BB%E5%AD%90%E7%94%B3%E5%A0%B1%E4%BD%9C%E6%A5%AD%E8%A6%81%E9%BB%9E.pdf,5L6d6LKh5pS/6YOoMTE05bm0NOaciDE35pel5Y+w6LKh56iF5a2X56ysMTE0MDQ1NTU2NjDomZ/lhazlkYrvvIwxMTPlubTluqbnh5/liKnkuovmpa3miYDlvpfnqIXntZDnrpfnlLPloLHlj4rnubPntI3mnJ/plpPljp/ngroxMTTlubQ15pyIMeaXpeiHszXmnIgzMeaXpSjpgYflgYfml6XpoIblu7boh7M25pyIMuaXpSnvvIzlsZXlu7blvozmnJ/plpPngro15pyIMeaXpeiHszbmnIgzMOaXpeOAgg==,5L6d6LKh5pS/6YOoMTE05bm0NOaciDE35pel5Y+w6LKh56iF5a2X56ysMTE0MDQ1NTU2NjDomZ/lhazlkYrvvIwxMTTlubTluqbnh5/liKnkuovmpa3miYDlvpfnqIXmsbrnrpfnlLPloLHnubPntI3mnJ/plpPmiKrmraLml6XlnKgxMTTlubQ15pyIMeaXpeiHszXmnIgzMeaXpeacn+mWk++8jOWFtueUs+WgseWPiue5s+e0jeacn+mZkOWxleW7tjMw5pel6ICF77yM6KuL5L2/55So5aqS6auU5oiW5Lq65bel55Sz5aCx77yM6YCg5oiQ5LiN5L6/77yM5pWs6KuL6KaL6KuS77yB,5L6d6LKh5pS/6YOoMTE05bm0NOaciDE35pel5Y+w6LKh56iF5a2X56ysMTE0MDQ1NTU2NjDomZ/lhazlkYrvvIzmjqHnibnmrormnIPoqIjlubTluqbvvIjpgLHntZDliLbvvInntZDnrpfnlLPloLHnubPntI3mnJ/plpPmiKrmraLml6XlnKgxMTTlubQ15pyIMeaXpeiHszXmnIgzMeaXpeacn+mWk++8jOWFtueUs+WgseWPiue5s+e0jeacn+mZkOWxleW7tjMw5pel6ICF77yM6KuL5L2/55So5aqS6auU5oiW5Lq65bel55Sz5aCx77yM6YCg5oiQ5LiN5L6/77yM5pWs6KuL6KaL6KuS77yB 
2025/05/09-13:38:32 Pia.exe 執行作業:第1頁損益表/第2頁基本稅額申報表 [OtherBase]
2025/05/09-13:39:28 Pia.exe 執行作業:第5頁其他費用明細表 [MultiBase]
2025/05/09-13:54:22 Pia.exe 執行作業:第3頁資產負債表 [SingleBase]
2025/05/09-13:54:41 Pia.exe 執行作業:第1頁損益表/第2頁基本稅額申報表 [OtherBase]
2025/05/09-13:54:59 Pia.exe 執行作業:第1頁損益表/第2頁基本稅額申報表 [OtherBase]
2025/05/09-13:55:02 Pia.exe 執行作業:第3頁資產負債表 [SingleBase]
2025/05/09-13:57:27 Pia.exe 執行作業:第4頁營業成本明細表 [SingleBase]
2025/05/09-13:57:33 Pia.exe 執行作業:第5頁其他費用明細表 [MultiBase]
2025/05/09-13:57:37 Pia.exe 執行作業:第5頁製造費用明細表 [SingleBase]
2025/05/09-13:57:43 Pia.exe 執行作業:第5頁研究發展費 [SingleBase]
2025/05/09-13:57:47 Pia.exe 執行作業:第6/7頁列支限額之項目標準計算表 [SingleBase]
2025/05/09-13:59:03 Pia.exe 執行作業:第8頁各類給付扣繳稅款與申報金額調節表/第8頁各類收益扣繳稅款與申報金額調節表 [OtherBase]
2025/05/09-14:00:16 Pia.exe 執行作業:第1頁損益表/第2頁基本稅額申報表 [OtherBase]
2025/05/09-14:00:25 Pia.exe 執行作業:第5頁其他費用明細表 [MultiBase]
2025/05/09-14:01:21 Pia.exe 執行作業:第6/7頁列支限額之項目標準計算表 [SingleBase]
2025/05/09-14:01:25 Pia.exe 執行作業:第8頁各類給付扣繳稅款與申報金額調節表/第8頁各類收益扣繳稅款與申報金額調節表 [OtherBase]
2025/05/09-14:03:55 Pia.exe 系統錯誤:Access violation at address 008F759F in module 'Pia.exe'. Read of address 00000040
2025/05/09-14:04:19 Pia.exe 執行作業:第9頁投資人明細及分配盈餘表 [OtherBase]
2025/05/09-14:05:03 Pia.exe 執行作業:第9頁投資人明細及分配盈餘表 [OtherBase]
2025/05/09-14:05:13 Pia.exe 執行作業:第10頁盈餘分配表或盈虧撥補表 [SingleBase]
2025/05/09-14:06:18 Pia.exe 執行作業:第11頁未分配盈餘申報書 [SingleBase]
2025/05/09-14:08:03 Pia.exe 執行作業:第9頁投資人明細及分配盈餘表 [OtherBase]
2025/05/09-14:11:57 Pia.exe 系統結束.
2026/05/07-11:54:07 PIA.exe 系統啟動.
2026/05/07-11:54:08 PIA.exe Got Version info :115.01,0601,0604,https://law-out.mof.gov.tw/LawContent.aspx?id=GL009509,,,  
2026/05/07-11:54:09 PIA.exe 系統結束.
2026/05/07-11:54:15 Pia.exe 系統啟動.
2026/05/07-11:54:15 Pia.exe Got Version info :115.01,0601,0604,https://law-out.mof.gov.tw/LawContent.aspx?id=GL009509,,,  
2026/05/07-11:54:41 Pia.exe 系統結束.
2026/05/07-13:47:18 PIA.exe 系統啟動.
2026/05/07-13:47:19 PIA.exe Got Version info :115.01,0601,0604,https://law-out.mof.gov.tw/LawContent.aspx?id=GL009509,,,  
2026/05/07-13:47:19 PIA.exe 系統結束.
2026/05/07-13:47:28 Pia.exe 系統啟動.
2026/05/07-13:47:28 Pia.exe Got Version info :115.01,0601,0604,https://law-out.mof.gov.tw/LawContent.aspx?id=GL009509,,,  
2026/05/07-13:50:57 Pia.exe 執行作業:第1頁損益表/第2頁基本稅額申報表 [OtherBase]
2026/05/07-13:51:32 Pia.exe 執行作業:第1頁損益表/第2頁基本稅額申報表 [OtherBase]
2026/05/07-13:53:28 Pia.exe 執行作業:第5頁其他費用明細表 [MultiBase]
2026/05/07-13:54:47 Pia.exe 執行作業:第5頁其他費用明細表 [MultiBase]
2026/05/07-14:10:52 Pia.exe 執行作業:第3頁資產負債表 [SingleBase]
2026/05/07-14:15:28 Pia.exe 執行作業:第4頁營業成本明細表 [SingleBase]
2026/05/07-14:16:02 Pia.exe 執行作業:第5頁製造費用明細表 [SingleBase]
2026/05/07-14:16:13 Pia.exe 執行作業:第5頁研究發展費 [SingleBase]
2026/05/07-14:16:19 Pia.exe 執行作業:第5頁製造費用明細表 [SingleBase]
2026/05/07-14:16:24 Pia.exe 執行作業:第6/7頁列支限額之項目標準計算表 [SingleBase]
2026/05/07-14:20:52 Pia.exe 執行作業:第1頁損益表/第2頁基本稅額申報表 [OtherBase]
2026/05/07-14:21:13 Pia.exe 執行作業:第8頁各類給付扣繳稅款與申報金額調節表/第8頁各類收益扣繳稅款與申報金額調節表 [OtherBase]
2026/05/07-14:24:54 Pia.exe 執行作業:第1頁損益表/第2頁基本稅額申報表 [OtherBase]
2026/05/07-14:25:15 Pia.exe 執行作業:第8頁各類給付扣繳稅款與申報金額調節表/第8頁各類收益扣繳稅款與申報金額調節表 [OtherBase]
2026/05/07-14:26:01 Pia.exe 執行作業:第9頁投資人明細及分配盈餘表 [OtherBase]
2026/05/07-14:27:09 Pia.exe 執行作業:第10頁盈餘分配表或盈虧撥補表 [SingleBase]
2026/05/07-14:31:50 Pia.exe 執行作業:第11頁未分配盈餘申報書 [SingleBase]
2026/05/07-14:35:14 Pia.exe 執行作業:第13頁直接劃撥退稅同意書 [SingleBase]
2026/05/07-14:35:46 Pia.exe 執行作業:第13頁直接劃撥退稅同意書 [SingleBase]
2026/05/07-14:36:04 Pia.exe 執行作業:第C3頁財產目錄 [MultiBase]
2026/05/07-14:36:11 Pia.exe 執行作業:第C4頁股東股份股票轉讓通報表 [OtherBase]
2026/05/07-14:38:29 Pia.exe 執行作業:第8頁各類給付扣繳稅款與申報金額調節表/第8頁各類收益扣繳稅款與申報金額調節表 [OtherBase]
2026/05/07-14:38:39 Pia.exe 執行作業:第9頁投資人明細及分配盈餘表 [OtherBase]
2026/05/07-14:39:04 Pia.exe 執行作業:第1頁損益表/第2頁基本稅額申報表 [OtherBase]
2026/05/07-14:40:59 Pia.exe 執行作業:第11頁未分配盈餘申報書 [SingleBase]
2026/05/07-14:44:32 Pia.exe 執行作業:第8頁各類給付扣繳稅款與申報金額調節表/第8頁各類收益扣繳稅款與申報金額調節表 [OtherBase]
2026/05/07-15:28:15 Pia.exe 系統結束.
2026/05/14-10:43:22 PIA.exe 系統啟動.
2026/05/14-10:43:25 PIA.exe Got Version info :115.02,0601,0604,https://law-out.mof.gov.tw/LawContent.aspx?id=GL009509,,,  
2026/05/14-10:43:26 PIA.exe 系統結束.
2026/05/14-10:43:48 Pia.exe 系統啟動.
2026/05/14-10:43:48 Pia.exe Got Version info :115.02,0601,0604,https://law-out.mof.gov.tw/LawContent.aspx?id=GL009509,,,  
2026/05/14-10:52:09 Pia.exe 執行作業:第1頁損益表/第2頁基本稅額申報表 [OtherBase]
2026/05/14-10:52:45 Pia.exe 執行作業:第1頁損益表/第2頁基本稅額申報表 [OtherBase]
2026/05/14-10:57:32 Pia.exe 執行作業:第5頁其他費用明細表 [MultiBase]
2026/05/14-11:05:32 Pia.exe 執行作業:第3頁資產負債表 [SingleBase]
2026/05/14-11:08:17 Pia.exe 執行作業:第4頁營業成本明細表 [SingleBase]
2026/05/14-11:08:27 Pia.exe 執行作業:第5頁製造費用明細表 [SingleBase]
2026/05/14-11:08:31 Pia.exe 執行作業:第5頁研究發展費 [SingleBase]
2026/05/14-11:08:36 Pia.exe 執行作業:第6/7頁列支限額之項目標準計算表 [SingleBase]
2026/05/14-11:11:00 Pia.exe 執行作業:第1頁損益表/第2頁基本稅額申報表 [OtherBase]
2026/05/14-11:11:25 Pia.exe 執行作業:第6/7頁列支限額之項目標準計算表 [SingleBase]
2026/05/14-11:12:33 Pia.exe 執行作業:第1頁損益表/第2頁基本稅額申報表 [OtherBase]
2026/05/14-11:13:25 Pia.exe 執行作業:第8頁各類給付扣繳稅款與申報金額調節表/第8頁各類收益扣繳稅款與申報金額調節表 [OtherBase]
2026/05/14-11:18:24 Pia.exe 執行作業:第9頁投資人明細及分配盈餘表 [OtherBase]
2026/05/14-11:18:32 Pia.exe 執行作業:第10頁盈餘分配表或盈虧撥補表 [SingleBase]
2026/05/14-11:22:31 Pia.exe 執行作業:第3頁資產負債表 [SingleBase]
2026/05/14-11:22:42 Pia.exe 執行作業:第11頁未分配盈餘申報書 [SingleBase]
2026/05/14-11:23:34 Pia.exe 執行作業:第13頁直接劃撥退稅同意書 [SingleBase]
2026/05/14-11:25:19 Pia.exe 執行作業:第8頁各類給付扣繳稅款與申報金額調節表/第8頁各類收益扣繳稅款與申報金額調節表 [OtherBase]
2026/05/14-11:25:34 Pia.exe 執行作業:第1頁損益表/第2頁基本稅額申報表 [OtherBase]
2026/05/14-11:29:59 Pia.exe 系統結束.
2026/05/14-11:37:09 PIA.exe 系統啟動.
2026/05/14-11:37:09 PIA.exe Got Version info :115.02,0601,0604,https://law-out.mof.gov.tw/LawContent.aspx?id=GL009509,,,  
2026/05/14-11:37:10 PIA.exe 系統結束.
2026/05/14-11:37:14 Pia.exe 系統啟動.
2026/05/14-11:37:14 Pia.exe Got Version info :115.02,0601,0604,https://law-out.mof.gov.tw/LawContent.aspx?id=GL009509,,,  
2026/05/14-11:39:01 Pia.exe 執行作業:第1頁損益表/第2頁基本稅額申報表 [OtherBase]
2026/05/14-11:39:09 Pia.exe 執行作業:第1頁損益表/第2頁基本稅額申報表 [OtherBase]
2026/05/14-11:39:42 Pia.exe 執行作業:第5頁其他費用明細表 [MultiBase]
2026/05/14-11:45:03 Pia.exe 執行作業:第3頁資產負債表 [SingleBase]
2026/05/14-11:47:45 Pia.exe 執行作業:第4頁營業成本明細表 [SingleBase]
2026/05/14-11:47:50 Pia.exe 執行作業:第5頁製造費用明細表 [SingleBase]
2026/05/14-11:47:54 Pia.exe 執行作業:第5頁研究發展費 [SingleBase]
2026/05/14-11:48:00 Pia.exe 執行作業:第6/7頁列支限額之項目標準計算表 [SingleBase]
2026/05/14-11:48:59 Pia.exe 執行作業:第8頁各類給付扣繳稅款與申報金額調節表/第8頁各類收益扣繳稅款與申報金額調節表 [OtherBase]
2026/05/14-11:50:42 Pia.exe 執行作業:第9頁投資人明細及分配盈餘表 [OtherBase]
2026/05/14-11:58:32 Pia.exe 執行作業:第10頁盈餘分配表或盈虧撥補表 [SingleBase]
2026/05/14-12:01:17 Pia.exe 執行作業:第11頁未分配盈餘申報書 [SingleBase]
2026/05/14-12:06:34 Pia.exe 執行作業:第1頁損益表/第2頁基本稅額申報表 [OtherBase]
2026/05/14-12:06:44 Pia.exe 執行作業:第3頁資產負債表 [SingleBase]
2026/05/14-12:08:41 Pia.exe 執行作業:第10頁盈餘分配表或盈虧撥補表 [SingleBase]
2026/05/14-12:13:36 Pia.exe 系統結束.
2026/05/14-12:38:23 PIA.exe 系統啟動.
2026/05/14-12:38:24 PIA.exe Got Version info :115.02,0601,0604,https://law-out.mof.gov.tw/LawContent.aspx?id=GL009509,,,  
2026/05/14-12:38:24 PIA.exe 系統結束.
2026/05/14-12:38:30 Pia.exe 系統啟動.
2026/05/14-12:38:30 Pia.exe Got Version info :115.02,0601,0604,https://law-out.mof.gov.tw/LawContent.aspx?id=GL009509,,,  
2026/05/14-12:38:56 Pia.exe 執行作業:第1頁損益表/第2頁基本稅額申報表 [OtherBase]
2026/05/14-12:42:20 Pia.exe 執行作業:第13頁直接劃撥退稅同意書 [SingleBase]
2026/05/14-12:48:46 Pia.exe 系統結束.
2026/05/14-12:58:10 PIA.exe 系統啟動.
2026/05/14-12:58:10 PIA.exe Got Version info :115.02,0601,0604,https://law-out.mof.gov.tw/LawContent.aspx?id=GL009509,,,  
2026/05/14-12:58:10 PIA.exe 系統結束.
2026/05/14-12:58:15 Pia.exe 系統啟動.
2026/05/14-12:58:15 Pia.exe Got Version info :115.02,0601,0604,https://law-out.mof.gov.tw/LawContent.aspx?id=GL009509,,,  
2026/05/14-13:00:06 Pia.exe 系統結束.
2026/05/14-14:13:41 PIA.exe 系統啟動.
2026/05/14-14:13:42 PIA.exe Got Version info :115.02,0601,0604,https://law-out.mof.gov.tw/LawContent.aspx?id=GL009509,,,  
2026/05/14-14:13:43 PIA.exe 系統結束.
2026/05/14-14:13:46 Pia.exe 系統啟動.
2026/05/14-14:13:46 Pia.exe Got Version info :115.02,0601,0604,https://law-out.mof.gov.tw/LawContent.aspx?id=GL009509,,,  
2026/05/14-14:16:46 Pia.exe 執行作業:第1頁損益表/第2頁基本稅額申報表 [OtherBase]
2026/05/14-14:17:31 Pia.exe 執行作業:第5頁其他費用明細表 [MultiBase]
2026/05/14-14:22:59 Pia.exe 執行作業:第1頁損益表/第2頁基本稅額申報表 [OtherBase]
2026/05/14-14:23:32 Pia.exe 執行作業:第3頁資產負債表 [SingleBase]
2026/05/14-14:26:37 Pia.exe 執行作業:第4頁營業成本明細表 [SingleBase]
2026/05/14-14:26:43 Pia.exe 執行作業:第5頁製造費用明細表 [SingleBase]
2026/05/14-14:26:48 Pia.exe 執行作業:第5頁研究發展費 [SingleBase]
2026/05/14-14:26:53 Pia.exe 執行作業:第6/7頁列支限額之項目標準計算表 [SingleBase]
2026/05/14-14:27:31 Pia.exe 執行作業:第8頁各類給付扣繳稅款與申報金額調節表/第8頁各類收益扣繳稅款與申報金額調節表 [OtherBase]
2026/05/14-14:34:39 Pia.exe 執行作業:第9頁投資人明細及分配盈餘表 [OtherBase]
2026/05/14-14:38:52 Pia.exe 執行作業:第9頁投資人明細及分配盈餘表 [OtherBase]
2026/05/14-14:39:30 Pia.exe 執行作業:第8頁各類給付扣繳稅款與申報金額調節表/第8頁各類收益扣繳稅款與申報金額調節表 [OtherBase]
2026/05/14-14:39:54 Pia.exe 執行作業:第1頁損益表/第2頁基本稅額申報表 [OtherBase]
2026/05/14-14:40:37 Pia.exe 執行作業:第10頁盈餘分配表或盈虧撥補表 [SingleBase]
2026/05/14-14:44:06 Pia.exe 執行作業:第11頁未分配盈餘申報書 [SingleBase]
2026/05/14-14:46:14 Pia.exe 執行作業:第1頁損益表/第2頁基本稅額申報表 [OtherBase]
2026/05/14-15:09:12 Pia.exe 執行作業:第1頁損益表/第2頁基本稅額申報表 [OtherBase]
2026/05/14-15:09:47 Pia.exe 執行作業:第5頁其他費用明細表 [MultiBase]
2026/05/14-15:11:54 Pia.exe 執行作業:第3頁資產負債表 [SingleBase]
2026/05/14-15:14:22 Pia.exe 執行作業:第4頁營業成本明細表 [SingleBase]
2026/05/14-15:14:27 Pia.exe 執行作業:第5頁製造費用明細表 [SingleBase]
2026/05/14-15:14:33 Pia.exe 執行作業:第5頁研究發展費 [SingleBase]
2026/05/14-15:14:51 Pia.exe 執行作業:第5頁研究發展費 [SingleBase]
2026/05/14-15:14:56 Pia.exe 執行作業:第6/7頁列支限額之項目標準計算表 [SingleBase]
2026/05/14-15:15:16 Pia.exe 執行作業:第8頁各類給付扣繳稅款與申報金額調節表/第8頁各類收益扣繳稅款與申報金額調節表 [OtherBase]
2026/05/14-15:18:51 Pia.exe 執行作業:第9頁投資人明細及分配盈餘表 [OtherBase]
2026/05/14-15:28:53 Pia.exe 執行作業:第9頁投資人明細及分配盈餘表 [OtherBase]
2026/05/14-15:29:55 Pia.exe 執行作業:第10頁盈餘分配表或盈虧撥補表 [SingleBase]
2026/05/14-15:32:34 Pia.exe 執行作業:第11頁未分配盈餘申報書 [SingleBase]
2026/05/14-15:34:20 Pia.exe 執行作業:第1頁損益表/第2頁基本稅額申報表 [OtherBase]
2026/05/14-15:41:51 Pia.exe 系統結束.
2026/05/14-15:47:17 PIA.exe 系統啟動.
2026/05/14-15:47:17 PIA.exe Got Version info :115.02,0601,0604,https://law-out.mof.gov.tw/LawContent.aspx?id=GL009509,,,  
2026/05/14-15:47:17 PIA.exe 系統結束.
2026/05/14-15:47:20 Pia.exe 系統啟動.
2026/05/14-15:47:20 Pia.exe Got Version info :115.02,0601,0604,https://law-out.mof.gov.tw/LawContent.aspx?id=GL009509,,,  
2026/05/14-15:49:43 Pia.exe 執行作業:第1頁損益表/第2頁基本稅額申報表 [OtherBase]
2026/05/14-15:50:11 Pia.exe 執行作業:第5頁其他費用明細表 [MultiBase]
2026/05/14-15:54:03 Pia.exe 執行作業:第1頁損益表/第2頁基本稅額申報表 [OtherBase]
2026/05/14-15:56:07 Pia.exe 執行作業:第1頁損益表/第2頁基本稅額申報表 [OtherBase]
2026/05/14-15:58:59 Pia.exe 執行作業:第3頁資產負債表 [SingleBase]
2026/05/14-16:01:29 Pia.exe 執行作業:第4頁營業成本明細表 [SingleBase]
2026/05/14-16:01:35 Pia.exe 執行作業:第5頁製造費用明細表 [SingleBase]
2026/05/14-16:28:20 Pia.exe 系統啟動.
2026/05/14-16:28:20 Pia.exe Got Version info :115.02,0601,0604,https://law-out.mof.gov.tw/LawContent.aspx?id=GL009509,,,  
2026/05/14-16:31:10 Pia.exe 系統結束.
