2019/05/03-14:26:30 PIA.exe 系統啟動.
2019/05/03-14:26:33 PIA.exe 系統結束.
2019/05/03-14:26:59 Pia.exe 系統啟動.
2019/05/03-15:03:29 Verify.exe 系統啟動.
2019/05/03-15:03:32 Verify.exe 執行版次: 營利事業所得稅電子結( 決)算審核申報系統 - 第 108.11 1080501
2019/05/03-15:03:46 Verify.exe 檔案複製完成.
2019/05/03-15:04:04 Verify.exe 執行審核.  統一編號：24709969 不可允許錯誤之代碼：0010  0101  0102  0325  
2019/05/03-15:04:04 Verify.exe 執行審核.  統一編號：24709969 　可允許錯誤之代碼：0103  0105  0301  0308  0313  
2019/05/03-15:04:47 Verify.exe 系統結束.
2019/05/03-15:26:43 Verify.exe 系統啟動.
2019/05/03-15:26:45 Verify.exe 執行版次: 營利事業所得稅電子結( 決)算審核申報系統 - 第 108.11 1080501
2019/05/03-15:26:51 Verify.exe 檔案複製完成.
2019/05/03-15:26:54 Verify.exe 執行審核.  統一編號：24709969 不可允許錯誤之代碼：無  (完全正確)
2019/05/03-15:26:54 Verify.exe 執行審核.  統一編號：24709969 　可允許錯誤之代碼：無  (完全正確)
2019/05/03-15:27:19 Verify.exe 執行AP版本檢查！
2019/05/03-15:27:19 Verify.exe try to get Version info from https://rtn.tax.nat.gov.tw/pia/servletpiaupdate?ver=108.11&verdate=1080501
2019/05/03-15:27:22 Verify.exe Got Version info :108.11
2019/05/03-15:27:22 Verify.exe 執行AP版本檢查結果：[108.11]
2019/05/03-15:27:26 Verify.exe 憑證種類: 1
2019/05/03-15:27:26 Verify.exe SSLFstUpLoadResultId: 0
2019/05/03-15:27:38 Verify.exe 申報成功報表製作成功！
2019/05/03-15:29:34 Verify.exe 系統結束.
2019/05/03-16:20:20 Verify.exe 系統啟動.
2019/05/03-16:20:22 Verify.exe 執行版次: 營利事業所得稅電子結( 決)算審核申報系統 - 第 108.11 1080501
2019/05/03-16:20:27 Verify.exe 檔案複製完成.
2019/05/03-16:20:35 Verify.exe 執行審核.  統一編號：54294333 不可允許錯誤之代碼：0010  1330  
2019/05/03-16:20:35 Verify.exe 執行審核.  統一編號：54294333 　可允許錯誤之代碼：無  (完全正確)
2019/05/03-16:20:49 Verify.exe 系統結束.
2019/05/03-16:22:09 Verify.exe 系統啟動.
2019/05/03-16:22:11 Verify.exe 執行版次: 營利事業所得稅電子結( 決)算審核申報系統 - 第 108.11 1080501
2019/05/03-16:22:16 Verify.exe 檔案複製完成.
2019/05/03-16:22:19 Verify.exe 執行審核.  統一編號：54294333 不可允許錯誤之代碼：0010  
2019/05/03-16:22:19 Verify.exe 執行審核.  統一編號：54294333 　可允許錯誤之代碼：無  (完全正確)
2019/05/03-16:22:33 Verify.exe 系統結束.
2019/05/03-16:23:07 Verify.exe 系統啟動.
2019/05/03-16:23:09 Verify.exe 執行版次: 營利事業所得稅電子結( 決)算審核申報系統 - 第 108.11 1080501
2019/05/03-16:23:17 Verify.exe 檔案複製完成.
2019/05/03-16:23:20 Verify.exe 執行審核.  統一編號：54294333 不可允許錯誤之代碼：無  (完全正確)
2019/05/03-16:23:20 Verify.exe 執行審核.  統一編號：54294333 　可允許錯誤之代碼：無  (完全正確)
2019/05/03-16:23:24 Verify.exe 執行AP版本檢查！
2019/05/03-16:23:24 Verify.exe try to get Version info from https://rtn.tax.nat.gov.tw/pia/servletpiaupdate?ver=108.11&verdate=1080501
2019/05/03-16:23:26 Verify.exe Got Version info :108.11
2019/05/03-16:23:26 Verify.exe 執行AP版本檢查結果：[108.11]
2019/05/03-16:23:30 Verify.exe 憑證種類: 1
2019/05/03-16:23:30 Verify.exe SSLFstUpLoadResultId: 0
2019/05/03-16:23:36 Verify.exe 申報成功報表製作成功！
2019/05/03-16:24:27 Verify.exe 系統結束.
2019/05/03-16:24:38 Pia.exe 系統結束.
2019/05/03-16:27:38 PIA.exe 系統啟動.
2019/05/03-16:27:41 PIA.exe 系統結束.
2019/05/03-16:27:46 Pia.exe 系統啟動.
2019/05/03-16:49:41 Verify.exe 系統啟動.
2019/05/03-16:49:43 Verify.exe 執行版次: 營利事業所得稅電子結( 決)算審核申報系統 - 第 108.11 1080501
2019/05/03-16:49:49 Verify.exe 檔案複製完成.
2019/05/03-16:49:58 Verify.exe 執行審核.  統一編號：42735258 不可允許錯誤之代碼：0010  0028  1330  
2019/05/03-16:49:58 Verify.exe 執行審核.  統一編號：42735258 　可允許錯誤之代碼：無  (完全正確)
2019/05/03-16:50:31 Verify.exe 系統結束.
2019/05/03-16:52:08 Verify.exe 系統啟動.
2019/05/03-16:52:10 Verify.exe 執行版次: 營利事業所得稅電子結( 決)算審核申報系統 - 第 108.11 1080501
2019/05/03-16:52:15 Verify.exe 檔案複製完成.
2019/05/03-16:52:19 Verify.exe 執行審核.  統一編號：42735258 不可允許錯誤之代碼：0028  
2019/05/03-16:52:19 Verify.exe 執行審核.  統一編號：42735258 　可允許錯誤之代碼：無  (完全正確)
2019/05/03-16:53:29 Verify.exe 檔案複製完成.
2019/05/03-16:53:31 Verify.exe 執行審核.  統一編號：42735258 不可允許錯誤之代碼：無  (完全正確)
2019/05/03-16:53:31 Verify.exe 執行審核.  統一編號：42735258 　可允許錯誤之代碼：無  (完全正確)
2019/05/03-16:53:33 Verify.exe 執行AP版本檢查！
2019/05/03-16:53:33 Verify.exe try to get Version info from https://rtn.tax.nat.gov.tw/pia/servletpiaupdate?ver=108.11&verdate=1080501
2019/05/03-16:53:34 Verify.exe Got Version info :108.11
2019/05/03-16:53:34 Verify.exe 執行AP版本檢查結果：[108.11]
2019/05/03-16:53:38 Verify.exe 憑證種類: 1
2019/05/03-16:53:38 Verify.exe SSLFstUpLoadResultId: 0
2019/05/03-16:53:46 Verify.exe 申報成功報表製作成功！
2019/05/03-16:54:33 Verify.exe 系統結束.
2019/05/03-17:10:46 Verify.exe 系統啟動.
2019/05/03-17:10:49 Verify.exe 執行版次: 營利事業所得稅電子結( 決)算審核申報系統 - 第 108.11 1080501
2019/05/03-17:10:58 Verify.exe 檔案複製完成.
2019/05/03-17:11:05 Verify.exe 執行審核.  統一編號：50969546 不可允許錯誤之代碼：無  (完全正確)
2019/05/03-17:11:05 Verify.exe 執行審核.  統一編號：50969546 　可允許錯誤之代碼：無  (完全正確)
2019/05/03-17:11:09 Verify.exe 執行AP版本檢查！
2019/05/03-17:11:09 Verify.exe try to get Version info from https://rtn.tax.nat.gov.tw/pia/servletpiaupdate?ver=108.11&verdate=1080501
2019/05/03-17:11:10 Verify.exe Got Version info :108.11
2019/05/03-17:11:10 Verify.exe 執行AP版本檢查結果：[108.11]
2019/05/03-17:11:15 Verify.exe 憑證種類: 1
2019/05/03-17:11:15 Verify.exe SSLFstUpLoadResultId: 0
2019/05/03-17:11:22 Verify.exe 申報成功報表製作成功！
2019/05/03-17:12:12 Verify.exe 系統結束.
2019/05/03-17:12:17 Pia.exe 系統結束.
2020/05/04-13:24:40 PIA.exe 系統啟動.
2020/05/04-13:24:44 PIA.exe 系統結束.
2020/05/04-13:24:58 Pia.exe 系統啟動.
2020/05/04-13:25:23 Pia.exe 執行版次:  - 第 109.01 1090428
2020/05/04-14:20:33 Verify.exe 系統啟動.
2020/05/04-14:20:36 Verify.exe 執行版次: 營利事業所得稅電子結( 決)算審核申報系統 - 第 109.01 1090428
2020/05/04-14:20:53 Verify.exe 系統結束.
2020/05/04-14:21:25 Verify.exe 系統啟動.
2020/05/04-14:21:27 Verify.exe 執行版次: 營利事業所得稅電子結( 決)算審核申報系統 - 第 109.01 1090428
2020/05/04-14:21:34 Verify.exe 檔案複製完成.
2020/05/04-14:21:46 Verify.exe 執行審核.  統一編號：24709969 不可允許錯誤之代碼：0114  0114  0203  0216  0203  0216  1330  1330  
2020/05/04-14:21:46 Verify.exe 執行審核.  統一編號：24709969 　可允許錯誤之代碼：0103  0105  0107  0103  0105  0107  0301  0308  0313  0410  
2020/05/04-14:30:19 Verify.exe 系統啟動.
2020/05/04-14:30:21 Verify.exe 系統結束.
2020/05/04-14:30:51 Verify.exe 檔案複製完成.
2020/05/04-14:30:55 Verify.exe 執行審核.  統一編號：24709969 不可允許錯誤之代碼：無  (完全正確)
2020/05/04-14:30:55 Verify.exe 執行審核.  統一編號：24709969 　可允許錯誤之代碼：0103  0105  0107  0301  0308  0313  0410  
2020/05/04-14:31:09 Verify.exe 檔案複製完成.
2020/05/04-14:31:17 Verify.exe 檔案複製完成.
2020/05/04-14:31:22 Verify.exe 執行AP版本檢查！
2020/05/04-14:31:22 Verify.exe try to get Version info from https://rtn.tax.nat.gov.tw/pia/servletpiaupdate?ver=109.01&verdate=1090428
2020/05/04-14:31:22 Verify.exe Got Version info :109.01
2020/05/04-14:31:22 Verify.exe 執行AP版本檢查結果：[109.01]
2020/05/04-14:31:26 Verify.exe 憑證種類: 1
2020/05/04-14:31:40 Verify.exe SSLFstUpLoadResultId: 0
2020/05/04-14:31:57 Verify.exe 申報成功報表製作成功！
2020/05/04-14:35:59 Verify.exe 系統結束.
2020/05/04-14:39:09 Pia.exe 系統結束.
2020/05/04-14:39:32 PIA.exe 系統啟動.
2020/05/04-14:39:36 PIA.exe 系統結束.
2020/05/04-14:39:44 Pia.exe 系統啟動.
2020/05/04-14:40:02 Pia.exe 執行版次:  - 第 109.01 1090428
2020/05/04-15:08:02 Verify.exe 系統啟動.
2020/05/04-15:08:04 Verify.exe 執行版次: 營利事業所得稅電子結( 決)算審核申報系統 - 第 109.01 1090428
2020/05/04-15:08:12 Verify.exe 檔案複製完成.
2020/05/04-15:08:21 Verify.exe 執行審核.  統一編號：54294333 不可允許錯誤之代碼：0010  0010  
2020/05/04-15:08:21 Verify.exe 執行審核.  統一編號：54294333 　可允許錯誤之代碼：0103  0105  0107  0301  0308  0313  
2020/05/04-15:08:30 Verify.exe 系統結束.
2020/05/04-15:09:01 Verify.exe 系統啟動.
2020/05/04-15:09:03 Verify.exe 執行版次: 營利事業所得稅電子結( 決)算審核申報系統 - 第 109.01 1090428
2020/05/04-15:09:09 Verify.exe 檔案複製完成.
2020/05/04-15:09:12 Verify.exe 執行審核.  統一編號：54294333 不可允許錯誤之代碼：無  (完全正確)
2020/05/04-15:09:12 Verify.exe 執行審核.  統一編號：54294333 　可允許錯誤之代碼：0103  0105  0107  0301  0308  0313  0410  
2020/05/04-15:09:30 Verify.exe 執行AP版本檢查！
2020/05/04-15:09:30 Verify.exe try to get Version info from https://rtn.tax.nat.gov.tw/pia/servletpiaupdate?ver=109.01&verdate=1090428
2020/05/04-15:09:30 Verify.exe Got Version info :109.01
2020/05/04-15:09:30 Verify.exe 執行AP版本檢查結果：[109.01]
2020/05/04-15:09:34 Verify.exe 憑證種類: 1
2020/05/04-15:09:34 Verify.exe SSLFstUpLoadResultId: 0
2020/05/04-15:09:40 Verify.exe 申報成功報表製作成功！
2020/05/04-15:11:09 Verify.exe 系統結束.
2020/05/04-15:18:14 Pia.exe 執行版次:  - 第 109.01 1090428
2020/05/04-15:57:43 Verify.exe 系統啟動.
2020/05/04-15:57:46 Verify.exe 執行版次: 營利事業所得稅電子結( 決)算審核申報系統 - 第 109.01 1090428
2020/05/04-15:57:55 Verify.exe 檔案複製完成.
2020/05/04-15:58:01 Verify.exe 執行審核.  統一編號：50969546 不可允許錯誤之代碼：無  (完全正確)
2020/05/04-15:58:01 Verify.exe 執行審核.  統一編號：50969546 　可允許錯誤之代碼：0301  0308  0313  0410  
2020/05/04-15:58:03 Verify.exe 執行AP版本檢查！
2020/05/04-15:58:03 Verify.exe try to get Version info from https://rtn.tax.nat.gov.tw/pia/servletpiaupdate?ver=109.01&verdate=1090428
2020/05/04-15:58:03 Verify.exe Got Version info :109.01
2020/05/04-15:58:03 Verify.exe 執行AP版本檢查結果：[109.01]
2020/05/04-15:58:06 Verify.exe 憑證種類: 1
2020/05/04-15:58:06 Verify.exe SSLFstUpLoadResultId: 0
2020/05/04-15:58:13 Verify.exe 申報成功報表製作成功！
2020/05/04-15:58:32 VerifyOnly.exe 系統啟動.
2020/05/04-15:59:03 VerifyOnly.exe 執行審核.  統一編號：50969546 不可允許錯誤之代碼：無  (完全正確)
2020/05/04-15:59:03 VerifyOnly.exe 執行審核.  統一編號：50969546 　可允許錯誤之代碼：0301  0308  0313  0410  
2020/05/04-15:59:05 VerifyOnly.exe 系統結束.
2020/05/04-16:00:19 Verify.exe 系統結束.
2020/05/04-16:04:28 Pia.exe 執行版次:  - 第 109.01 1090428
2020/05/04-17:03:19 Verify.exe 系統啟動.
2020/05/04-17:03:21 Verify.exe 執行版次: 營利事業所得稅電子結( 決)算審核申報系統 - 第 109.01 1090428
2020/05/04-17:03:35 Verify.exe 系統結束.
2020/05/04-17:04:15 Verify.exe 系統啟動.
2020/05/04-17:04:17 Verify.exe 執行版次: 營利事業所得稅電子結( 決)算審核申報系統 - 第 109.01 1090428
2020/05/04-17:04:23 Verify.exe 檔案複製完成.
2020/05/04-17:04:30 Verify.exe 執行審核.  統一編號：42735258 不可允許錯誤之代碼：0331  0331  1519  1523  1519  1523  
2020/05/04-17:04:30 Verify.exe 執行審核.  統一編號：42735258 　可允許錯誤之代碼：0301  0308  0313  0301  0308  0313  0410  
2020/05/04-17:07:22 Verify.exe 系統啟動.
2020/05/04-17:07:23 Verify.exe 系統結束.
2020/05/04-17:07:28 Verify.exe 檔案複製完成.
2020/05/04-17:07:31 Verify.exe 執行審核.  統一編號：42735258 不可允許錯誤之代碼：無  (完全正確)
2020/05/04-17:07:31 Verify.exe 執行審核.  統一編號：42735258 　可允許錯誤之代碼：0301  0308  0313  0410  
2020/05/04-17:07:34 Verify.exe 執行AP版本檢查！
2020/05/04-17:07:34 Verify.exe try to get Version info from https://rtn.tax.nat.gov.tw/pia/servletpiaupdate?ver=109.01&verdate=1090428
2020/05/04-17:07:34 Verify.exe Got Version info :109.01
2020/05/04-17:07:34 Verify.exe 執行AP版本檢查結果：[109.01]
2020/05/04-17:07:37 Verify.exe 憑證種類: 1
2020/05/04-17:07:45 Verify.exe SSLFstUpLoadResultId: 0
2020/05/04-17:08:05 Verify.exe 申報成功報表製作成功！
2020/05/04-17:09:24 Verify.exe 系統結束.
2020/05/04-17:12:32 Pia.exe 執行版次:  - 第 109.01 1090428
2020/05/04-17:13:54 Verify.exe 系統啟動.
2020/05/04-17:13:56 Verify.exe 執行版次: 營利事業所得稅電子結( 決)算審核申報系統 - 第 109.01 1090428
2020/05/04-17:14:06 Verify.exe 檔案複製完成.
2020/05/04-17:14:09 Verify.exe 執行審核.  統一編號：24709969 不可允許錯誤之代碼：無  (完全正確)
2020/05/04-17:14:09 Verify.exe 執行審核.  統一編號：24709969 　可允許錯誤之代碼：0103  0105  0107  0301  0308  0313  0410  
2020/05/04-17:14:13 Verify.exe 執行AP版本檢查！
2020/05/04-17:14:13 Verify.exe try to get Version info from https://rtn.tax.nat.gov.tw/pia/servletpiaupdate?ver=109.01&verdate=1090428
2020/05/04-17:14:14 Verify.exe Got Version info :109.01
2020/05/04-17:14:14 Verify.exe 執行AP版本檢查結果：[109.01]
2020/05/04-17:14:16 Verify.exe 憑證種類: 1
2020/05/04-17:14:26 Verify.exe SSLFstUpLoadResultId: 0
2020/05/04-17:14:36 Verify.exe 申報成功報表製作成功！
2020/05/04-17:29:06 Verify.exe 系統結束.
2020/05/04-17:33:55 Pia.exe 系統結束.
2021/04/22-13:42:48 PIA.exe 系統啟動.
2021/04/22-13:42:51 PIA.exe 系統結束.
2021/04/22-13:43:01 Pia.exe 系統啟動.
2021/04/22-13:43:34 Pia.exe 系統結束.
2021/05/04-12:10:19 PIA.exe 系統啟動.
2021/05/04-12:10:21 PIA.exe 系統結束.
2021/05/04-12:10:26 Pia.exe 系統啟動.
2021/05/04-12:10:45 Pia.exe 執行版次:  - 第 110.02 1100429
2021/05/04-12:12:29 Pia.exe 系統結束.
2021/05/04-14:44:22 PIA.exe 系統啟動.
2021/05/04-14:44:25 PIA.exe 系統結束.
2021/05/04-14:45:04 Pia.exe 系統啟動.
2021/05/04-14:45:35 PIA.exe 系統啟動.
2021/05/04-14:45:38 PIA.exe 系統結束.
2021/05/04-14:45:46 Pia.exe 執行版次:  - 第 110.02 1100429
2021/05/04-15:24:27 Verify.exe 系統啟動.
2021/05/04-15:24:30 Verify.exe 執行版次: 營利事業所得稅電子結( 決)算審核申報系統 - 第 110.02 1100429
2021/05/04-15:24:53 Verify.exe 檔案複製完成.
2021/05/04-15:25:05 Verify.exe 執行審核.  統一編號：54294333 不可允許錯誤之代碼：0010  0010  0331  0331  
2021/05/04-15:25:05 Verify.exe 執行審核.  統一編號：54294333 　可允許錯誤之代碼：0103  0105  0107  0301  0308  0313  0301  0308  0313  
2021/05/04-15:26:15 Verify.exe 系統啟動.
2021/05/04-15:26:17 Verify.exe 系統結束.
2021/05/04-15:26:22 Verify.exe 執行審核.  統一編號：54294333 不可允許錯誤之代碼：0010  0010  0331  0331  
2021/05/04-15:26:22 Verify.exe 執行審核.  統一編號：54294333 　可允許錯誤之代碼：0103  0105  0107  0301  0308  0313  0301  0308  0313  
2021/05/04-15:26:33 Verify.exe 檔案複製完成.
2021/05/04-15:26:35 Verify.exe 執行審核.  統一編號：54294333 不可允許錯誤之代碼：無  (完全正確)
2021/05/04-15:26:35 Verify.exe 執行審核.  統一編號：54294333 　可允許錯誤之代碼：0103  0105  0107  0301  0308  0313  0410  
2021/05/04-15:27:09 Verify.exe 執行AP版本檢查！
2021/05/04-15:27:09 Verify.exe try to get Version info from https://rtn.tax.nat.gov.tw/pia/servletpiaupdate?ver=110.02&verdate=1100429
2021/05/04-15:27:09 Verify.exe Got Version info :110.02
2021/05/04-15:27:09 Verify.exe 執行AP版本檢查結果：[110.02]
2021/05/04-15:27:12 Verify.exe 憑證種類: 1
2021/05/04-15:27:12 Verify.exe SSLFstUpLoadResultId: 0
2021/05/04-15:27:23 Verify.exe 申報成功報表製作成功！
2021/05/04-15:29:34 Verify.exe 系統結束.
2021/05/04-16:33:26 PIA.exe 系統啟動.
2021/05/04-16:33:28 PIA.exe 系統結束.
2021/05/04-16:35:48 Pia.exe 執行版次:  - 第 110.02 1100429
2021/05/04-16:41:33 Pia.exe 系統結束.
2021/05/04-16:42:09 PIA.exe 系統啟動.
2021/05/04-16:42:12 PIA.exe 系統結束.
2021/05/04-16:42:19 Pia.exe 系統啟動.
2021/05/04-16:42:35 Pia.exe 執行版次:  - 第 110.02 1100429
2021/05/04-17:11:01 Verify.exe 系統啟動.
2021/05/04-17:11:03 Verify.exe 執行版次: 營利事業所得稅電子結( 決)算審核申報系統 - 第 110.02 1100429
2021/05/04-17:11:10 Verify.exe 檔案複製完成.
2021/05/04-17:11:16 Verify.exe 執行審核.  統一編號：24709969 不可允許錯誤之代碼：無  (完全正確)
2021/05/04-17:11:16 Verify.exe 執行審核.  統一編號：24709969 　可允許錯誤之代碼：0103  0105  0107  0301  0308  0313  0410  
2021/05/04-17:11:29 Verify.exe 執行AP版本檢查！
2021/05/04-17:11:29 Verify.exe try to get Version info from https://rtn.tax.nat.gov.tw/pia/servletpiaupdate?ver=110.02&verdate=1100429
2021/05/04-17:11:29 Verify.exe Got Version info :110.02
2021/05/04-17:11:29 Verify.exe 執行AP版本檢查結果：[110.02]
2021/05/04-17:11:33 Verify.exe 憑證種類: 1
2021/05/04-17:11:43 Verify.exe SSLFstUpLoadResultId: 0
2021/05/04-17:11:58 Verify.exe 申報成功報表製作成功！
2021/05/04-17:16:33 Verify.exe 系統啟動.
2021/05/04-17:16:35 Verify.exe 系統結束.
2021/05/04-17:16:48 Verify.exe 系統啟動.
2021/05/04-17:16:50 Verify.exe 系統結束.
2021/05/04-17:19:09 Verify.exe 系統結束.
2021/05/04-17:19:12 Pia.exe 系統結束.
2021/05/06-13:36:47 PIA.exe 系統啟動.
2021/05/06-13:36:48 PIA.exe 系統結束.
2021/05/06-13:36:53 Pia.exe 系統啟動.
2021/05/06-13:37:08 Pia.exe 執行版次:  - 第 110.02 1100429
2021/05/06-13:58:13 Verify.exe 系統啟動.
2021/05/06-13:58:15 Verify.exe 執行版次: 營利事業所得稅電子結( 決)算審核申報系統 - 第 110.02 1100429
2021/05/06-13:58:19 Verify.exe 檔案複製完成.
2021/05/06-13:58:26 Verify.exe 執行審核.  統一編號：83166060 不可允許錯誤之代碼：0028  0028  
2021/05/06-13:58:26 Verify.exe 執行審核.  統一編號：83166060 　可允許錯誤之代碼：0301  0308  0313  0410  
2021/05/06-13:58:41 Verify.exe 系統結束.
2021/05/06-13:59:54 Verify.exe 系統啟動.
2021/05/06-13:59:56 Verify.exe 執行版次: 營利事業所得稅電子結( 決)算審核申報系統 - 第 110.02 1100429
2021/05/06-14:00:00 Verify.exe 檔案複製完成.
2021/05/06-14:00:02 Verify.exe 執行審核.  統一編號：83166060 不可允許錯誤之代碼：0028  0028  
2021/05/06-14:00:02 Verify.exe 執行審核.  統一編號：83166060 　可允許錯誤之代碼：0301  0308  0313  0410  
2021/05/06-14:00:09 Verify.exe 執行審核.  統一編號：83166060 不可允許錯誤之代碼：0028  0028  
2021/05/06-14:00:09 Verify.exe 執行審核.  統一編號：83166060 　可允許錯誤之代碼：0301  0308  0313  0410  
2021/05/06-14:00:23 Verify.exe 系統結束.
2021/05/06-14:08:28 Verify.exe 系統啟動.
2021/05/06-14:08:30 Verify.exe 執行版次: 營利事業所得稅電子結( 決)算審核申報系統 - 第 110.02 1100429
2021/05/06-14:08:34 Verify.exe 檔案複製完成.
2021/05/06-14:08:36 Verify.exe 執行審核.  統一編號：83166060 不可允許錯誤之代碼：無  (完全正確)
2021/05/06-14:08:36 Verify.exe 執行審核.  統一編號：83166060 　可允許錯誤之代碼：0301  0308  0313  0410  
2021/05/06-14:08:40 Verify.exe 執行AP版本檢查！
2021/05/06-14:08:40 Verify.exe try to get Version info from https://rtn.tax.nat.gov.tw/pia/servletpiaupdate?ver=110.02&verdate=1100429
2021/05/06-14:08:40 Verify.exe Got Version info :110.02
2021/05/06-14:08:40 Verify.exe 執行AP版本檢查結果：[110.02]
2021/05/06-14:08:43 Verify.exe 憑證種類: 1
2021/05/06-14:08:43 Verify.exe SSLFstUpLoadResultId: 0
2021/05/06-14:09:28 Verify.exe 申報成功報表製作成功！
2021/05/06-14:10:20 Verify.exe 系統結束.
2021/05/06-14:12:13 Pia.exe 系統結束.
2021/05/06-14:42:35 PIA.exe 系統啟動.
2021/05/06-14:42:36 PIA.exe 系統結束.
2021/05/06-14:42:40 Pia.exe 系統啟動.
2021/05/06-14:43:03 Pia.exe 執行版次:  - 第 110.02 1100429
2021/05/06-15:17:19 Verify.exe 系統啟動.
2021/05/06-15:17:21 Verify.exe 執行版次: 營利事業所得稅電子結( 決)算審核申報系統 - 第 110.02 1100429
2021/05/06-15:17:26 Verify.exe 檔案複製完成.
2021/05/06-15:17:34 Verify.exe 執行審核.  統一編號：42735258 不可允許錯誤之代碼：0331  0331  1303  1334  1303  1334  1215  1215  
2021/05/06-15:17:34 Verify.exe 執行審核.  統一編號：42735258 　可允許錯誤之代碼：0301  0308  0313  0301  0308  0313  0410  
2021/05/06-15:17:49 Verify.exe 系統結束.
2021/05/06-15:24:31 Verify.exe 系統啟動.
2021/05/06-15:24:32 Verify.exe 執行版次: 營利事業所得稅電子結( 決)算審核申報系統 - 第 110.02 1100429
2021/05/06-15:24:37 Verify.exe 檔案複製完成.
2021/05/06-15:24:40 Verify.exe 執行審核.  統一編號：42735258 不可允許錯誤之代碼：無  (完全正確)
2021/05/06-15:24:40 Verify.exe 執行審核.  統一編號：42735258 　可允許錯誤之代碼：0301  0308  0313  0410  
2021/05/06-15:24:41 Verify.exe 執行AP版本檢查！
2021/05/06-15:24:41 Verify.exe try to get Version info from https://rtn.tax.nat.gov.tw/pia/servletpiaupdate?ver=110.02&verdate=1100429
2021/05/06-15:24:42 Verify.exe Got Version info :110.02
2021/05/06-15:24:42 Verify.exe 執行AP版本檢查結果：[110.02]
2021/05/06-15:24:46 Verify.exe 憑證種類: 1
2021/05/06-15:24:47 Verify.exe SSLFstUpLoadResultId: 0
2021/05/06-15:24:54 Verify.exe 申報成功報表製作成功！
2021/05/06-15:25:44 VerifyOnly.exe 系統啟動.
2021/05/06-15:25:45 VerifyOnly.exe 系統結束.
2021/05/06-15:26:12 Verify.exe 系統結束.
2021/05/06-15:27:05 Pia.exe 系統結束.
2021/05/06-15:31:32 PIA.exe 系統啟動.
2021/05/06-15:31:35 PIA.exe 系統結束.
2021/05/06-15:31:58 Pia.exe 系統啟動.
2021/05/06-15:32:09 Pia.exe 執行版次:  - 第 110.02 1100429
2021/05/06-16:00:57 Verify.exe 系統啟動.
2021/05/06-16:00:58 Verify.exe 執行版次: 營利事業所得稅電子結( 決)算審核申報系統 - 第 110.02 1100429
2021/05/06-16:01:02 Verify.exe 檔案複製完成.
2021/05/06-16:01:06 Verify.exe 執行審核.  統一編號：50969546 不可允許錯誤之代碼：0331  0331  
2021/05/06-16:01:06 Verify.exe 執行審核.  統一編號：50969546 　可允許錯誤之代碼：0301  0308  0313  0301  0308  0313  0410  
2021/05/06-16:01:19 Verify.exe 系統結束.
2021/05/06-16:01:53 Verify.exe 系統啟動.
2021/05/06-16:01:54 Verify.exe 執行版次: 營利事業所得稅電子結( 決)算審核申報系統 - 第 110.02 1100429
2021/05/06-16:01:58 Verify.exe 檔案複製完成.
2021/05/06-16:02:01 Verify.exe 執行審核.  統一編號：50969546 不可允許錯誤之代碼：無  (完全正確)
2021/05/06-16:02:01 Verify.exe 執行審核.  統一編號：50969546 　可允許錯誤之代碼：0301  0308  0313  0410  
2021/05/06-16:02:10 Verify.exe 執行AP版本檢查！
2021/05/06-16:02:10 Verify.exe try to get Version info from https://rtn.tax.nat.gov.tw/pia/servletpiaupdate?ver=110.02&verdate=1100429
2021/05/06-16:02:10 Verify.exe Got Version info :110.02
2021/05/06-16:02:10 Verify.exe 執行AP版本檢查結果：[110.02]
2021/05/06-16:02:13 Verify.exe 憑證種類: 1
2021/05/06-16:04:19 Verify.exe SSLFstUpLoadResultId: 0
2021/05/06-16:04:33 Verify.exe 申報成功報表製作成功！
2021/05/06-16:06:19 Verify.exe 系統結束.
2021/05/06-16:07:55 Verify.exe 系統啟動.
2021/05/06-16:07:57 Verify.exe 執行版次: 營利事業所得稅電子結( 決)算審核申報系統 - 第 110.02 1100429
2021/05/06-16:09:15 Verify.exe 系統結束.
2021/05/06-16:10:07 Pia.exe 系統結束.
2021/05/06-16:54:27 PIA.exe 系統啟動.
2021/05/06-16:54:28 PIA.exe 系統結束.
2021/05/06-16:54:40 Pia.exe 系統啟動.
2021/05/06-16:54:54 Pia.exe 執行版次:  - 第 110.03 1100506
2021/05/06-16:56:17 Verify.exe 系統啟動.
2021/05/06-16:56:19 Verify.exe 系統結束.
2021/05/06-16:56:39 Verify.exe 系統啟動.
2021/05/06-16:56:40 Verify.exe 執行版次: 營利事業所得稅電子結( 決)算審核申報系統 - 第 110.03 1100506
2021/05/06-16:56:46 Verify.exe 檔案複製完成.
2021/05/06-16:56:49 Verify.exe 執行審核.  統一編號：50969546 不可允許錯誤之代碼：無  (完全正確)
2021/05/06-16:56:49 Verify.exe 執行審核.  統一編號：50969546 　可允許錯誤之代碼：0301  0308  0313  0410  
2021/05/06-16:56:59 Verify.exe 執行AP版本檢查！
2021/05/06-16:56:59 Verify.exe try to get Version info from https://rtn.tax.nat.gov.tw/pia/servletpiaupdate?ver=110.03&verdate=1100506
2021/05/06-16:56:59 Verify.exe Got Version info :110.03
2021/05/06-16:56:59 Verify.exe 執行AP版本檢查結果：[110.03]
2021/05/06-16:57:02 Verify.exe 憑證種類: 1
2021/05/06-16:57:10 Verify.exe SSLFstUpLoadResultId: 0
2021/05/06-16:57:18 Verify.exe 申報成功報表製作成功！
2021/05/06-16:58:24 Verify.exe 系統結束.
2021/05/06-17:07:49 Pia.exe 系統結束.
2021/05/06-17:42:58 PIA.exe 系統啟動.
2021/05/06-17:42:59 PIA.exe 系統結束.
2021/05/06-17:43:02 Pia.exe 系統啟動.
2021/05/06-17:43:09 Pia.exe 執行版次:  - 第 110.03 1100506
2021/05/06-17:46:48 Verify.exe 系統啟動.
2021/05/06-17:46:50 Verify.exe 執行版次: 營利事業所得稅電子結( 決)算審核申報系統 - 第 110.03 1100506
2021/05/06-17:46:55 Verify.exe 檔案複製完成.
2021/05/06-17:46:57 Verify.exe 執行審核.  統一編號：50969546 不可允許錯誤之代碼：無  (完全正確)
2021/05/06-17:46:57 Verify.exe 執行審核.  統一編號：50969546 　可允許錯誤之代碼：0301  0308  0313  0410  
2021/05/06-17:47:12 Verify.exe 執行AP版本檢查！
2021/05/06-17:47:12 Verify.exe try to get Version info from https://rtn.tax.nat.gov.tw/pia/servletpiaupdate?ver=110.03&verdate=1100506
2021/05/06-17:47:12 Verify.exe Got Version info :110.03
2021/05/06-17:47:12 Verify.exe 執行AP版本檢查結果：[110.03]
2021/05/06-17:47:14 Verify.exe 憑證種類: 1
2021/05/06-17:47:23 Verify.exe SSLFstUpLoadResultId: 0
2021/05/06-17:47:33 Verify.exe 申報成功報表製作成功！
2021/05/06-17:47:40 Verify.exe 系統結束.
2021/05/06-17:47:44 Verify.exe 系統啟動.
2021/05/06-17:47:45 Verify.exe 執行版次: 營利事業所得稅電子結( 決)算審核申報系統 - 第 110.03 1100506
2021/05/06-17:49:03 Verify.exe 系統結束.
2021/05/06-17:50:07 Pia.exe 系統結束.
2022/05/09-11:15:55 PIA.exe 系統啟動.
2022/05/09-11:15:56 PIA.exe 系統結束.
2022/05/09-11:17:08 Pia.exe 系統啟動.
2022/05/09-11:17:35 Pia.exe 執行版次:  - 第 111.02 1110505
2022/05/09-12:11:58 Verify.exe 系統啟動.
2022/05/09-12:12:03 Verify.exe 執行版次: 營利事業所得稅電子結( 決)算審核申報系統 - 第 111.02 1110505
2022/05/09-12:12:29 Verify.exe 系統結束.
2022/05/09-12:12:32 Verify.exe 系統啟動.
2022/05/09-12:12:34 Verify.exe 系統結束.
2022/05/09-12:12:49 Verify.exe 系統啟動.
2022/05/09-12:12:51 Verify.exe 執行版次: 營利事業所得稅電子結( 決)算審核申報系統 - 第 111.02 1110505
2022/05/09-12:13:06 Verify.exe 檔案複製完成.
2022/05/09-12:13:28 Verify.exe 執行審核.  統一編號：24709969 不可允許錯誤之代碼：0010  0010  0114  0114  0203  0222  0203  0222  
2022/05/09-12:13:28 Verify.exe 執行審核.  統一編號：24709969 　可允許錯誤之代碼：0103  0105  0107  0103  0105  0107  0301  0308  0313  
2022/05/09-12:13:58 Verify.exe 系統結束.
2022/05/09-12:22:42 Verify.exe 系統啟動.
2022/05/09-12:22:45 Verify.exe 執行版次: 營利事業所得稅電子結( 決)算審核申報系統 - 第 111.02 1110505
2022/05/09-12:22:50 Verify.exe 檔案複製完成.
2022/05/09-12:22:53 Verify.exe 執行審核.  統一編號：24709969 不可允許錯誤之代碼：無  (完全正確)
2022/05/09-12:22:53 Verify.exe 執行審核.  統一編號：24709969 　可允許錯誤之代碼：0103  0105  0107  0301  0308  0313  0410  
2022/05/09-12:23:07 Verify.exe 執行AP版本檢查！
2022/05/09-12:23:07 Verify.exe try to get Version info from https://rtn.tax.nat.gov.tw/pia/servletpiaupdate?ver=111.02&verdate=1110505
2022/05/09-12:23:07 Verify.exe Got Version info :111.02
2022/05/09-12:23:07 Verify.exe 執行AP版本檢查結果：[111.02]
2022/05/09-12:23:10 Verify.exe 憑證種類: 1
2022/05/09-12:23:21 Verify.exe SSLFstUpLoadResultId: 0
2022/05/09-12:23:36 Verify.exe 申報成功報表製作成功！
2022/05/09-12:25:10 VerifyOnly.exe 系統啟動.
2022/05/09-12:25:31 VerifyOnly.exe 系統結束.
2022/05/09-12:25:37 Verify.exe 系統結束.
2022/05/09-12:26:46 Pia.exe 系統結束.
2022/05/09-12:29:04 PIA.exe 系統啟動.
2022/05/09-12:29:05 PIA.exe 系統結束.
2022/05/09-12:29:09 Pia.exe 系統啟動.
2022/05/09-12:30:30 Pia.exe 系統結束.
2022/05/09-13:26:27 PIA.exe 系統啟動.
2022/05/09-13:26:28 PIA.exe 系統結束.
2022/05/09-13:26:33 Pia.exe 系統啟動.
2022/05/09-13:26:59 Pia.exe 執行版次:  - 第 111.02 1110505
2022/05/09-14:02:26 Verify.exe 系統啟動.
2022/05/09-14:02:29 Verify.exe 執行版次: 營利事業所得稅電子結( 決)算審核申報系統 - 第 111.02 1110505
2022/05/09-14:02:42 Verify.exe 檔案複製完成.
2022/05/09-14:02:48 Verify.exe 執行審核.  統一編號：54294333 不可允許錯誤之代碼：0010  0010  
2022/05/09-14:02:48 Verify.exe 執行審核.  統一編號：54294333 　可允許錯誤之代碼：0103  0105  0107  0301  0308  0313  
2022/05/09-14:03:01 Verify.exe 系統結束.
2022/05/09-14:03:33 Verify.exe 系統啟動.
2022/05/09-14:03:35 Verify.exe 執行版次: 營利事業所得稅電子結( 決)算審核申報系統 - 第 111.02 1110505
2022/05/09-14:03:39 Verify.exe 檔案複製完成.
2022/05/09-14:03:41 Verify.exe 執行審核.  統一編號：54294333 不可允許錯誤之代碼：無  (完全正確)
2022/05/09-14:03:41 Verify.exe 執行審核.  統一編號：54294333 　可允許錯誤之代碼：0103  0105  0107  0301  0308  0313  0410  
2022/05/09-14:03:51 Verify.exe 檔案複製完成.
2022/05/09-14:03:53 Verify.exe 執行AP版本檢查！
2022/05/09-14:03:53 Verify.exe try to get Version info from https://rtn.tax.nat.gov.tw/pia/servletpiaupdate?ver=111.02&verdate=1110505
2022/05/09-14:03:53 Verify.exe Got Version info :111.02
2022/05/09-14:03:53 Verify.exe 執行AP版本檢查結果：[111.02]
2022/05/09-14:03:56 Verify.exe 憑證種類: 1
2022/05/09-14:03:57 Verify.exe SSLFstUpLoadResultId: 0
2022/05/09-14:04:05 Verify.exe 申報成功報表製作成功！
2022/05/09-14:05:31 Verify.exe 系統結束.
2022/05/09-14:06:12 Pia.exe 系統結束.
2022/05/09-14:09:22 PIA.exe 系統啟動.
2022/05/09-14:09:24 PIA.exe 系統結束.
2022/05/09-14:09:28 Pia.exe 系統啟動.
2022/05/09-14:09:49 Pia.exe 執行版次:  - 第 111.02 1110505
2022/05/09-14:37:26 Verify.exe 系統啟動.
2022/05/09-14:37:28 Verify.exe 執行版次: 營利事業所得稅電子結( 決)算審核申報系統 - 第 111.02 1110505
2022/05/09-14:37:33 Verify.exe 檔案複製完成.
2022/05/09-14:37:38 Verify.exe 執行審核.  統一編號：42735258 不可允許錯誤之代碼：0331  0331  1334  1334  1519  1523  1519  1523  1215  1215  
2022/05/09-14:37:38 Verify.exe 執行審核.  統一編號：42735258 　可允許錯誤之代碼：0301  0308  0313  0301  0308  0313  0410  
2022/05/09-14:46:48 Verify.exe 系統結束.
2022/05/09-14:51:53 Verify.exe 系統啟動.
2022/05/09-14:51:55 Verify.exe 執行版次: 營利事業所得稅電子結( 決)算審核申報系統 - 第 111.02 1110505
2022/05/09-14:51:59 Verify.exe 檔案複製完成.
2022/05/09-14:52:02 Verify.exe 執行審核.  統一編號：42735258 不可允許錯誤之代碼：無  (完全正確)
2022/05/09-14:52:02 Verify.exe 執行審核.  統一編號：42735258 　可允許錯誤之代碼：0301  0308  0313  0410  
2022/05/09-14:52:05 Verify.exe 執行AP版本檢查！
2022/05/09-14:52:05 Verify.exe try to get Version info from https://rtn.tax.nat.gov.tw/pia/servletpiaupdate?ver=111.02&verdate=1110505
2022/05/09-14:52:05 Verify.exe Got Version info :111.02
2022/05/09-14:52:05 Verify.exe 執行AP版本檢查結果：[111.02]
2022/05/09-14:52:08 Verify.exe 憑證種類: 1
2022/05/09-14:52:09 Verify.exe SSLFstUpLoadResultId: 0
2022/05/09-14:52:15 Verify.exe 申報成功報表製作成功！
2022/05/09-14:54:09 VerifyOnly.exe 系統啟動.
2022/05/09-14:54:20 VerifyOnly.exe 系統結束.
2022/05/09-14:54:46 Verify.exe 系統結束.
2022/05/09-14:57:09 Pia.exe 系統結束.
2022/05/09-14:58:04 PIA.exe 系統啟動.
2022/05/09-14:58:05 PIA.exe 系統結束.
2022/05/09-14:58:10 Pia.exe 系統啟動.
2022/05/09-14:58:19 Pia.exe 執行版次:  - 第 111.02 1110505
2022/05/09-15:38:09 Verify.exe 系統啟動.
2022/05/09-15:38:12 Verify.exe 執行版次: 營利事業所得稅電子結( 決)算審核申報系統 - 第 111.02 1110505
2022/05/09-15:38:16 Verify.exe 檔案複製完成.
2022/05/09-15:38:23 Verify.exe 執行審核.  統一編號：50969546 不可允許錯誤之代碼：1330  1330  
2022/05/09-15:38:23 Verify.exe 執行審核.  統一編號：50969546 　可允許錯誤之代碼：0301  0308  0313  0410  
2022/05/09-15:38:42 Verify.exe 系統結束.
2022/05/09-15:39:53 Verify.exe 系統啟動.
2022/05/09-15:39:55 Verify.exe 執行版次: 營利事業所得稅電子結( 決)算審核申報系統 - 第 111.02 1110505
2022/05/09-15:39:59 Verify.exe 檔案複製完成.
2022/05/09-15:40:01 Verify.exe 執行審核.  統一編號：50969546 不可允許錯誤之代碼：無  (完全正確)
2022/05/09-15:40:01 Verify.exe 執行審核.  統一編號：50969546 　可允許錯誤之代碼：0301  0308  0313  0410  
2022/05/09-15:40:04 Verify.exe 執行AP版本檢查！
2022/05/09-15:40:04 Verify.exe try to get Version info from https://rtn.tax.nat.gov.tw/pia/servletpiaupdate?ver=111.02&verdate=1110505
2022/05/09-15:40:04 Verify.exe Got Version info :111.02
2022/05/09-15:40:04 Verify.exe 執行AP版本檢查結果：[111.02]
2022/05/09-15:40:07 Verify.exe 憑證種類: 1
2022/05/09-15:40:18 Verify.exe SSLFstUpLoadResultId: 0
2022/05/09-15:40:29 Verify.exe 申報成功報表製作成功！
2022/05/09-15:41:43 Verify.exe 系統結束.
2022/05/09-15:43:14 Pia.exe 執行版次:  - 第 111.02 1110505
2022/05/09-15:44:28 Verify.exe 系統啟動.
2022/05/09-15:44:31 Verify.exe 執行版次: 營利事業所得稅電子結( 決)算審核申報系統 - 第 111.02 1110505
2022/05/09-15:45:45 Verify.exe 系統結束.
2022/05/09-15:45:49 Pia.exe 系統結束.
2022/09/27-17:17:45 PIA.exe 系統啟動.
2022/09/27-17:17:46 PIA.exe 系統結束.
2022/09/27-17:17:49 Pia.exe 系統啟動.
2022/09/27-17:18:15 Pia.exe 執行版次:  - 第 111.02 1110505
2022/09/27-17:44:15 Pia.exe 系統結束.
2023/05/02-10:50:40 PIA.exe 系統啟動.
2023/05/02-10:50:41 PIA.exe 系統結束.
2023/05/02-10:50:45 Pia.exe 系統啟動.
2023/05/02-10:52:11 Pia.exe 執行版次:  - 第 112.01 1120428
2023/05/02-12:15:22 Verify.exe 系統啟動.
2023/05/02-12:15:22 Verify.exe get parameter :LeadingSuccess_1120531_1120603_1
2023/05/02-12:15:25 Verify.exe 執行版次: 營利事業所得稅電子結( 決)算審核申報系統 - 第 112.01 1120428
2023/05/02-12:15:33 Verify.exe 檔案複製完成.
2023/05/02-12:15:45 Verify.exe 執行審核.  統一編號：24709969 不可允許錯誤之代碼：1304  1334  1304  1334  1215  1216  1215  1216  
2023/05/02-12:15:45 Verify.exe 執行審核.  統一編號：24709969 　可允許錯誤之代碼：0103  0105  0107  0301  0313  0410  
2023/05/02-12:16:08 Verify.exe 執行審核.  統一編號：24709969 不可允許錯誤之代碼：1304  1334  1304  1334  1215  1216  1215  1216  
2023/05/02-12:16:08 Verify.exe 執行審核.  統一編號：24709969 　可允許錯誤之代碼：0103  0105  0107  0301  0313  0410  
2023/05/02-12:16:26 Verify.exe 系統結束.
2023/05/02-12:18:28 Verify.exe 系統啟動.
2023/05/02-12:18:28 Verify.exe get parameter :LeadingSuccess_1120531_1120603_1
2023/05/02-12:18:31 Verify.exe 執行版次: 營利事業所得稅電子結( 決)算審核申報系統 - 第 112.01 1120428
2023/05/02-12:18:35 Verify.exe 檔案複製完成.
2023/05/02-12:18:39 Verify.exe 執行審核.  統一編號：24709969 不可允許錯誤之代碼：1329  1334  1329  1334  1216  1216  
2023/05/02-12:18:39 Verify.exe 執行審核.  統一編號：24709969 　可允許錯誤之代碼：0103  0105  0107  0301  0313  0410  
2023/05/02-12:19:03 Verify.exe 執行審核.  統一編號：24709969 不可允許錯誤之代碼：1329  1334  1329  1334  1216  1216  
2023/05/02-12:19:03 Verify.exe 執行審核.  統一編號：24709969 　可允許錯誤之代碼：0103  0105  0107  0301  0313  0410  
2023/05/02-12:19:15 Verify.exe 系統結束.
2023/05/02-12:20:26 Verify.exe 系統啟動.
2023/05/02-12:20:26 Verify.exe get parameter :LeadingSuccess_1120531_1120603_1
2023/05/02-12:20:29 Verify.exe 執行版次: 營利事業所得稅電子結( 決)算審核申報系統 - 第 112.01 1120428
2023/05/02-12:20:33 Verify.exe 檔案複製完成.
2023/05/02-12:20:36 Verify.exe 執行審核.  統一編號：24709969 不可允許錯誤之代碼：無  (完全正確)
2023/05/02-12:20:36 Verify.exe 執行審核.  統一編號：24709969 　可允許錯誤之代碼：0103  0105  0107  0301  0313  0410  
2023/05/02-12:20:50 Verify.exe 執行AP版本檢查！
2023/05/02-12:20:50 Verify.exe try to get Version info from https://rtn.tax.nat.gov.tw/pia/servletpiaupdate?ver=112.01&verdate=1120428
2023/05/02-12:20:50 Verify.exe Got Version info :112.01
2023/05/02-12:20:50 Verify.exe 執行AP版本檢查結果：[112.01]
2023/05/02-12:20:58 Verify.exe 憑證種類: 1
2023/05/02-12:21:12 Verify.exe SSLFstUpLoadResultId: 0
2023/05/02-12:21:24 Verify.exe 申報成功報表製作成功！
2023/05/02-12:26:31 Verify.exe 系統結束.
2023/05/02-12:27:45 Pia.exe 系統結束.
2023/05/02-13:37:59 PIA.exe 系統啟動.
2023/05/02-13:37:59 PIA.exe 系統結束.
2023/05/02-13:38:04 Pia.exe 系統啟動.
2023/05/02-13:38:26 Pia.exe 執行版次:  - 第 112.01 1120428
2023/05/02-14:58:17 Verify.exe 系統啟動.
2023/05/02-14:58:17 Verify.exe get parameter :LeadingSuccess_1120531_1120603_1
2023/05/02-14:58:20 Verify.exe 執行版次: 營利事業所得稅電子結( 決)算審核申報系統 - 第 112.01 1120428
2023/05/02-14:58:24 Verify.exe 檔案複製完成.
2023/05/02-14:58:30 Verify.exe 執行審核.  統一編號：54294333 不可允許錯誤之代碼：0010  0010  
2023/05/02-14:58:30 Verify.exe 執行審核.  統一編號：54294333 　可允許錯誤之代碼：0103  0105  0107  0301  0313  0410  
2023/05/02-14:58:49 Verify.exe 系統結束.
2023/05/02-15:03:06 Verify.exe 系統啟動.
2023/05/02-15:03:06 Verify.exe get parameter :LeadingSuccess_1120531_1120603_1
2023/05/02-15:03:10 Verify.exe 執行版次: 營利事業所得稅電子結( 決)算審核申報系統 - 第 112.01 1120428
2023/05/02-15:03:14 Verify.exe 檔案複製完成.
2023/05/02-15:03:17 Verify.exe 執行審核.  統一編號：54294333 不可允許錯誤之代碼：無  (完全正確)
2023/05/02-15:03:17 Verify.exe 執行審核.  統一編號：54294333 　可允許錯誤之代碼：0103  0105  0107  0301  0313  0410  
2023/05/02-15:03:22 Verify.exe 執行AP版本檢查！
2023/05/02-15:03:22 Verify.exe try to get Version info from https://rtn.tax.nat.gov.tw/pia/servletpiaupdate?ver=112.01&verdate=1120428
2023/05/02-15:03:22 Verify.exe Got Version info :112.01
2023/05/02-15:03:22 Verify.exe 執行AP版本檢查結果：[112.01]
2023/05/02-15:03:29 Verify.exe 憑證種類: 1
2023/05/02-15:03:30 Verify.exe SSLFstUpLoadResultId: 0
2023/05/02-15:03:37 Verify.exe 申報成功報表製作成功！
2023/05/02-15:05:11 Verify.exe 憑證種類: 1
2023/05/02-15:05:11 Verify.exe SSLFstUpLoadResultId: 0
2023/05/02-15:05:18 Verify.exe 申報成功報表製作成功！
2023/05/02-15:06:17 Verify.exe 系統結束.
2023/05/02-15:07:15 Pia.exe 系統結束.
2023/05/02-15:08:22 PIA.exe 系統啟動.
2023/05/02-15:08:23 PIA.exe 系統結束.
2023/05/02-15:08:27 Pia.exe 系統啟動.
2023/05/02-15:08:54 Pia.exe 執行版次:  - 第 112.01 1120428
2023/05/02-15:30:15 Verify.exe 系統啟動.
2023/05/02-15:30:15 Verify.exe get parameter :LeadingSuccess_1120531_1120603_1
2023/05/02-15:30:18 Verify.exe 執行版次: 營利事業所得稅電子結( 決)算審核申報系統 - 第 112.01 1120428
2023/05/02-15:30:24 Verify.exe 檔案複製完成.
2023/05/02-15:30:33 Verify.exe 執行審核.  統一編號：42735258 不可允許錯誤之代碼：1329  1334  1329  1334  
2023/05/02-15:30:33 Verify.exe 執行審核.  統一編號：42735258 　可允許錯誤之代碼：0301  0313  0410  
2023/05/02-15:30:50 Verify.exe 系統結束.
2023/05/02-15:33:37 Verify.exe 系統啟動.
2023/05/02-15:33:37 Verify.exe get parameter :LeadingSuccess_1120531_1120603_1
2023/05/02-15:33:40 Verify.exe 執行版次: 營利事業所得稅電子結( 決)算審核申報系統 - 第 112.01 1120428
2023/05/02-15:33:45 Verify.exe 檔案複製完成.
2023/05/02-15:33:47 Verify.exe 執行審核.  統一編號：42735258 不可允許錯誤之代碼：無  (完全正確)
2023/05/02-15:33:47 Verify.exe 執行審核.  統一編號：42735258 　可允許錯誤之代碼：0301  0313  0410  
2023/05/02-15:33:52 Verify.exe 執行AP版本檢查！
2023/05/02-15:33:52 Verify.exe try to get Version info from https://rtn.tax.nat.gov.tw/pia/servletpiaupdate?ver=112.01&verdate=1120428
2023/05/02-15:33:52 Verify.exe Got Version info :112.01
2023/05/02-15:33:52 Verify.exe 執行AP版本檢查結果：[112.01]
2023/05/02-15:34:21 Verify.exe 憑證種類: 1
2023/05/02-15:34:33 Verify.exe SSLFstUpLoadResultId: 0
2023/05/02-15:34:40 Verify.exe 申報成功報表製作成功！
2023/05/02-15:35:43 Verify.exe 系統結束.
2023/05/02-15:35:52 Verify.exe 系統啟動.
2023/05/02-15:35:52 Verify.exe get parameter :LeadingSuccess_1120531_1120603_1
2023/05/02-15:35:54 Verify.exe 系統結束.
2023/05/02-15:36:53 Verify.exe 系統啟動.
2023/05/02-15:36:53 Verify.exe get parameter :LeadingSuccess_1120531_1120603_1
2023/05/02-15:36:55 Verify.exe 執行版次: 營利事業所得稅電子結( 決)算審核申報系統 - 第 112.01 1120428
2023/05/02-15:37:11 VerifyOnly.exe 系統啟動.
2023/05/02-15:37:13 VerifyOnly.exe 系統結束.
2023/05/02-15:53:04 Verify.exe 系統結束.
2023/05/02-15:54:01 Verify.exe 系統啟動.
2023/05/02-15:54:01 Verify.exe get parameter :LeadingSuccess_1120531_1120603_1
2023/05/02-15:54:04 Verify.exe 執行版次: 營利事業所得稅電子結( 決)算審核申報系統 - 第 112.01 1120428
2023/05/02-16:09:46 Pia.exe 執行版次:  - 第 112.01 1120428
2023/05/02-16:41:04 Verify.exe 系統啟動.
2023/05/02-16:41:04 Verify.exe get parameter :LeadingSuccess_1120531_1120603_1
2023/05/02-16:41:06 Verify.exe 執行版次: 營利事業所得稅電子結( 決)算審核申報系統 - 第 112.01 1120428
2023/05/02-16:41:10 Verify.exe 檔案複製完成.
2023/05/02-16:41:18 Verify.exe 執行審核.  統一編號：50969546 不可允許錯誤之代碼：0114  0144  0114  0144  
2023/05/02-16:41:18 Verify.exe 執行審核.  統一編號：50969546 　可允許錯誤之代碼：0301  0313  0410  
2023/05/02-16:41:40 Verify.exe 系統結束.
2023/05/02-16:43:14 Verify.exe 系統啟動.
2023/05/02-16:43:14 Verify.exe get parameter :LeadingSuccess_1120531_1120603_1
2023/05/02-16:43:17 Verify.exe 執行版次: 營利事業所得稅電子結( 決)算審核申報系統 - 第 112.01 1120428
2023/05/02-16:43:22 Verify.exe 檔案複製完成.
2023/05/02-16:43:24 Verify.exe 執行審核.  統一編號：50969546 不可允許錯誤之代碼：0114  0144  0114  0144  
2023/05/02-16:43:24 Verify.exe 執行審核.  統一編號：50969546 　可允許錯誤之代碼：0301  0313  0410  
2023/05/02-16:43:44 Verify.exe 系統結束.
2023/05/02-16:48:29 Verify.exe 系統啟動.
2023/05/02-16:48:29 Verify.exe get parameter :LeadingSuccess_1120531_1120603_1
2023/05/02-16:48:31 Verify.exe 執行版次: 營利事業所得稅電子結( 決)算審核申報系統 - 第 112.01 1120428
2023/05/02-16:48:35 Verify.exe 檔案複製完成.
2023/05/02-16:48:37 Verify.exe 執行審核.  統一編號：50969546 不可允許錯誤之代碼：無  (完全正確)
2023/05/02-16:48:37 Verify.exe 執行審核.  統一編號：50969546 　可允許錯誤之代碼：0301  0313  0410  
2023/05/02-16:48:39 Verify.exe 執行AP版本檢查！
2023/05/02-16:48:39 Verify.exe try to get Version info from https://rtn.tax.nat.gov.tw/pia/servletpiaupdate?ver=112.01&verdate=1120428
2023/05/02-16:48:39 Verify.exe Got Version info :112.01
2023/05/02-16:48:39 Verify.exe 執行AP版本檢查結果：[112.01]
2023/05/02-16:48:46 Verify.exe 憑證種類: 1
2023/05/02-16:48:52 Verify.exe SSLFstUpLoadResultId: 0
2023/05/02-16:49:01 Verify.exe 申報成功報表製作成功！
2023/05/02-17:02:52 Verify.exe 系統結束.
2023/05/02-17:07:24 Verify.exe 系統啟動.
2023/05/02-17:07:24 Verify.exe get parameter :LeadingSuccess_1120531_1120603_1
2023/05/02-17:07:31 Verify.exe 執行版次: 營利事業所得稅電子結( 決)算審核申報系統 - 第 112.01 1120428
2023/05/02-17:11:22 Verify.exe 系統結束.
2023/05/02-17:11:27 Pia.exe 系統結束.
2023/05/02-17:34:26 Verify.exe 系統結束.
2023/05/05-10:20:47 PIA.exe 系統啟動.
2023/05/05-10:20:48 PIA.exe 系統結束.
2023/05/05-10:20:52 Pia.exe 系統啟動.
2023/05/05-10:21:03 Verify.exe 系統啟動.
2023/05/05-10:21:03 Verify.exe get parameter :LeadingSuccess_1120531_1120603_1
2023/05/05-10:21:06 Verify.exe 執行版次: 營利事業所得稅電子結( 決)算審核申報系統 - 第 112.01 1120428
2023/05/05-10:22:15 Verify.exe 檔案複製完成.
2023/05/05-10:22:15 Verify.exe 檔案複製完成.
2023/05/05-10:23:27 Verify.exe 檔案複製完成.
2023/05/05-10:23:27 Verify.exe 檔案複製完成.
2023/05/05-10:24:19 Verify.exe 檔案複製完成.
2023/05/05-10:24:19 Verify.exe 檔案複製完成.
2023/05/05-10:25:28 Verify.exe 系統結束.
2023/05/05-10:25:34 Pia.exe 系統結束.
2023/10/11-14:36:28 PIA.exe 系統啟動.
2023/10/11-14:36:29 PIA.exe 系統結束.
2023/10/11-14:36:43 Pia.exe 系統啟動.
2023/10/11-14:36:48 Pia.exe 系統結束.
2024/05/02-10:51:08 PIA.exe 系統啟動.
2024/05/02-10:51:09 PIA.exe 系統結束.
2024/05/02-10:51:26 Pia.exe 系統啟動.
2024/05/02-10:51:38 Pia.exe 系統結束.
2024/05/02-10:53:22 PIA.exe 系統啟動.
2024/05/02-10:53:24 PIA.exe 系統結束.
2024/05/02-10:53:35 Pia.exe 系統啟動.
2024/05/02-10:54:22 Pia.exe 使用者登入, 資料年度:112, 統一編號:24709969, 營利事業單位名稱:交大天使投資顧問股份有限公司
2024/05/02-10:54:22 Pia.exe 執行版次:  - 第 113.01 1130429
2024/05/02-10:58:50 Pia.exe 使用者登入, 資料年度:112, 統一編號:93794342, 營利事業單位名稱:星達三投資股份有限公司
2024/05/02-10:58:50 Pia.exe 執行版次:  - 第 113.01 1130429
2024/05/02-11:53:30 Verify.exe 系統啟動.
2024/05/02-11:53:30 Verify.exe get parameter :LeadingSuccess_1130531_1130603_1_https://www.fia.gov.tw/singlehtml/18?cntId=379e0e843acf4be5b11be32777cb624c___
2024/05/02-11:53:34 Verify.exe 執行版次: 營利事業所得稅電子結( 決)算審核申報系統 - 第 113.01 1130429
2024/05/02-11:54:01 Verify.exe 檔案複製完成.
2024/05/02-11:54:12 Verify.exe 執行審核.  統一編號：93794342 不可允許錯誤之代碼：0010  0010  1305  1305  
2024/05/02-11:54:12 Verify.exe 執行審核.  統一編號：93794342 　可允許錯誤之代碼：0301  0313  
2024/05/02-11:54:48 Verify.exe 系統結束.
2024/05/02-11:55:50 Verify.exe 系統啟動.
2024/05/02-11:55:50 Verify.exe get parameter :LeadingSuccess_1130531_1130603_1_https://www.fia.gov.tw/singlehtml/18?cntId=379e0e843acf4be5b11be32777cb624c___
2024/05/02-11:55:53 Verify.exe 執行版次: 營利事業所得稅電子結( 決)算審核申報系統 - 第 113.01 1130429
2024/05/02-11:55:58 Verify.exe 檔案複製完成.
2024/05/02-11:56:02 Verify.exe 執行審核.  統一編號：93794342 不可允許錯誤之代碼：無  (完全正確)
2024/05/02-11:56:02 Verify.exe 執行審核.  統一編號：93794342 　可允許錯誤之代碼：0301  0313  0410  
2024/05/02-11:56:05 Verify.exe 執行AP版本檢查！
2024/05/02-11:56:05 Verify.exe try to get Version info from https://rtn.tax.nat.gov.tw/pia/servletpiaupdate?ver=113.01&verdate=1130429
2024/05/02-11:56:05 Verify.exe Got Version info :113.01
2024/05/02-11:56:05 Verify.exe 執行AP版本檢查結果：[113.01]
2024/05/02-11:56:11 Verify.exe 憑證種類: 1
2024/05/02-11:56:11 Verify.exe SSLFstUpLoadResultId: 0
2024/05/02-11:56:23 Verify.exe 申報成功報表製作成功！
2024/05/02-11:57:51 Verify.exe 系統結束.
2024/05/02-11:59:06 Pia.exe 系統結束.
2024/05/02-14:43:55 PIA.exe 系統啟動.
2024/05/02-14:43:56 PIA.exe 系統結束.
2024/05/02-14:44:01 Pia.exe 系統啟動.
2024/05/02-14:46:07 PIA.exe 系統啟動.
2024/05/02-14:46:09 PIA.exe 系統結束.
2024/05/02-14:46:22 Pia.exe 使用者登入, 資料年度:112, 統一編號:24709969, 營利事業單位名稱:交大天使投資顧問股份有限公司
2024/05/02-14:46:22 Pia.exe 執行版次:  - 第 113.01 1130429
2024/05/02-15:44:21 Verify.exe 系統啟動.
2024/05/02-15:44:21 Verify.exe get parameter :LeadingSuccess_1130531_1130603_1_https://www.fia.gov.tw/singlehtml/18?cntId=379e0e843acf4be5b11be32777cb624c___
2024/05/02-15:44:24 Verify.exe 執行版次: 營利事業所得稅電子結( 決)算審核申報系統 - 第 113.01 1130429
2024/05/02-15:44:28 Verify.exe 檔案複製完成.
2024/05/02-15:44:43 Verify.exe 執行審核.  統一編號：24709969 不可允許錯誤之代碼：0933  0933  
2024/05/02-15:44:43 Verify.exe 執行審核.  統一編號：24709969 　可允許錯誤之代碼：0103  0105  0107  0301  0313  0410  
2024/05/02-15:44:57 Verify.exe 系統結束.
2024/05/02-15:45:41 Verify.exe 系統啟動.
2024/05/02-15:45:41 Verify.exe get parameter :LeadingSuccess_1130531_1130603_1_https://www.fia.gov.tw/singlehtml/18?cntId=379e0e843acf4be5b11be32777cb624c___
2024/05/02-15:45:48 Verify.exe 執行版次: 營利事業所得稅電子結( 決)算審核申報系統 - 第 113.01 1130429
2024/05/02-15:45:53 Verify.exe 檔案複製完成.
2024/05/02-15:45:55 Verify.exe 執行審核.  統一編號：24709969 不可允許錯誤之代碼：無  (完全正確)
2024/05/02-15:45:55 Verify.exe 執行審核.  統一編號：24709969 　可允許錯誤之代碼：0103  0105  0107  0301  0313  0410  
2024/05/02-15:46:19 VerifyOnly.exe 系統啟動.
2024/05/02-15:46:25 VerifyOnly.exe 系統結束.
2024/05/02-15:46:29 Verify.exe 檔案複製完成.
2024/05/02-15:46:32 Verify.exe 執行AP版本檢查！
2024/05/02-15:46:32 Verify.exe try to get Version info from https://rtn.tax.nat.gov.tw/pia/servletpiaupdate?ver=113.01&verdate=1130429
2024/05/02-15:46:33 Verify.exe Got Version info :113.01
2024/05/02-15:46:33 Verify.exe 執行AP版本檢查結果：[113.01]
2024/05/02-15:46:39 Verify.exe 憑證種類: 1
2024/05/02-15:46:39 Verify.exe SSLFstUpLoadResultId: 0
2024/05/02-15:46:49 Verify.exe 申報成功報表製作成功！
2024/05/02-15:49:38 Verify.exe 系統結束.
2024/05/02-16:00:13 Pia.exe 系統結束.
2024/05/02-16:01:01 PIA.exe 系統啟動.
2024/05/02-16:01:02 PIA.exe 系統結束.
2024/05/02-16:01:06 Pia.exe 系統啟動.
2024/05/02-16:01:23 Pia.exe 使用者登入, 資料年度:112, 統一編號:54294333, 營利事業單位名稱:星達管理顧問股份有限公司
2024/05/02-16:01:23 Pia.exe 執行版次:  - 第 113.01 1130429
2024/05/02-16:17:41 Verify.exe 系統啟動.
2024/05/02-16:17:41 Verify.exe get parameter :LeadingSuccess_1130531_1130603_1_https://www.fia.gov.tw/singlehtml/18?cntId=379e0e843acf4be5b11be32777cb624c___
2024/05/02-16:17:43 Verify.exe 執行版次: 營利事業所得稅電子結( 決)算審核申報系統 - 第 113.01 1130429
2024/05/02-16:17:48 Verify.exe 檔案複製完成.
2024/05/02-16:17:53 Verify.exe 執行審核.  統一編號：54294333 不可允許錯誤之代碼：0203  0203  
2024/05/02-16:17:53 Verify.exe 執行審核.  統一編號：54294333 　可允許錯誤之代碼：0301  0313  0410  
2024/05/02-16:18:10 Verify.exe 系統結束.
2024/05/02-16:18:29 Verify.exe 系統啟動.
2024/05/02-16:18:29 Verify.exe get parameter :LeadingSuccess_1130531_1130603_1_https://www.fia.gov.tw/singlehtml/18?cntId=379e0e843acf4be5b11be32777cb624c___
2024/05/02-16:18:31 Verify.exe 系統結束.
2024/05/02-16:18:44 Verify.exe 系統啟動.
2024/05/02-16:18:44 Verify.exe get parameter :LeadingSuccess_1130531_1130603_1_https://www.fia.gov.tw/singlehtml/18?cntId=379e0e843acf4be5b11be32777cb624c___
2024/05/02-16:18:47 Verify.exe 執行版次: 營利事業所得稅電子結( 決)算審核申報系統 - 第 113.01 1130429
2024/05/02-16:18:54 Verify.exe 檔案複製完成.
2024/05/02-16:19:12 Verify.exe 執行審核.  統一編號：54294333 不可允許錯誤之代碼：無  (完全正確)
2024/05/02-16:19:12 Verify.exe 執行審核.  統一編號：54294333 　可允許錯誤之代碼：0301  0313  0410  
2024/05/02-16:19:16 Verify.exe 執行AP版本檢查！
2024/05/02-16:19:16 Verify.exe try to get Version info from https://rtn.tax.nat.gov.tw/pia/servletpiaupdate?ver=113.01&verdate=1130429
2024/05/02-16:19:16 Verify.exe Got Version info :113.01
2024/05/02-16:19:16 Verify.exe 執行AP版本檢查結果：[113.01]
2024/05/02-16:19:22 Verify.exe 憑證種類: 1
2024/05/02-16:19:22 Verify.exe SSLFstUpLoadResultId: 0
2024/05/02-16:20:09 Verify.exe 申報成功報表製作成功！
2024/05/02-16:21:20 Verify.exe 系統結束.
2024/05/02-16:22:16 Pia.exe 系統結束.
2024/05/07-11:03:17 PIA.exe 系統啟動.
2024/05/07-11:03:19 PIA.exe 系統結束.
2024/05/07-11:03:38 Pia.exe 系統啟動.
2024/05/07-11:03:58 Pia.exe 使用者登入, 資料年度:112, 統一編號:50969546, 營利事業單位名稱:星達貳投資股份有限公司
2024/05/07-11:03:58 Pia.exe 執行版次:  - 第 113.02 1130506
2024/05/07-11:35:55 Verify.exe 系統啟動.
2024/05/07-11:35:55 Verify.exe get parameter :LeadingSuccess_1130531_1130603_1_https://www.fia.gov.tw/singlehtml/18?cntId=379e0e843acf4be5b11be32777cb624c___
2024/05/07-11:35:57 Verify.exe 執行版次: 營利事業所得稅電子結( 決)算審核申報系統 - 第 113.02 1130506
2024/05/07-11:36:03 Verify.exe 檔案複製完成.
2024/05/07-11:36:13 Verify.exe 執行審核.  統一編號：50969546 不可允許錯誤之代碼：無  (完全正確)
2024/05/07-11:36:13 Verify.exe 執行審核.  統一編號：50969546 　可允許錯誤之代碼：0301  0313  0410  
2024/05/07-11:36:23 Verify.exe 執行AP版本檢查！
2024/05/07-11:36:23 Verify.exe try to get Version info from https://rtn.tax.nat.gov.tw/pia/servletpiaupdate?ver=113.02&verdate=1130506
2024/05/07-11:36:23 Verify.exe Got Version info :113.02
2024/05/07-11:36:23 Verify.exe 執行AP版本檢查結果：[113.02]
2024/05/07-11:36:30 Verify.exe 憑證種類: 1
2024/05/07-11:36:43 Verify.exe SSLFstUpLoadResultId: 0
2024/05/07-11:36:52 Verify.exe 申報成功報表製作成功！
2024/05/07-11:38:08 Verify.exe 系統結束.
2024/05/07-11:47:02 Pia.exe 系統結束.
2024/05/07-12:26:56 PIA.exe 系統啟動.
2024/05/07-12:26:58 PIA.exe 系統結束.
2024/05/07-12:27:02 Pia.exe 系統啟動.
2024/05/07-12:27:10 Pia.exe 系統結束.
2024/05/07-13:34:31 PIA.exe 系統啟動.
2024/05/07-13:34:33 PIA.exe 系統結束.
2024/05/07-13:34:36 Pia.exe 系統啟動.
2024/05/07-13:34:49 Pia.exe 使用者登入, 資料年度:112, 統一編號:42735258, 營利事業單位名稱:星達壹投資股份有限公司
2024/05/07-13:34:50 Pia.exe 執行版次:  - 第 113.02 1130506
2024/05/07-14:27:09 Verify.exe 系統啟動.
2024/05/07-14:27:09 Verify.exe get parameter :LeadingSuccess_1130531_1130603_1_https://www.fia.gov.tw/singlehtml/18?cntId=379e0e843acf4be5b11be32777cb624c___
2024/05/07-14:27:11 Verify.exe 執行版次: 營利事業所得稅電子結( 決)算審核申報系統 - 第 113.02 1130506
2024/05/07-14:27:16 Verify.exe 檔案複製完成.
2024/05/07-14:27:25 Verify.exe 執行審核.  統一編號：42735258 不可允許錯誤之代碼：0174  0174  0222  0222  
2024/05/07-14:27:25 Verify.exe 執行審核.  統一編號：42735258 　可允許錯誤之代碼：0301  0313  0410  
2024/05/07-14:27:53 Verify.exe 系統結束.
2024/05/07-14:31:00 Verify.exe 系統啟動.
2024/05/07-14:31:00 Verify.exe get parameter :LeadingSuccess_1130531_1130603_1_https://www.fia.gov.tw/singlehtml/18?cntId=379e0e843acf4be5b11be32777cb624c___
2024/05/07-14:31:02 Verify.exe 執行版次: 營利事業所得稅電子結( 決)算審核申報系統 - 第 113.02 1130506
2024/05/07-14:31:18 Verify.exe 檔案複製完成.
2024/05/07-14:31:21 Verify.exe 執行審核.  統一編號：42735258 不可允許錯誤之代碼：無  (完全正確)
2024/05/07-14:31:21 Verify.exe 執行審核.  統一編號：42735258 　可允許錯誤之代碼：0301  0313  0410  
2024/05/07-14:31:24 Verify.exe 執行AP版本檢查！
2024/05/07-14:31:24 Verify.exe try to get Version info from https://rtn.tax.nat.gov.tw/pia/servletpiaupdate?ver=113.02&verdate=1130506
2024/05/07-14:31:24 Verify.exe Got Version info :113.02
2024/05/07-14:31:24 Verify.exe 執行AP版本檢查結果：[113.02]
2024/05/07-14:31:30 Verify.exe 憑證種類: 1
2024/05/07-14:31:40 Verify.exe SSLFstUpLoadResultId: 0
2024/05/07-14:31:47 Verify.exe 申報成功報表製作成功！
2024/05/07-14:36:43 Verify.exe 系統結束.
2024/05/07-14:47:00 PIA.exe 系統啟動.
2024/05/07-14:47:02 PIA.exe 系統結束.
2024/05/07-14:47:07 Verify.exe 系統啟動.
2024/05/07-14:47:07 Verify.exe get parameter :LeadingSuccess_1130531_1130603_1_https://www.fia.gov.tw/singlehtml/18?cntId=379e0e843acf4be5b11be32777cb624c___
2024/05/07-14:47:12 Verify.exe 執行版次: 營利事業所得稅電子結( 決)算審核申報系統 - 第 113.02 1130506
2024/05/07-14:50:33 Verify.exe 系統結束.
2024/05/07-14:50:35 Pia.exe 系統結束.
2024/05/09-11:50:52 PIA.exe 系統啟動.
2024/05/09-11:50:53 PIA.exe 系統結束.
2024/05/09-11:50:57 Pia.exe 系統啟動.
2024/05/09-11:51:06 Verify.exe 系統啟動.
2024/05/09-11:51:06 Verify.exe get parameter :LeadingSuccess_1130531_1130603_1_https://www.fia.gov.tw/singlehtml/18?cntId=379e0e843acf4be5b11be32777cb624c___
2024/05/09-11:51:08 Verify.exe 執行版次: 營利事業所得稅電子結( 決)算審核申報系統 - 第 113.02 1130506
2024/05/09-11:54:14 Verify.exe 檔案複製完成.
2024/05/09-11:54:14 Verify.exe 檔案複製完成.
2024/05/09-11:55:26 Verify.exe 檔案複製完成.
2024/05/09-11:55:26 Verify.exe 檔案複製完成.
2024/05/09-12:02:13 Verify.exe 檔案複製完成.
2024/05/09-12:02:46 Verify.exe 檔案複製完成.
2024/05/09-12:03:32 Verify.exe 系統結束.
2024/05/09-12:22:11 Pia.exe 系統結束.
2025/05/06-10:54:13 PIA.exe 系統啟動.
2025/05/06-10:54:15 PIA.exe 系統結束.
2025/05/06-10:54:23 Pia.exe 系統啟動.
2025/05/06-10:54:30 Pia.exe 系統結束.
2025/05/06-11:00:46 PIA.exe 系統啟動.
2025/05/06-11:00:47 PIA.exe 系統結束.
2025/05/06-11:00:52 Pia.exe 系統啟動.
2025/05/06-11:01:05 Pia.exe 系統結束.
2025/05/06-11:01:35 PIA.exe 系統啟動.
2025/05/06-11:01:36 PIA.exe 系統結束.
2025/05/06-11:01:42 Pia.exe 系統啟動.
2025/05/06-11:02:01 Pia.exe 使用者登入, 資料年度:113, 統一編號:54294333, 營利事業單位名稱:星達管理顧問股份有限公司
2025/05/06-11:02:01 Pia.exe 執行版次:  - 第 114.01 1140429
2025/05/06-11:33:03 Verify.exe 系統啟動.
2025/05/06-11:33:03 Verify.exe get parameter :LeadingSuccess_1140630_1140703_1_https://www.fia.gov.tw/WEB/fia/pia/113/1140411-%E9%9B%BB%E5%AD%90%E7%94%B3%E5%A0%B1%E4%BD%9C%E6%A5%AD%E8%A6%81%E9%BB%9E.pdf_5L6d6LKh5pS/6YOoMTE05bm0NOaciDE35pel5Y+w6LKh56iF5a2X56ysMTE0MDQ1NTU2NjDomZ/lhazlkYrvvIwxMTPlubTluqbnh5/liKnkuovmpa3miYDlvpfnqIXntZDnrpfnlLPloLHlj4rnubPntI3mnJ/plpPljp/ngroxMTTlubQ15pyIMeaXpeiHszXmnIgzMeaXpSjpgYflgYfml6XpoIblu7boh7M25pyIMuaXpSnvvIzlsZXlu7blvozmnJ/plpPngro15pyIMeaXpeiHszbmnIgzMOaXpeOAgg==_5L6d6LKh5pS/6YOoMTE05bm0NOaciDE35pel5Y+w6LKh56iF5a2X56ysMTE0MDQ1NTU2NjDomZ/lhazlkYrvvIwxMTTlubTluqbnh5/liKnkuovmpa3miYDlvpfnqIXmsbrnrpfnlLPloLHnubPntI3mnJ/plpPmiKrmraLml6XlnKgxMTTlubQ15pyIMeaXpeiHszXmnIgzMeaXpeacn+mWk++8jOWFtueUs+WgseWPiue5s+e0jeacn+mZkOWxleW7tjMw5pel6ICF77yM6KuL5L2/55So5aqS6auU5oiW5Lq65bel55Sz5aCx77yM6YCg5oiQ5LiN5L6/77yM5pWs6KuL6KaL6KuS77yB_5L6d6LKh5pS/6YOoMTE05bm0NOaciDE35pel5Y+w6LKh56iF5a2X56ysMTE0MDQ1NTU2NjDomZ/lhazlkYrvvIzmjqHnibnmrormnIPoqIjlubTluqbvvIjpgLHntZDliLbvvInntZDnrpfnlLPloLHnubPntI3mnJ/plpPmiKrmraLml6XlnKgxMTTlubQ15pyIMeaXpeiHszXmnIgzMeaXpeacn+mWk++8jOWFtueUs+WgseWPiue5s+e0jeacn+mZkOWxleW7tjMw5pel6ICF77yM6KuL5L2/55So5aqS6auU5oiW5Lq65bel55Sz5aCx77yM6YCg5oiQ5LiN5L6/77yM5pWs6KuL6KaL6KuS77yB
2025/05/06-11:33:07 Verify.exe 執行版次: 營利事業所得稅電子結( 決)算審核申報系統 - 第 114.01 1140429
2025/05/06-11:33:12 Verify.exe 檔案複製完成.
2025/05/06-11:33:35 Verify.exe 執行審核.  統一編號：54294333 不可允許錯誤之代碼：0203  0203  
2025/05/06-11:33:35 Verify.exe 執行審核.  統一編號：54294333 　可允許錯誤之代碼：0103  0105  0107  0301  0313  0410  
2025/05/06-11:36:24 Verify.exe 檔案複製完成.
2025/05/06-11:36:27 Verify.exe 執行審核.  統一編號：54294333 不可允許錯誤之代碼：無  (完全正確)
2025/05/06-11:36:27 Verify.exe 執行審核.  統一編號：54294333 　可允許錯誤之代碼：0103  0105  0107  0301  0313  0410  
2025/05/06-11:36:37 Verify.exe 執行AP版本檢查！
2025/05/06-11:36:37 Verify.exe try to get Version info from https://rtn.tax.nat.gov.tw/pia/servletpiaupdate?ver=114.01&verdate=1140429
2025/05/06-11:36:37 Verify.exe Got Version info :114.01
2025/05/06-11:36:37 Verify.exe 執行AP版本檢查結果：[114.01]
2025/05/06-11:36:42 Verify.exe 憑證種類: 1
2025/05/06-11:37:07 Verify.exe SSLFstUpLoadResultId: 0
2025/05/06-11:37:18 Verify.exe 申報成功報表製作成功！
2025/05/06-11:42:07 Pia.exe 系統結束.
2025/05/06-11:42:11 Verify.exe 系統結束.
2025/05/06-11:45:58 KHCVerify.exe 系統啟動.
2025/05/06-11:45:59 KHCVerify.exe 系統結束.
2025/05/06-11:46:03 KHCVerify.exe 系統啟動.
2025/05/06-11:46:04 KHCVerify.exe 執行版次: 投資人明細及分配盈餘媒體申報審核系統 - 第 114.00 1140415
2025/05/06-11:46:26 KHCVerify.exe 系統結束.
2025/05/06-11:47:41 VerifyA01.exe 系統啟動.
2025/05/06-11:47:42 VerifyA01.exe 系統結束.
2025/05/06-11:47:47 VerifyA01.exe 系統啟動.
2025/05/06-11:47:47 VerifyA01.exe 執行版次: 公司股東（獨資資本主、合夥人）股份（股票、出資額）轉讓媒體申報審核系統 - 第 114.00 1140415
2025/05/06-11:47:57 VerifyA01.exe 系統結束.
2025/05/06-11:55:22 PIA.exe 系統啟動.
2025/05/06-11:55:23 PIA.exe 系統結束.
2025/05/06-11:55:36 Pia.exe 系統啟動.
2025/05/06-11:56:01 Pia.exe 使用者登入, 資料年度:113, 統一編號:24709969, 營利事業單位名稱:交大天使投資顧問股份有限公司
2025/05/06-11:56:02 Pia.exe 執行版次:  - 第 114.01 1140429
2025/05/06-12:28:54 Verify.exe 系統啟動.
2025/05/06-12:28:54 Verify.exe get parameter :LeadingSuccess_1140630_1140703_1_https://www.fia.gov.tw/WEB/fia/pia/113/1140411-%E9%9B%BB%E5%AD%90%E7%94%B3%E5%A0%B1%E4%BD%9C%E6%A5%AD%E8%A6%81%E9%BB%9E.pdf_5L6d6LKh5pS/6YOoMTE05bm0NOaciDE35pel5Y+w6LKh56iF5a2X56ysMTE0MDQ1NTU2NjDomZ/lhazlkYrvvIwxMTPlubTluqbnh5/liKnkuovmpa3miYDlvpfnqIXntZDnrpfnlLPloLHlj4rnubPntI3mnJ/plpPljp/ngroxMTTlubQ15pyIMeaXpeiHszXmnIgzMeaXpSjpgYflgYfml6XpoIblu7boh7M25pyIMuaXpSnvvIzlsZXlu7blvozmnJ/plpPngro15pyIMeaXpeiHszbmnIgzMOaXpeOAgg==_5L6d6LKh5pS/6YOoMTE05bm0NOaciDE35pel5Y+w6LKh56iF5a2X56ysMTE0MDQ1NTU2NjDomZ/lhazlkYrvvIwxMTTlubTluqbnh5/liKnkuovmpa3miYDlvpfnqIXmsbrnrpfnlLPloLHnubPntI3mnJ/plpPmiKrmraLml6XlnKgxMTTlubQ15pyIMeaXpeiHszXmnIgzMeaXpeacn+mWk++8jOWFtueUs+WgseWPiue5s+e0jeacn+mZkOWxleW7tjMw5pel6ICF77yM6KuL5L2/55So5aqS6auU5oiW5Lq65bel55Sz5aCx77yM6YCg5oiQ5LiN5L6/77yM5pWs6KuL6KaL6KuS77yB_5L6d6LKh5pS/6YOoMTE05bm0NOaciDE35pel5Y+w6LKh56iF5a2X56ysMTE0MDQ1NTU2NjDomZ/lhazlkYrvvIzmjqHnibnmrormnIPoqIjlubTluqbvvIjpgLHntZDliLbvvInntZDnrpfnlLPloLHnubPntI3mnJ/plpPmiKrmraLml6XlnKgxMTTlubQ15pyIMeaXpeiHszXmnIgzMeaXpeacn+mWk++8jOWFtueUs+WgseWPiue5s+e0jeacn+mZkOWxleW7tjMw5pel6ICF77yM6KuL5L2/55So5aqS6auU5oiW5Lq65bel55Sz5aCx77yM6YCg5oiQ5LiN5L6/77yM5pWs6KuL6KaL6KuS77yB
2025/05/06-12:28:57 Verify.exe 執行版次: 營利事業所得稅電子結( 決)算審核申報系統 - 第 114.01 1140429
2025/05/06-12:29:01 Verify.exe 檔案複製完成.
2025/05/06-12:29:15 Verify.exe 執行審核.  統一編號：24709969 不可允許錯誤之代碼：無  (完全正確)
2025/05/06-12:29:15 Verify.exe 執行審核.  統一編號：24709969 　可允許錯誤之代碼：0103  0105  0107  0301  0313  0410  
2025/05/06-12:29:21 Verify.exe 執行AP版本檢查！
2025/05/06-12:29:21 Verify.exe try to get Version info from https://rtn.tax.nat.gov.tw/pia/servletpiaupdate?ver=114.01&verdate=1140429
2025/05/06-12:29:21 Verify.exe Got Version info :114.01
2025/05/06-12:29:21 Verify.exe 執行AP版本檢查結果：[114.01]
2025/05/06-12:29:27 Verify.exe 憑證種類: 1
2025/05/06-12:30:01 Verify.exe SSLFstUpLoadResultId: 0
2025/05/06-12:30:45 Verify.exe 申報成功報表製作成功！
2025/05/06-12:33:18 Pia.exe 系統結束.
2025/05/06-12:33:26 Verify.exe 系統結束.
2025/05/06-12:33:31 PIA.exe 系統啟動.
2025/05/06-12:33:31 PIA.exe 系統結束.
2025/05/06-12:33:36 Pia.exe 系統啟動.
2025/05/06-12:36:16 Pia.exe 系統結束.
2025/05/06-12:43:49 PIA.exe 系統啟動.
2025/05/06-12:43:50 PIA.exe 系統結束.
2025/05/06-12:43:53 Pia.exe 系統啟動.
2025/05/06-12:44:10 Pia.exe 使用者登入, 資料年度:113, 統一編號:24709969, 營利事業單位名稱:交大天使投資顧問股份有限公司
2025/05/06-12:44:10 Pia.exe 執行版次:  - 第 114.01 1140429
2025/05/06-12:44:38 KHCVerify.exe 系統啟動.
2025/05/06-12:44:38 KHCVerify.exe 系統結束.
2025/05/06-12:44:43 KHCVerify.exe 系統啟動.
2025/05/06-12:44:43 KHCVerify.exe 執行版次: 投資人明細及分配盈餘媒體申報審核系統 - 第 114.00 1140415
2025/05/06-12:44:48 Verify.exe 系統啟動.
2025/05/06-12:44:48 Verify.exe get parameter :LeadingSuccess_1140630_1140703_1_https://www.fia.gov.tw/WEB/fia/pia/113/1140411-%E9%9B%BB%E5%AD%90%E7%94%B3%E5%A0%B1%E4%BD%9C%E6%A5%AD%E8%A6%81%E9%BB%9E.pdf_5L6d6LKh5pS/6YOoMTE05bm0NOaciDE35pel5Y+w6LKh56iF5a2X56ysMTE0MDQ1NTU2NjDomZ/lhazlkYrvvIwxMTPlubTluqbnh5/liKnkuovmpa3miYDlvpfnqIXntZDnrpfnlLPloLHlj4rnubPntI3mnJ/plpPljp/ngroxMTTlubQ15pyIMeaXpeiHszXmnIgzMeaXpSjpgYflgYfml6XpoIblu7boh7M25pyIMuaXpSnvvIzlsZXlu7blvozmnJ/plpPngro15pyIMeaXpeiHszbmnIgzMOaXpeOAgg==_5L6d6LKh5pS/6YOoMTE05bm0NOaciDE35pel5Y+w6LKh56iF5a2X56ysMTE0MDQ1NTU2NjDomZ/lhazlkYrvvIwxMTTlubTluqbnh5/liKnkuovmpa3miYDlvpfnqIXmsbrnrpfnlLPloLHnubPntI3mnJ/plpPmiKrmraLml6XlnKgxMTTlubQ15pyIMeaXpeiHszXmnIgzMeaXpeacn+mWk++8jOWFtueUs+WgseWPiue5s+e0jeacn+mZkOWxleW7tjMw5pel6ICF77yM6KuL5L2/55So5aqS6auU5oiW5Lq65bel55Sz5aCx77yM6YCg5oiQ5LiN5L6/77yM5pWs6KuL6KaL6KuS77yB_5L6d6LKh5pS/6YOoMTE05bm0NOaciDE35pel5Y+w6LKh56iF5a2X56ysMTE0MDQ1NTU2NjDomZ/lhazlkYrvvIzmjqHnibnmrormnIPoqIjlubTluqbvvIjpgLHntZDliLbvvInntZDnrpfnlLPloLHnubPntI3mnJ/plpPmiKrmraLml6XlnKgxMTTlubQ15pyIMeaXpeiHszXmnIgzMeaXpeacn+mWk++8jOWFtueUs+WgseWPiue5s+e0jeacn+mZkOWxleW7tjMw5pel6ICF77yM6KuL5L2/55So5aqS6auU5oiW5Lq65bel55Sz5aCx77yM6YCg5oiQ5LiN5L6/77yM5pWs6KuL6KaL6KuS77yB
2025/05/06-12:44:52 Verify.exe 執行版次: 營利事業所得稅電子結( 決)算審核申報系統 - 第 114.01 1140429
2025/05/06-12:54:40 Verify.exe 檔案複製完成.
2025/05/06-12:54:41 Verify.exe 檔案複製完成.
2025/05/06-12:56:25 Verify.exe 系統結束.
2025/05/06-12:58:17 KHCVerify.exe 系統結束.
2025/05/06-13:27:54 Verify.exe 系統啟動.
2025/05/06-13:27:54 Verify.exe get parameter :LeadingSuccess_1140630_1140703_1_https://www.fia.gov.tw/WEB/fia/pia/113/1140411-%E9%9B%BB%E5%AD%90%E7%94%B3%E5%A0%B1%E4%BD%9C%E6%A5%AD%E8%A6%81%E9%BB%9E.pdf_5L6d6LKh5pS/6YOoMTE05bm0NOaciDE35pel5Y+w6LKh56iF5a2X56ysMTE0MDQ1NTU2NjDomZ/lhazlkYrvvIwxMTPlubTluqbnh5/liKnkuovmpa3miYDlvpfnqIXntZDnrpfnlLPloLHlj4rnubPntI3mnJ/plpPljp/ngroxMTTlubQ15pyIMeaXpeiHszXmnIgzMeaXpSjpgYflgYfml6XpoIblu7boh7M25pyIMuaXpSnvvIzlsZXlu7blvozmnJ/plpPngro15pyIMeaXpeiHszbmnIgzMOaXpeOAgg==_5L6d6LKh5pS/6YOoMTE05bm0NOaciDE35pel5Y+w6LKh56iF5a2X56ysMTE0MDQ1NTU2NjDomZ/lhazlkYrvvIwxMTTlubTluqbnh5/liKnkuovmpa3miYDlvpfnqIXmsbrnrpfnlLPloLHnubPntI3mnJ/plpPmiKrmraLml6XlnKgxMTTlubQ15pyIMeaXpeiHszXmnIgzMeaXpeacn+mWk++8jOWFtueUs+WgseWPiue5s+e0jeacn+mZkOWxleW7tjMw5pel6ICF77yM6KuL5L2/55So5aqS6auU5oiW5Lq65bel55Sz5aCx77yM6YCg5oiQ5LiN5L6/77yM5pWs6KuL6KaL6KuS77yB_5L6d6LKh5pS/6YOoMTE05bm0NOaciDE35pel5Y+w6LKh56iF5a2X56ysMTE0MDQ1NTU2NjDomZ/lhazlkYrvvIzmjqHnibnmrormnIPoqIjlubTluqbvvIjpgLHntZDliLbvvInntZDnrpfnlLPloLHnubPntI3mnJ/plpPmiKrmraLml6XlnKgxMTTlubQ15pyIMeaXpeiHszXmnIgzMeaXpeacn+mWk++8jOWFtueUs+WgseWPiue5s+e0jeacn+mZkOWxleW7tjMw5pel6ICF77yM6KuL5L2/55So5aqS6auU5oiW5Lq65bel55Sz5aCx77yM6YCg5oiQ5LiN5L6/77yM5pWs6KuL6KaL6KuS77yB
2025/05/06-13:27:57 Verify.exe 執行版次: 營利事業所得稅電子結( 決)算審核申報系統 - 第 114.01 1140429
2025/05/06-13:29:01 Verify.exe 系統結束.
2025/05/06-13:29:20 Pia.exe 系統結束.
2025/05/06-13:53:40 PIA.exe 系統啟動.
2025/05/06-13:53:41 PIA.exe 系統結束.
2025/05/06-13:53:47 Pia.exe 系統啟動.
2025/05/06-13:54:58 Pia.exe 使用者登入, 資料年度:113, 統一編號:93682058, 營利事業單位名稱:星達陸投資股份有限公司
2025/05/06-13:54:58 Pia.exe 執行版次:  - 第 114.01 1140429
2025/05/06-14:47:07 Verify.exe 系統啟動.
2025/05/06-14:47:07 Verify.exe get parameter :LeadingSuccess_1140630_1140703_1_https://www.fia.gov.tw/WEB/fia/pia/113/1140411-%E9%9B%BB%E5%AD%90%E7%94%B3%E5%A0%B1%E4%BD%9C%E6%A5%AD%E8%A6%81%E9%BB%9E.pdf_5L6d6LKh5pS/6YOoMTE05bm0NOaciDE35pel5Y+w6LKh56iF5a2X56ysMTE0MDQ1NTU2NjDomZ/lhazlkYrvvIwxMTPlubTluqbnh5/liKnkuovmpa3miYDlvpfnqIXntZDnrpfnlLPloLHlj4rnubPntI3mnJ/plpPljp/ngroxMTTlubQ15pyIMeaXpeiHszXmnIgzMeaXpSjpgYflgYfml6XpoIblu7boh7M25pyIMuaXpSnvvIzlsZXlu7blvozmnJ/plpPngro15pyIMeaXpeiHszbmnIgzMOaXpeOAgg==_5L6d6LKh5pS/6YOoMTE05bm0NOaciDE35pel5Y+w6LKh56iF5a2X56ysMTE0MDQ1NTU2NjDomZ/lhazlkYrvvIwxMTTlubTluqbnh5/liKnkuovmpa3miYDlvpfnqIXmsbrnrpfnlLPloLHnubPntI3mnJ/plpPmiKrmraLml6XlnKgxMTTlubQ15pyIMeaXpeiHszXmnIgzMeaXpeacn+mWk++8jOWFtueUs+WgseWPiue5s+e0jeacn+mZkOWxleW7tjMw5pel6ICF77yM6KuL5L2/55So5aqS6auU5oiW5Lq65bel55Sz5aCx77yM6YCg5oiQ5LiN5L6/77yM5pWs6KuL6KaL6KuS77yB_5L6d6LKh5pS/6YOoMTE05bm0NOaciDE35pel5Y+w6LKh56iF5a2X56ysMTE0MDQ1NTU2NjDomZ/lhazlkYrvvIzmjqHnibnmrormnIPoqIjlubTluqbvvIjpgLHntZDliLbvvInntZDnrpfnlLPloLHnubPntI3mnJ/plpPmiKrmraLml6XlnKgxMTTlubQ15pyIMeaXpeiHszXmnIgzMeaXpeacn+mWk++8jOWFtueUs+WgseWPiue5s+e0jeacn+mZkOWxleW7tjMw5pel6ICF77yM6KuL5L2/55So5aqS6auU5oiW5Lq65bel55Sz5aCx77yM6YCg5oiQ5LiN5L6/77yM5pWs6KuL6KaL6KuS77yB
2025/05/06-14:47:09 Verify.exe 執行版次: 營利事業所得稅電子結( 決)算審核申報系統 - 第 114.01 1140429
2025/05/06-14:47:15 Verify.exe 檔案複製完成.
2025/05/06-14:47:20 Verify.exe 執行審核.  統一編號：93682058 不可允許錯誤之代碼：無  (完全正確)
2025/05/06-14:47:20 Verify.exe 執行審核.  統一編號：93682058 　可允許錯誤之代碼：0301  0313  0410  
2025/05/06-14:47:23 Verify.exe 執行AP版本檢查！
2025/05/06-14:47:23 Verify.exe try to get Version info from https://rtn.tax.nat.gov.tw/pia/servletpiaupdate?ver=114.01&verdate=1140429
2025/05/06-14:47:23 Verify.exe Got Version info :114.01
2025/05/06-14:47:23 Verify.exe 執行AP版本檢查結果：[114.01]
2025/05/06-14:47:30 Verify.exe 憑證種類: 1
2025/05/06-14:49:04 Verify.exe 檔案複製完成.
2025/05/06-14:49:07 Verify.exe 執行審核.  統一編號：93682058 不可允許錯誤之代碼：無  (完全正確)
2025/05/06-14:49:07 Verify.exe 執行審核.  統一編號：93682058 　可允許錯誤之代碼：0301  0313  0410  
2025/05/06-14:49:14 Verify.exe 憑證種類: 1
2025/05/06-14:49:14 Verify.exe SSLFstUpLoadResultId: 0
2025/05/06-14:49:24 Verify.exe 申報成功報表製作成功！
2025/05/06-14:51:20 Verify.exe 系統結束.
2025/05/06-14:52:56 Pia.exe 系統結束.
2025/05/09-10:45:25 PIA.exe 系統啟動.
2025/05/09-10:45:26 PIA.exe 系統結束.
2025/05/09-10:45:50 Pia.exe 系統啟動.
2025/05/09-10:46:26 Pia.exe 使用者登入, 資料年度:113, 統一編號:42735258, 營利事業單位名稱:星達壹投資股份有限公司
2025/05/09-10:46:26 Pia.exe 執行版次:  - 第 114.02 1140508
2025/05/09-11:33:30 Verify.exe 系統啟動.
2025/05/09-11:33:30 Verify.exe get parameter :LeadingSuccess_1140630_1140703_1_https://www.fia.gov.tw/WEB/fia/pia/113/1140411-%E9%9B%BB%E5%AD%90%E7%94%B3%E5%A0%B1%E4%BD%9C%E6%A5%AD%E8%A6%81%E9%BB%9E.pdf_5L6d6LKh5pS/6YOoMTE05bm0NOaciDE35pel5Y+w6LKh56iF5a2X56ysMTE0MDQ1NTU2NjDomZ/lhazlkYrvvIwxMTPlubTluqbnh5/liKnkuovmpa3miYDlvpfnqIXntZDnrpfnlLPloLHlj4rnubPntI3mnJ/plpPljp/ngroxMTTlubQ15pyIMeaXpeiHszXmnIgzMeaXpSjpgYflgYfml6XpoIblu7boh7M25pyIMuaXpSnvvIzlsZXlu7blvozmnJ/plpPngro15pyIMeaXpeiHszbmnIgzMOaXpeOAgg==_5L6d6LKh5pS/6YOoMTE05bm0NOaciDE35pel5Y+w6LKh56iF5a2X56ysMTE0MDQ1NTU2NjDomZ/lhazlkYrvvIwxMTTlubTluqbnh5/liKnkuovmpa3miYDlvpfnqIXmsbrnrpfnlLPloLHnubPntI3mnJ/plpPmiKrmraLml6XlnKgxMTTlubQ15pyIMeaXpeiHszXmnIgzMeaXpeacn+mWk++8jOWFtueUs+WgseWPiue5s+e0jeacn+mZkOWxleW7tjMw5pel6ICF77yM6KuL5L2/55So5aqS6auU5oiW5Lq65bel55Sz5aCx77yM6YCg5oiQ5LiN5L6/77yM5pWs6KuL6KaL6KuS77yB_5L6d6LKh5pS/6YOoMTE05bm0NOaciDE35pel5Y+w6LKh56iF5a2X56ysMTE0MDQ1NTU2NjDomZ/lhazlkYrvvIzmjqHnibnmrormnIPoqIjlubTluqbvvIjpgLHntZDliLbvvInntZDnrpfnlLPloLHnubPntI3mnJ/plpPmiKrmraLml6XlnKgxMTTlubQ15pyIMeaXpeiHszXmnIgzMeaXpeacn+mWk++8jOWFtueUs+WgseWPiue5s+e0jeacn+mZkOWxleW7tjMw5pel6ICF77yM6KuL5L2/55So5aqS6auU5oiW5Lq65bel55Sz5aCx77yM6YCg5oiQ5LiN5L6/77yM5pWs6KuL6KaL6KuS77yB
2025/05/09-11:33:33 Verify.exe 執行版次: 營利事業所得稅電子結( 決)算審核申報系統 - 第 114.02 1140508
2025/05/09-11:33:38 Verify.exe 檔案複製完成.
2025/05/09-11:33:44 Verify.exe 執行審核.  統一編號：42735258 不可允許錯誤之代碼：0331  0331  
2025/05/09-11:33:44 Verify.exe 執行審核.  統一編號：42735258 　可允許錯誤之代碼：0301  0313  0301  0313  0410  
2025/05/09-11:33:56 Verify.exe 系統結束.
2025/05/09-11:35:10 Verify.exe 系統啟動.
2025/05/09-11:35:10 Verify.exe get parameter :LeadingSuccess_1140630_1140703_1_https://www.fia.gov.tw/WEB/fia/pia/113/1140411-%E9%9B%BB%E5%AD%90%E7%94%B3%E5%A0%B1%E4%BD%9C%E6%A5%AD%E8%A6%81%E9%BB%9E.pdf_5L6d6LKh5pS/6YOoMTE05bm0NOaciDE35pel5Y+w6LKh56iF5a2X56ysMTE0MDQ1NTU2NjDomZ/lhazlkYrvvIwxMTPlubTluqbnh5/liKnkuovmpa3miYDlvpfnqIXntZDnrpfnlLPloLHlj4rnubPntI3mnJ/plpPljp/ngroxMTTlubQ15pyIMeaXpeiHszXmnIgzMeaXpSjpgYflgYfml6XpoIblu7boh7M25pyIMuaXpSnvvIzlsZXlu7blvozmnJ/plpPngro15pyIMeaXpeiHszbmnIgzMOaXpeOAgg==_5L6d6LKh5pS/6YOoMTE05bm0NOaciDE35pel5Y+w6LKh56iF5a2X56ysMTE0MDQ1NTU2NjDomZ/lhazlkYrvvIwxMTTlubTluqbnh5/liKnkuovmpa3miYDlvpfnqIXmsbrnrpfnlLPloLHnubPntI3mnJ/plpPmiKrmraLml6XlnKgxMTTlubQ15pyIMeaXpeiHszXmnIgzMeaXpeacn+mWk++8jOWFtueUs+WgseWPiue5s+e0jeacn+mZkOWxleW7tjMw5pel6ICF77yM6KuL5L2/55So5aqS6auU5oiW5Lq65bel55Sz5aCx77yM6YCg5oiQ5LiN5L6/77yM5pWs6KuL6KaL6KuS77yB_5L6d6LKh5pS/6YOoMTE05bm0NOaciDE35pel5Y+w6LKh56iF5a2X56ysMTE0MDQ1NTU2NjDomZ/lhazlkYrvvIzmjqHnibnmrormnIPoqIjlubTluqbvvIjpgLHntZDliLbvvInntZDnrpfnlLPloLHnubPntI3mnJ/plpPmiKrmraLml6XlnKgxMTTlubQ15pyIMeaXpeiHszXmnIgzMeaXpeacn+mWk++8jOWFtueUs+WgseWPiue5s+e0jeacn+mZkOWxleW7tjMw5pel6ICF77yM6KuL5L2/55So5aqS6auU5oiW5Lq65bel55Sz5aCx77yM6YCg5oiQ5LiN5L6/77yM5pWs6KuL6KaL6KuS77yB
2025/05/09-11:35:13 Verify.exe 執行版次: 營利事業所得稅電子結( 決)算審核申報系統 - 第 114.02 1140508
2025/05/09-11:35:17 Verify.exe 檔案複製完成.
2025/05/09-11:35:19 Verify.exe 執行審核.  統一編號：42735258 不可允許錯誤之代碼：無  (完全正確)
2025/05/09-11:35:19 Verify.exe 執行審核.  統一編號：42735258 　可允許錯誤之代碼：0301  0313  0410  
2025/05/09-11:35:22 Verify.exe 執行AP版本檢查！
2025/05/09-11:35:23 Verify.exe try to get Version info from https://rtn.tax.nat.gov.tw/pia/servletpiaupdate?ver=114.02&verdate=1140508
2025/05/09-11:35:23 Verify.exe Got Version info :114.02
2025/05/09-11:35:23 Verify.exe 執行AP版本檢查結果：[114.02]
2025/05/09-11:35:29 Verify.exe 憑證種類: 1
2025/05/09-11:35:46 Verify.exe SSLFstUpLoadResultId: 0
2025/05/09-11:35:56 Verify.exe 申報成功報表製作成功！
2025/05/09-11:43:53 Pia.exe 系統結束.
2025/05/09-11:44:00 Verify.exe 系統結束.
2025/05/09-11:51:53 PIA.exe 系統啟動.
2025/05/09-11:51:54 PIA.exe 系統結束.
2025/05/09-11:51:58 Pia.exe 系統啟動.
2025/05/09-11:52:11 Pia.exe 使用者登入, 資料年度:113, 統一編號:50969546, 營利事業單位名稱:星達貳投資股份有限公司
2025/05/09-11:52:11 Pia.exe 執行版次:  - 第 114.02 1140508
2025/05/09-12:27:08 Verify.exe 系統啟動.
2025/05/09-12:27:08 Verify.exe get parameter :LeadingSuccess_1140630_1140703_1_https://www.fia.gov.tw/WEB/fia/pia/113/1140411-%E9%9B%BB%E5%AD%90%E7%94%B3%E5%A0%B1%E4%BD%9C%E6%A5%AD%E8%A6%81%E9%BB%9E.pdf_5L6d6LKh5pS/6YOoMTE05bm0NOaciDE35pel5Y+w6LKh56iF5a2X56ysMTE0MDQ1NTU2NjDomZ/lhazlkYrvvIwxMTPlubTluqbnh5/liKnkuovmpa3miYDlvpfnqIXntZDnrpfnlLPloLHlj4rnubPntI3mnJ/plpPljp/ngroxMTTlubQ15pyIMeaXpeiHszXmnIgzMeaXpSjpgYflgYfml6XpoIblu7boh7M25pyIMuaXpSnvvIzlsZXlu7blvozmnJ/plpPngro15pyIMeaXpeiHszbmnIgzMOaXpeOAgg==_5L6d6LKh5pS/6YOoMTE05bm0NOaciDE35pel5Y+w6LKh56iF5a2X56ysMTE0MDQ1NTU2NjDomZ/lhazlkYrvvIwxMTTlubTluqbnh5/liKnkuovmpa3miYDlvpfnqIXmsbrnrpfnlLPloLHnubPntI3mnJ/plpPmiKrmraLml6XlnKgxMTTlubQ15pyIMeaXpeiHszXmnIgzMeaXpeacn+mWk++8jOWFtueUs+WgseWPiue5s+e0jeacn+mZkOWxleW7tjMw5pel6ICF77yM6KuL5L2/55So5aqS6auU5oiW5Lq65bel55Sz5aCx77yM6YCg5oiQ5LiN5L6/77yM5pWs6KuL6KaL6KuS77yB_5L6d6LKh5pS/6YOoMTE05bm0NOaciDE35pel5Y+w6LKh56iF5a2X56ysMTE0MDQ1NTU2NjDomZ/lhazlkYrvvIzmjqHnibnmrormnIPoqIjlubTluqbvvIjpgLHntZDliLbvvInntZDnrpfnlLPloLHnubPntI3mnJ/plpPmiKrmraLml6XlnKgxMTTlubQ15pyIMeaXpeiHszXmnIgzMeaXpeacn+mWk++8jOWFtueUs+WgseWPiue5s+e0jeacn+mZkOWxleW7tjMw5pel6ICF77yM6KuL5L2/55So5aqS6auU5oiW5Lq65bel55Sz5aCx77yM6YCg5oiQ5LiN5L6/77yM5pWs6KuL6KaL6KuS77yB
2025/05/09-12:27:10 Verify.exe 執行版次: 營利事業所得稅電子結( 決)算審核申報系統 - 第 114.02 1140508
2025/05/09-12:27:15 Verify.exe 檔案複製完成.
2025/05/09-12:27:20 Verify.exe 執行審核.  統一編號：50969546 不可允許錯誤之代碼：0010  0010  
2025/05/09-12:27:20 Verify.exe 執行審核.  統一編號：50969546 　可允許錯誤之代碼：0301  0313  0410  
2025/05/09-12:27:37 Verify.exe 系統結束.
2025/05/09-12:29:10 Verify.exe 系統啟動.
2025/05/09-12:29:10 Verify.exe get parameter :LeadingSuccess_1140630_1140703_1_https://www.fia.gov.tw/WEB/fia/pia/113/1140411-%E9%9B%BB%E5%AD%90%E7%94%B3%E5%A0%B1%E4%BD%9C%E6%A5%AD%E8%A6%81%E9%BB%9E.pdf_5L6d6LKh5pS/6YOoMTE05bm0NOaciDE35pel5Y+w6LKh56iF5a2X56ysMTE0MDQ1NTU2NjDomZ/lhazlkYrvvIwxMTPlubTluqbnh5/liKnkuovmpa3miYDlvpfnqIXntZDnrpfnlLPloLHlj4rnubPntI3mnJ/plpPljp/ngroxMTTlubQ15pyIMeaXpeiHszXmnIgzMeaXpSjpgYflgYfml6XpoIblu7boh7M25pyIMuaXpSnvvIzlsZXlu7blvozmnJ/plpPngro15pyIMeaXpeiHszbmnIgzMOaXpeOAgg==_5L6d6LKh5pS/6YOoMTE05bm0NOaciDE35pel5Y+w6LKh56iF5a2X56ysMTE0MDQ1NTU2NjDomZ/lhazlkYrvvIwxMTTlubTluqbnh5/liKnkuovmpa3miYDlvpfnqIXmsbrnrpfnlLPloLHnubPntI3mnJ/plpPmiKrmraLml6XlnKgxMTTlubQ15pyIMeaXpeiHszXmnIgzMeaXpeacn+mWk++8jOWFtueUs+WgseWPiue5s+e0jeacn+mZkOWxleW7tjMw5pel6ICF77yM6KuL5L2/55So5aqS6auU5oiW5Lq65bel55Sz5aCx77yM6YCg5oiQ5LiN5L6/77yM5pWs6KuL6KaL6KuS77yB_5L6d6LKh5pS/6YOoMTE05bm0NOaciDE35pel5Y+w6LKh56iF5a2X56ysMTE0MDQ1NTU2NjDomZ/lhazlkYrvvIzmjqHnibnmrormnIPoqIjlubTluqbvvIjpgLHntZDliLbvvInntZDnrpfnlLPloLHnubPntI3mnJ/plpPmiKrmraLml6XlnKgxMTTlubQ15pyIMeaXpeiHszXmnIgzMeaXpeacn+mWk++8jOWFtueUs+WgseWPiue5s+e0jeacn+mZkOWxleW7tjMw5pel6ICF77yM6KuL5L2/55So5aqS6auU5oiW5Lq65bel55Sz5aCx77yM6YCg5oiQ5LiN5L6/77yM5pWs6KuL6KaL6KuS77yB
2025/05/09-12:29:13 Verify.exe 執行版次: 營利事業所得稅電子結( 決)算審核申報系統 - 第 114.02 1140508
2025/05/09-12:29:17 Verify.exe 檔案複製完成.
2025/05/09-12:29:20 Verify.exe 執行審核.  統一編號：50969546 不可允許錯誤之代碼：無  (完全正確)
2025/05/09-12:29:20 Verify.exe 執行審核.  統一編號：50969546 　可允許錯誤之代碼：0301  0313  0410  
2025/05/09-12:29:23 Verify.exe 執行AP版本檢查！
2025/05/09-12:29:23 Verify.exe try to get Version info from https://rtn.tax.nat.gov.tw/pia/servletpiaupdate?ver=114.02&verdate=1140508
2025/05/09-12:29:23 Verify.exe Got Version info :114.02
2025/05/09-12:29:23 Verify.exe 執行AP版本檢查結果：[114.02]
2025/05/09-12:29:31 Verify.exe 憑證種類: 1
2025/05/09-12:29:41 Verify.exe SSLFstUpLoadResultId: 0
2025/05/09-12:29:49 Verify.exe 申報成功報表製作成功！
2025/05/09-12:32:09 Verify.exe 系統結束.
2025/05/09-12:33:01 Pia.exe 使用者登入, 資料年度:113, 統一編號:93794342, 營利事業單位名稱:星達三投資股份有限公司
2025/05/09-12:33:01 Pia.exe 執行版次:  - 第 114.02 1140508
2025/05/09-12:41:16 Verify.exe 系統啟動.
2025/05/09-12:41:16 Verify.exe get parameter :LeadingSuccess_1140630_1140703_1_https://www.fia.gov.tw/WEB/fia/pia/113/1140411-%E9%9B%BB%E5%AD%90%E7%94%B3%E5%A0%B1%E4%BD%9C%E6%A5%AD%E8%A6%81%E9%BB%9E.pdf_5L6d6LKh5pS/6YOoMTE05bm0NOaciDE35pel5Y+w6LKh56iF5a2X56ysMTE0MDQ1NTU2NjDomZ/lhazlkYrvvIwxMTPlubTluqbnh5/liKnkuovmpa3miYDlvpfnqIXntZDnrpfnlLPloLHlj4rnubPntI3mnJ/plpPljp/ngroxMTTlubQ15pyIMeaXpeiHszXmnIgzMeaXpSjpgYflgYfml6XpoIblu7boh7M25pyIMuaXpSnvvIzlsZXlu7blvozmnJ/plpPngro15pyIMeaXpeiHszbmnIgzMOaXpeOAgg==_5L6d6LKh5pS/6YOoMTE05bm0NOaciDE35pel5Y+w6LKh56iF5a2X56ysMTE0MDQ1NTU2NjDomZ/lhazlkYrvvIwxMTTlubTluqbnh5/liKnkuovmpa3miYDlvpfnqIXmsbrnrpfnlLPloLHnubPntI3mnJ/plpPmiKrmraLml6XlnKgxMTTlubQ15pyIMeaXpeiHszXmnIgzMeaXpeacn+mWk++8jOWFtueUs+WgseWPiue5s+e0jeacn+mZkOWxleW7tjMw5pel6ICF77yM6KuL5L2/55So5aqS6auU5oiW5Lq65bel55Sz5aCx77yM6YCg5oiQ5LiN5L6/77yM5pWs6KuL6KaL6KuS77yB_5L6d6LKh5pS/6YOoMTE05bm0NOaciDE35pel5Y+w6LKh56iF5a2X56ysMTE0MDQ1NTU2NjDomZ/lhazlkYrvvIzmjqHnibnmrormnIPoqIjlubTluqbvvIjpgLHntZDliLbvvInntZDnrpfnlLPloLHnubPntI3mnJ/plpPmiKrmraLml6XlnKgxMTTlubQ15pyIMeaXpeiHszXmnIgzMeaXpeacn+mWk++8jOWFtueUs+WgseWPiue5s+e0jeacn+mZkOWxleW7tjMw5pel6ICF77yM6KuL5L2/55So5aqS6auU5oiW5Lq65bel55Sz5aCx77yM6YCg5oiQ5LiN5L6/77yM5pWs6KuL6KaL6KuS77yB
2025/05/09-12:41:24 Verify.exe 執行版次: 營利事業所得稅電子結( 決)算審核申報系統 - 第 114.02 1140508
2025/05/09-12:57:56 Verify.exe 系統結束.
2025/05/09-13:01:03 Pia.exe 系統結束.
2025/05/09-13:34:09 PIA.exe 系統啟動.
2025/05/09-13:34:10 PIA.exe 系統結束.
2025/05/09-13:34:14 Pia.exe 系統啟動.
2025/05/09-13:34:20 Pia.exe 使用者登入, 資料年度:113, 統一編號:93794342, 營利事業單位名稱:星達三投資股份有限公司
2025/05/09-13:34:20 Pia.exe 執行版次:  - 第 114.02 1140508
2025/05/09-14:07:14 Verify.exe 系統啟動.
2025/05/09-14:07:14 Verify.exe get parameter :LeadingSuccess_1140630_1140703_1_https://www.fia.gov.tw/WEB/fia/pia/113/1140411-%E9%9B%BB%E5%AD%90%E7%94%B3%E5%A0%B1%E4%BD%9C%E6%A5%AD%E8%A6%81%E9%BB%9E.pdf_5L6d6LKh5pS/6YOoMTE05bm0NOaciDE35pel5Y+w6LKh56iF5a2X56ysMTE0MDQ1NTU2NjDomZ/lhazlkYrvvIwxMTPlubTluqbnh5/liKnkuovmpa3miYDlvpfnqIXntZDnrpfnlLPloLHlj4rnubPntI3mnJ/plpPljp/ngroxMTTlubQ15pyIMeaXpeiHszXmnIgzMeaXpSjpgYflgYfml6XpoIblu7boh7M25pyIMuaXpSnvvIzlsZXlu7blvozmnJ/plpPngro15pyIMeaXpeiHszbmnIgzMOaXpeOAgg==_5L6d6LKh5pS/6YOoMTE05bm0NOaciDE35pel5Y+w6LKh56iF5a2X56ysMTE0MDQ1NTU2NjDomZ/lhazlkYrvvIwxMTTlubTluqbnh5/liKnkuovmpa3miYDlvpfnqIXmsbrnrpfnlLPloLHnubPntI3mnJ/plpPmiKrmraLml6XlnKgxMTTlubQ15pyIMeaXpeiHszXmnIgzMeaXpeacn+mWk++8jOWFtueUs+WgseWPiue5s+e0jeacn+mZkOWxleW7tjMw5pel6ICF77yM6KuL5L2/55So5aqS6auU5oiW5Lq65bel55Sz5aCx77yM6YCg5oiQ5LiN5L6/77yM5pWs6KuL6KaL6KuS77yB_5L6d6LKh5pS/6YOoMTE05bm0NOaciDE35pel5Y+w6LKh56iF5a2X56ysMTE0MDQ1NTU2NjDomZ/lhazlkYrvvIzmjqHnibnmrormnIPoqIjlubTluqbvvIjpgLHntZDliLbvvInntZDnrpfnlLPloLHnubPntI3mnJ/plpPmiKrmraLml6XlnKgxMTTlubQ15pyIMeaXpeiHszXmnIgzMeaXpeacn+mWk++8jOWFtueUs+WgseWPiue5s+e0jeacn+mZkOWxleW7tjMw5pel6ICF77yM6KuL5L2/55So5aqS6auU5oiW5Lq65bel55Sz5aCx77yM6YCg5oiQ5LiN5L6/77yM5pWs6KuL6KaL6KuS77yB
2025/05/09-14:07:20 Verify.exe 執行版次: 營利事業所得稅電子結( 決)算審核申報系統 - 第 114.02 1140508
2025/05/09-14:07:25 Verify.exe 檔案複製完成.
2026/05/14-16:28:47 Verify.exe 系統啟動.
2026/05/14-16:28:47 Verify.exe get parameter :LeadingSuccess_1150601_1150604_1_https://law-out.mof.gov.tw/LawContent.aspx?id=GL009509___
2026/05/14-16:28:49 Verify.exe 執行版次: 營利事業所得稅電子結( 決)算審核申報系統 - 第 115.02 1150512
2026/05/14-16:29:08 Verify.exe 檔案複製完成.
2026/05/14-16:29:17 Verify.exe 執行審核.  統一編號：93682058 不可允許錯誤之代碼：無  (完全正確)
2026/05/14-16:29:17 Verify.exe 執行審核.  統一編號：93682058 　可允許錯誤之代碼：0301  0313  0410  
2026/05/14-16:29:21 Verify.exe 執行AP版本檢查！
2026/05/14-16:29:22 Verify.exe try to get Version info from https://rtn.tax.nat.gov.tw/pia/servletpiaupdate?ver=115.02&verdate=1150512
2026/05/14-16:29:22 Verify.exe Got Version info :115.02
2026/05/14-16:29:22 Verify.exe 執行AP版本檢查結果：[115.02]
2026/05/14-16:29:29 Verify.exe 憑證種類: 1
2026/05/14-16:30:40 Verify.exe SSLFstUpLoadResultId: 0
2026/05/14-16:30:49 Verify.exe 申報成功報表製作成功！
2026/05/14-16:31:06 Verify.exe 系統結束.
2026/05/14-16:31:10 Pia.exe 系統結束.
